#
# A fatal error has been detected by the Java Runtime Environment:
#
#  SIGSEGV (0xb) at pc=0x00007fff3041e7c7, pid=30975, tid=775
#
# JRE version: Java(TM) SE Runtime Environment (8.0_77-b03) (build 1.8.0_77-b03)
# Java VM: Java HotSpot(TM) 64-Bit Server VM (25.77-b03 mixed mode bsd-amd64 compressed oops)
# Problematic frame:
# C  [HIToolbox+0x257c7]  _ZN13HIMenuBarView15MeasureAppMenusEv+0xcf
#
# Failed to write core dump. Core dumps have been disabled. To enable core dumping, try "ulimit -c unlimited" before starting Java again
#
# If you would like to submit a bug report, please visit:
#   http://bugreport.java.com/bugreport/crash.jsp
#

---------------  T H R E A D  ---------------

Current thread is native thread

siginfo: si_signo: 11 (SIGSEGV), si_code: 1 (SEGV_MAPERR), si_addr: 0x0000000000000008

Registers:
RAX=0x0000000000000000, RBX=0x0000000000000002, RCX=0x00007fd17d131a20, RDX=0x0000000000000000
RSP=0x00007ffee6824610, RBP=0x00007ffee6824640, RSI=0x00007fd17d131150, RDI=0x00007ffee6824530
R8 =0x0000000000000008, R9 =0x00007ffee6824530, R10=0x00007ffee6824530, R11=0x0000002d696f33e0
R12=0x00007fd17d131a20, R13=0x0000000000000000, R14=0x0000000000000000, R15=0x00007fd177731a80
RIP=0x00007fff3041e7c7, EFLAGS=0x0000000000010202, ERR=0x0000000000000004
  TRAPNO=0x000000000000000e

Top of Stack: (sp=0x00007ffee6824610)
0x00007ffee6824610:   0000000000000003 42e60000428c0000
0x00007ffee6824620:   00007ffee6824601 00007fd177731a80
0x00007ffee6824630:   0000000000000000 0000000000000060
0x00007ffee6824640:   00007ffee68246b0 00007fff3041e367
0x00007ffee6824650:   00007ffee6824670 44b4000000000000
0x00007ffee6824660:   0000000000000000 0000000000000000
0x00007ffee6824670:   00007ffee6824690 0000000000000000
0x00007ffee6824680:   00007fff891cfa60 00007fd177731a80
0x00007ffee6824690:   00007fd177731a80 0000000000000000
0x00007ffee68246a0:   0000000000000000 0000000000000000
0x00007ffee68246b0:   00007ffee6824810 00007fff3041dc77
0x00007ffee68246c0:   e21b572a35e5006d 00007fd17772b2f0
0x00007ffee68246d0:   00000000000a5d3b 00007fd17772b320
0x00007ffee68246e0:   00007ffee6824710 00007fff609f7aba
0x00007ffee68246f0:   0000000000000000 00007fd17752f9a0
0x00007ffee6824700:   00000000000a5d3b 00007fff68af8585
0x00007ffee6824710:   00007ffee6824760 00007fff609f79d6
0x00007ffee6824720:   0000000000000000 000a5d3b7752f9a0
0x00007ffee6824730:   00000000000a5d3b 00007fff68af8585
0x00007ffee6824740:   e21b572a35e5006d 00007fff6b938170
0x00007ffee6824750:   0000000000000000 00007ffee6824830
0x00007ffee6824760:   00007ffee68247a0 00007fff609f7f4c
0x00007ffee6824770:   0000000000000000 00007fd179173f10
0x00007ffee6824780:   00007fd177731a80 00000000000a5d3b
0x00007ffee6824790:   0000000000000000 00007ffee6824830
0x00007ffee68247a0:   00007ffee6824800 00007fff60a0399e
0x00007ffee68247b0:   0000000000000000 0003000200000000
0x00007ffee68247c0:   aaaaaaaa00130000 0000000000006017
0x00007ffee68247d0:   0000733d00002903 00007fd17773a4c0
0x00007ffee68247e0:   00007fd177731a80 0000000000000008
0x00007ffee68247f0:   00007fd177731a80 00007fd17773a4c0
0x00007ffee6824800:   0000000000000001 00007ffee68248c0 

Instructions: (pc=0x00007fff3041e7c7)
0x00007fff3041e7a7:   c4 31 db f3 0f 10 45 dc 49 8b 87 58 02 00 00 f3
0x00007fff3041e7b7:   0f 11 45 dc f3 0f 11 04 98 49 8b 87 78 02 00 00
0x00007fff3041e7c7:   48 8b 48 08 4c 89 ff 4c 89 e6 ba 01 00 00 00 41
0x00007fff3041e7d7:   89 d8 e8 c8 00 00 00 f3 0f 11 45 d8 4c 89 e7 e8 

Register to memory mapping:

RAX=0x0000000000000000 is an unknown value
RBX=0x0000000000000002 is an unknown value
RCX=0x00007fd17d131a20 is an unknown value
RDX=0x0000000000000000 is an unknown value
RSP=0x00007ffee6824610 is an unknown value
RBP=0x00007ffee6824640 is an unknown value
RSI=0x00007fd17d131150 is an unknown value
RDI=0x00007ffee6824530 is an unknown value
R8 =0x0000000000000008 is an unknown value
R9 =0x00007ffee6824530 is an unknown value
R10=0x00007ffee6824530 is an unknown value
R11=0x0000002d696f33e0 is an unknown value
R12=0x00007fd17d131a20 is an unknown value
R13=0x0000000000000000 is an unknown value
R14=0x0000000000000000 is an unknown value
R15=0x00007fd177731a80 is an unknown value


Stack: [0x00007ffee6028000,0x00007ffee6828000],  sp=0x00007ffee6824610,  free space=8177k
Native frames: (J=compiled Java code, j=interpreted, Vv=VM code, C=native code)
C  [HIToolbox+0x257c7]  _ZN13HIMenuBarView15MeasureAppMenusEv+0xcf
C  [HIToolbox+0x25367]  _ZN13HIMenuBarView15EnsureBarLayoutEv+0x1a3
C  [HIToolbox+0x24c77]  _ZN13HIMenuBarView8DrawOnceE6CGRectS0_bbP9CGContext+0x243
C  [HIToolbox+0x2494e]  _ZN13HIMenuBarView8DrawSelfEsPK9__HIShapeP9CGContext+0x23a
C  [HIToolbox+0x243b6]  _ZN13HIMenuBarView24DrawWithoutCustomizationEsPK9__HIShapeP9CGContext+0x52
C  [HIToolbox+0x2434e]  _ZN13HIMenuBarView22DrawingDelegateHandlerEP25OpaqueEventHandlerCallRefP14OpaqueEventRefPv+0x102
C  [HIToolbox+0x88ff]  _ZL23DispatchEventToHandlersP14EventTargetRecP14OpaqueEventRefP14HandlerCallRec+0x4e6
C  [HIToolbox+0x7d8d]  _ZL30SendEventToEventTargetInternalP14OpaqueEventRefP20OpaqueEventTargetRefP14HandlerCallRec+0x149
C  [HIToolbox+0x7c3d]  SendEventToEventTargetWithOptions+0x2d
C  [HIToolbox+0x23ecd]  _ZN6HIView8SendDrawEsP13OpaqueGrafPtrPK9__HIShapeP9CGContext+0x145
C  [HIToolbox+0x23967]  _ZN6HIView23RecursiveDrawCompositedEPK9__HIShapeS2_jPS_P9CGContexthd+0x23f
C  [HIToolbox+0x23b61]  _ZN6HIView23RecursiveDrawCompositedEPK9__HIShapeS2_jPS_P9CGContexthd+0x439
C  [HIToolbox+0x23399]  _ZN6HIView14DrawCompositedEsP13OpaqueGrafPtrPK9__HIShapejPS_P9CGContext+0x32f
C  [HIToolbox+0x2305b]  _ZN6HIView6RenderEjP9CGContext+0x33
C  [HIToolbox+0x3af2b]  _ZL17FlushWindowObjectP10WindowDataPPvh+0x2ed
C  [HIToolbox+0x3a96b]  _ZL15FlushAllBuffersP19__CFRunLoopObservermPv+0x132
C  [CoreFoundation+0x833c5]  __CFRUNLOOP_IS_CALLING_OUT_TO_AN_OBSERVER_CALLBACK_FUNCTION__+0x17
C  [CoreFoundation+0x832f7]  __CFRunLoopDoObservers+0x1c9
C  [CoreFoundation+0x829bc]  __CFRunLoopRun+0x491
C  [CoreFoundation+0x81ece]  CFRunLoopRunSpecific+0x1ce
C  [java+0x6463]  CreateExecutionEnvironment+0x367
C  [java+0x21ac]  JLI_Launch+0x7a0
C  [java+0x84c0]  main+0x65
C  [java+0x1a04]  start+0x34


---------------  P R O C E S S  ---------------

VM state:not at safepoint (normal execution)

VM Mutex/Monitor currently owned by a thread: None

Heap:
 PSYoungGen      total 76288K, used 7864K [0x000000076ab00000, 0x0000000770000000, 0x00000007c0000000)
  eden space 65536K, 12% used [0x000000076ab00000,0x000000076b2ae3a8,0x000000076eb00000)
  from space 10752K, 0% used [0x000000076f580000,0x000000076f580000,0x0000000770000000)
  to   space 10752K, 0% used [0x000000076eb00000,0x000000076eb00000,0x000000076f580000)
 ParOldGen       total 175104K, used 0K [0x00000006c0000000, 0x00000006cab00000, 0x000000076ab00000)
  object space 175104K, 0% used [0x00000006c0000000,0x00000006c0000000,0x00000006cab00000)
 Metaspace       used 5742K, capacity 5990K, committed 6144K, reserved 1056768K
  class space    used 603K, capacity 707K, committed 768K, reserved 1048576K

Card table byte_map: [0x000000011a9c0000,0x000000011b1c1000] byte_map_base: 0x00000001173c0000

Marking Bits: (ParMarkBitMap*) 0x0000000109ceaea0
 Begin Bits: [0x000000011b717000, 0x000000011f717000)
 End Bits:   [0x000000011f717000, 0x0000000123717000)

Polling page: 0x000000010a3d9000

CodeCache: size=245760Kb used=2075Kb max_used=2075Kb free=243684Kb
 bounds [0x000000010b600000, 0x000000010b870000, 0x000000011a600000]
 total_blobs=1177 nmethods=398 adapters=693
 compilation: enabled

Compilation events (10 events):
Event: 0.302 Thread 0x00007fd17a835800  392       3       java.lang.String::concat (47 bytes)
Event: 0.302 Thread 0x00007fd17a835800 nmethod 392 0x000000010b805450 code [0x000000010b805620, 0x000000010b805dd8]
Event: 0.302 Thread 0x00007fd17a835800  393       3       java.lang.String::getChars (16 bytes)
Event: 0.303 Thread 0x00007fd17a835800 nmethod 393 0x000000010b802910 code [0x000000010b802a80, 0x000000010b802c88]
Event: 0.304 Thread 0x00007fd17a835800  396       1       java.util.Formatter$Flags::valueOf (5 bytes)
Event: 0.304 Thread 0x00007fd17a835800 nmethod 396 0x000000010b806950 code [0x000000010b806aa0, 0x000000010b806bb0]
Event: 0.311 Thread 0x00007fd17a835800  397       3       java.nio.Bits::byteOrder (20 bytes)
Event: 0.311 Thread 0x00007fd17a835800 nmethod 397 0x000000010b806c10 code [0x000000010b806d80, 0x000000010b806ed0]
Event: 0.311 Thread 0x00007fd17a835800  398       3       java.nio.DirectByteBuffer::ix (10 bytes)
Event: 0.311 Thread 0x00007fd17a835800 nmethod 398 0x000000010b806f50 code [0x000000010b8070a0, 0x000000010b8071f0]

GC Heap History (0 events):
No events

Deoptimization events (0 events):
No events

Internal exceptions (10 events):
Event: 0.130 Thread 0x00007fd17980a000 Exception <a 'java/lang/NoSuchMethodError': java.lang.Object.lambda$static$0(Ljava/lang/String;)Ljava/lang/Boolean;> (0x000000076adb6e10) thrown at [/Users/java_re/workspace/8-2-build-macosx-x86_64/jdk8u77/6540/hotspot/src/share/vm/interpreter/linkResolve
Event: 0.141 Thread 0x00007fd17980a000 Exception <a 'java/lang/NoSuchFieldError': method resolution failed> (0x000000076ae2ec08) thrown at [/Users/java_re/workspace/8-2-build-macosx-x86_64/jdk8u77/6540/hotspot/src/share/vm/prims/methodHandles.cpp, line 1146]
Event: 0.143 Thread 0x00007fd17980a000 Exception <a 'java/lang/NoSuchFieldError': method resolution failed> (0x000000076ae3c008) thrown at [/Users/java_re/workspace/8-2-build-macosx-x86_64/jdk8u77/6540/hotspot/src/share/vm/prims/methodHandles.cpp, line 1146]
Event: 0.191 Thread 0x00007fd17980a000 Exception <a 'java/security/PrivilegedActionException'> (0x000000076afe7650) thrown at [/Users/java_re/workspace/8-2-build-macosx-x86_64/jdk8u77/6540/hotspot/src/share/vm/prims/jvm.cpp, line 1386]
Event: 0.191 Thread 0x00007fd17980a000 Exception <a 'java/security/PrivilegedActionException'> (0x000000076afe7860) thrown at [/Users/java_re/workspace/8-2-build-macosx-x86_64/jdk8u77/6540/hotspot/src/share/vm/prims/jvm.cpp, line 1386]
Event: 0.191 Thread 0x00007fd17980a000 Exception <a 'java/security/PrivilegedActionException'> (0x000000076afeab00) thrown at [/Users/java_re/workspace/8-2-build-macosx-x86_64/jdk8u77/6540/hotspot/src/share/vm/prims/jvm.cpp, line 1386]
Event: 0.191 Thread 0x00007fd17980a000 Exception <a 'java/security/PrivilegedActionException'> (0x000000076afead10) thrown at [/Users/java_re/workspace/8-2-build-macosx-x86_64/jdk8u77/6540/hotspot/src/share/vm/prims/jvm.cpp, line 1386]
Event: 0.205 Thread 0x00007fd17980a000 Exception <a 'sun/nio/fs/UnixException'> (0x000000076b017d48) thrown at [/Users/java_re/workspace/8-2-build-macosx-x86_64/jdk8u77/6540/hotspot/src/share/vm/prims/jni.cpp, line 709]
Event: 0.225 Thread 0x00007fd17980a000 Exception <a 'sun/nio/fs/UnixException'> (0x000000076b0f0020) thrown at [/Users/java_re/workspace/8-2-build-macosx-x86_64/jdk8u77/6540/hotspot/src/share/vm/prims/jni.cpp, line 709]
Event: 0.304 Thread 0x00007fd17980a000 Exception <a 'sun/nio/fs/UnixException'> (0x000000076b19ea28) thrown at [/Users/java_re/workspace/8-2-build-macosx-x86_64/jdk8u77/6540/hotspot/src/share/vm/prims/jni.cpp, line 709]

Events (10 events):
Event: 0.302 loading class org/lwjgl/glfw/EventLoop
Event: 0.302 loading class org/lwjgl/glfw/EventLoop done
Event: 0.302 loading class org/lwjgl/system/macosx/ObjCRuntime
Event: 0.302 loading class org/lwjgl/system/macosx/ObjCRuntime done
Event: 0.304 loading class org/lwjgl/system/dyncall/DynLoad
Event: 0.304 loading class org/lwjgl/system/dyncall/DynLoad done
Event: 0.310 loading class org/lwjgl/system/macosx/ObjCRuntime$Functions
Event: 0.310 loading class org/lwjgl/system/macosx/ObjCRuntime$Functions done
Event: 0.312 loading class org/lwjgl/system/macosx/CoreFoundation
Event: 0.312 loading class org/lwjgl/system/macosx/CoreFoundation done


Dynamic libraries:
0x00000000046ad000 	/System/Library/Frameworks/Cocoa.framework/Versions/A/Cocoa
0x00000000046ad000 	/System/Library/Frameworks/Security.framework/Versions/A/Security
0x00000000046ad000 	/System/Library/Frameworks/ApplicationServices.framework/Versions/A/ApplicationServices
0x00000000046ad000 	/usr/lib/libz.1.dylib
0x00000000046ad000 	/usr/lib/libSystem.B.dylib
0x00000000046ad000 	/usr/lib/libobjc.A.dylib
0x00000000046ad000 	/System/Library/Frameworks/CoreFoundation.framework/Versions/A/CoreFoundation
0x00000000046ad000 	/System/Library/Frameworks/Foundation.framework/Versions/C/Foundation
0x00000000046ad000 	/System/Library/Frameworks/AppKit.framework/Versions/C/AppKit
0x00000000046ad000 	/System/Library/Frameworks/CoreData.framework/Versions/A/CoreData
0x00000000046ad000 	/System/Library/PrivateFrameworks/UIFoundation.framework/Versions/A/UIFoundation
0x00000000046ad000 	/System/Library/PrivateFrameworks/RemoteViewServices.framework/Versions/A/RemoteViewServices
0x00000000046ad000 	/System/Library/PrivateFrameworks/XCTTargetBootstrap.framework/Versions/A/XCTTargetBootstrap
0x00000000046ad000 	/System/Library/Frameworks/CoreDisplay.framework/Versions/A/CoreDisplay
0x00000000046ad000 	/System/Library/Frameworks/Metal.framework/Versions/A/Metal
0x00000000046ad000 	/System/Library/PrivateFrameworks/DesktopServicesPriv.framework/Versions/A/DesktopServicesPriv
0x00000000046ad000 	/usr/lib/liblangid.dylib
0x00000000046ad000 	/System/Library/PrivateFrameworks/CoreSVG.framework/Versions/A/CoreSVG
0x00000000046ad000 	/System/Library/PrivateFrameworks/SkyLight.framework/Versions/A/SkyLight
0x00000000046ad000 	/System/Library/Frameworks/CoreGraphics.framework/Versions/A/CoreGraphics
0x00000000046ad000 	/System/Library/Frameworks/Accelerate.framework/Versions/A/Accelerate
0x00000000046ad000 	/usr/lib/libxml2.2.dylib
0x00000000046ad000 	/System/Library/PrivateFrameworks/IconServices.framework/Versions/A/IconServices
0x00000000046ad000 	/System/Library/Frameworks/IOSurface.framework/Versions/A/IOSurface
0x00000000046ad000 	/usr/lib/libDiagnosticMessagesClient.dylib
0x00000000046ad000 	/System/Library/PrivateFrameworks/DFRFoundation.framework/Versions/A/DFRFoundation
0x00000000046ad000 	/usr/lib/libicucore.A.dylib
0x00000000046ad000 	/System/Library/Frameworks/AudioToolbox.framework/Versions/A/AudioToolbox
0x00000000046ad000 	/System/Library/Frameworks/AudioUnit.framework/Versions/A/AudioUnit
0x00000000046ad000 	/usr/lib/libauto.dylib
0x00000000046ad000 	/System/Library/PrivateFrameworks/DataDetectorsCore.framework/Versions/A/DataDetectorsCore
0x00000000046ad000 	/System/Library/Frameworks/Carbon.framework/Versions/A/Frameworks/HIToolbox.framework/Versions/A/HIToolbox
0x00000000046ad000 	/System/Library/Frameworks/QuartzCore.framework/Versions/A/QuartzCore
0x00000000046ad000 	/System/Library/Frameworks/Carbon.framework/Versions/A/Frameworks/SpeechRecognition.framework/Versions/A/SpeechRecognition
0x00000000046ad000 	/System/Library/PrivateFrameworks/CoreUI.framework/Versions/A/CoreUI
0x00000000046ad000 	/System/Library/Frameworks/CoreAudio.framework/Versions/A/CoreAudio
0x00000000046ad000 	/System/Library/Frameworks/DiskArbitration.framework/Versions/A/DiskArbitration
0x00000000046ad000 	/System/Library/PrivateFrameworks/MultitouchSupport.framework/Versions/A/MultitouchSupport
0x00000000046ad000 	/usr/lib/libenergytrace.dylib
0x00000000046ad000 	/System/Library/Frameworks/IOKit.framework/Versions/A/IOKit
0x00000000046ad000 	/System/Library/Frameworks/CoreServices.framework/Versions/A/CoreServices
0x00000000046ad000 	/System/Library/PrivateFrameworks/PerformanceAnalysis.framework/Versions/A/PerformanceAnalysis
0x00000000046ad000 	/System/Library/Frameworks/OpenGL.framework/Versions/A/OpenGL
0x00000000046ad000 	/System/Library/Frameworks/ColorSync.framework/Versions/A/ColorSync
0x00000000046ad000 	/System/Library/Frameworks/CoreImage.framework/Versions/A/CoreImage
0x00000000046ad000 	/System/Library/Frameworks/CoreText.framework/Versions/A/CoreText
0x00000000046ad000 	/System/Library/Frameworks/ImageIO.framework/Versions/A/ImageIO
0x00000000046ad000 	/usr/lib/libc++.1.dylib
0x00000000046ad000 	/usr/lib/libcompression.dylib
0x00000000046ad000 	/usr/lib/libMobileGestalt.dylib
0x00000000046ad000 	/System/Library/PrivateFrameworks/TextureIO.framework/Versions/A/TextureIO
0x00000000046ad000 	/usr/lib/libate.dylib
0x00000000046ad000 	/System/Library/PrivateFrameworks/InternationalSupport.framework/Versions/A/InternationalSupport
0x00000000046ad000 	/usr/lib/system/libcache.dylib
0x00000000046ad000 	/usr/lib/system/libcommonCrypto.dylib
0x00000000046ad000 	/usr/lib/system/libcompiler_rt.dylib
0x00000000046ad000 	/usr/lib/system/libcopyfile.dylib
0x00000000046ad000 	/usr/lib/system/libcorecrypto.dylib
0x00000000046ad000 	/usr/lib/system/libdispatch.dylib
0x00000000046ad000 	/usr/lib/system/libdyld.dylib
0x00000000046ad000 	/usr/lib/system/libkeymgr.dylib
0x00000000046ad000 	/usr/lib/system/liblaunch.dylib
0x00000000046ad000 	/usr/lib/system/libmacho.dylib
0x00000000046ad000 	/usr/lib/system/libquarantine.dylib
0x00000000046ad000 	/usr/lib/system/libremovefile.dylib
0x00000000046ad000 	/usr/lib/system/libsystem_asl.dylib
0x00000000046ad000 	/usr/lib/system/libsystem_blocks.dylib
0x00000000046ad000 	/usr/lib/system/libsystem_c.dylib
0x00000000046ad000 	/usr/lib/system/libsystem_configuration.dylib
0x00000000046ad000 	/usr/lib/system/libsystem_coreservices.dylib
0x00000000046ad000 	/usr/lib/system/libsystem_darwin.dylib
0x00000000046ad000 	/usr/lib/system/libsystem_dnssd.dylib
0x00000000046ad000 	/usr/lib/system/libsystem_featureflags.dylib
0x00000000046ad000 	/usr/lib/system/libsystem_info.dylib
0x00000000046ad000 	/usr/lib/system/libsystem_m.dylib
0x00000000046ad000 	/usr/lib/system/libsystem_malloc.dylib
0x00000000046ad000 	/usr/lib/system/libsystem_networkextension.dylib
0x00000000046ad000 	/usr/lib/system/libsystem_notify.dylib
0x00000000046ad000 	/usr/lib/system/libsystem_sandbox.dylib
0x00000000046ad000 	/usr/lib/system/libsystem_secinit.dylib
0x00000000046ad000 	/usr/lib/system/libsystem_kernel.dylib
0x00000000046ad000 	/usr/lib/system/libsystem_platform.dylib
0x00000000046ad000 	/usr/lib/system/libsystem_pthread.dylib
0x00000000046ad000 	/usr/lib/system/libsystem_symptoms.dylib
0x00000000046ad000 	/usr/lib/system/libsystem_trace.dylib
0x00000000046ad000 	/usr/lib/system/libunwind.dylib
0x00000000046ad000 	/usr/lib/system/libxpc.dylib
0x00000000046ad000 	/usr/lib/libc++abi.dylib
0x00000000046ad000 	/usr/lib/liblzma.5.dylib
0x00000000046ad000 	/usr/lib/libfakelink.dylib
0x00000000046ad000 	/usr/lib/libarchive.2.dylib
0x00000000046ad000 	/System/Library/Frameworks/SystemConfiguration.framework/Versions/A/SystemConfiguration
0x00000000046ad000 	/usr/lib/libCRFSuite.dylib
0x00000000046ad000 	/System/Library/Frameworks/CFNetwork.framework/Versions/A/CFNetwork
0x00000000046ad000 	/usr/lib/libbsm.0.dylib
0x00000000046ad000 	/usr/lib/system/libkxld.dylib
0x00000000046ad000 	/System/Library/PrivateFrameworks/AppleFSCompression.framework/Versions/A/AppleFSCompression
0x00000000046ad000 	/usr/lib/libcoretls.dylib
0x00000000046ad000 	/usr/lib/libcoretls_cfhelpers.dylib
0x00000000046ad000 	/usr/lib/libpam.2.dylib
0x00000000046ad000 	/usr/lib/libsqlite3.dylib
0x00000000046ad000 	/usr/lib/libxar.1.dylib
0x00000000046ad000 	/usr/lib/libbz2.1.0.dylib
0x00000000046ad000 	/usr/lib/libiconv.2.dylib
0x00000000046ad000 	/usr/lib/libcharset.1.dylib
0x00000000046ad000 	/usr/lib/libnetwork.dylib
0x00000000046ad000 	/usr/lib/libpcap.A.dylib
0x00000000046ad000 	/usr/lib/libapple_nghttp2.dylib
0x00000000046ad000 	/System/Library/Frameworks/CoreServices.framework/Versions/A/Frameworks/FSEvents.framework/Versions/A/FSEvents
0x00000000046ad000 	/System/Library/Frameworks/CoreServices.framework/Versions/A/Frameworks/CarbonCore.framework/Versions/A/CarbonCore
0x00000000046ad000 	/System/Library/Frameworks/CoreServices.framework/Versions/A/Frameworks/Metadata.framework/Versions/A/Metadata
0x00000000046ad000 	/System/Library/Frameworks/CoreServices.framework/Versions/A/Frameworks/OSServices.framework/Versions/A/OSServices
0x00000000046ad000 	/System/Library/Frameworks/CoreServices.framework/Versions/A/Frameworks/SearchKit.framework/Versions/A/SearchKit
0x00000000046ad000 	/System/Library/Frameworks/CoreServices.framework/Versions/A/Frameworks/AE.framework/Versions/A/AE
0x00000000046ad000 	/System/Library/Frameworks/CoreServices.framework/Versions/A/Frameworks/LaunchServices.framework/Versions/A/LaunchServices
0x00000000046ad000 	/System/Library/Frameworks/CoreServices.framework/Versions/A/Frameworks/DictionaryServices.framework/Versions/A/DictionaryServices
0x00000000046ad000 	/System/Library/Frameworks/CoreServices.framework/Versions/A/Frameworks/SharedFileList.framework/Versions/A/SharedFileList
0x00000000046ad000 	/System/Library/Frameworks/NetFS.framework/Versions/A/NetFS
0x00000000046ad000 	/System/Library/PrivateFrameworks/NetAuth.framework/Versions/A/NetAuth
0x00000000046ad000 	/System/Library/PrivateFrameworks/login.framework/Versions/A/Frameworks/loginsupport.framework/Versions/A/loginsupport
0x00000000046ad000 	/System/Library/PrivateFrameworks/TCC.framework/Versions/A/TCC
0x00000000046ad000 	/System/Library/PrivateFrameworks/CoreNLP.framework/Versions/A/CoreNLP
0x00000000046ad000 	/System/Library/PrivateFrameworks/MetadataUtilities.framework/Versions/A/MetadataUtilities
0x00000000046ad000 	/usr/lib/libmecabra.dylib
0x00000000046ad000 	/usr/lib/libmecab.dylib
0x00000000046ad000 	/usr/lib/libgermantok.dylib
0x00000000046ad000 	/usr/lib/libThaiTokenizer.dylib
0x00000000046ad000 	/usr/lib/libChineseTokenizer.dylib
0x00000000046ad000 	/System/Library/Frameworks/Accelerate.framework/Versions/A/Frameworks/vImage.framework/Versions/A/vImage
0x00000000046ad000 	/System/Library/Frameworks/Accelerate.framework/Versions/A/Frameworks/vecLib.framework/Versions/A/vecLib
0x00000000046ad000 	/System/Library/Frameworks/Accelerate.framework/Versions/A/Frameworks/vecLib.framework/Versions/A/libvMisc.dylib
0x00000000046ad000 	/System/Library/Frameworks/Accelerate.framework/Versions/A/Frameworks/vecLib.framework/Versions/A/libvDSP.dylib
0x00000000046ad000 	/System/Library/Frameworks/Accelerate.framework/Versions/A/Frameworks/vecLib.framework/Versions/A/libBLAS.dylib
0x00000000046ad000 	/System/Library/Frameworks/Accelerate.framework/Versions/A/Frameworks/vecLib.framework/Versions/A/libLAPACK.dylib
0x00000000046ad000 	/System/Library/Frameworks/Accelerate.framework/Versions/A/Frameworks/vecLib.framework/Versions/A/libLinearAlgebra.dylib
0x00000000046ad000 	/System/Library/Frameworks/Accelerate.framework/Versions/A/Frameworks/vecLib.framework/Versions/A/libSparseBLAS.dylib
0x00000000046ad000 	/System/Library/Frameworks/Accelerate.framework/Versions/A/Frameworks/vecLib.framework/Versions/A/libQuadrature.dylib
0x00000000046ad000 	/System/Library/Frameworks/Accelerate.framework/Versions/A/Frameworks/vecLib.framework/Versions/A/libBNNS.dylib
0x00000000046ad000 	/System/Library/Frameworks/Accelerate.framework/Versions/A/Frameworks/vecLib.framework/Versions/A/libSparse.dylib
0x00000000046ad000 	/System/Library/PrivateFrameworks/LanguageModeling.framework/Versions/A/LanguageModeling
0x00000000046ad000 	/System/Library/PrivateFrameworks/CoreEmoji.framework/Versions/A/CoreEmoji
0x00000000046ad000 	/System/Library/PrivateFrameworks/LinguisticData.framework/Versions/A/LinguisticData
0x00000000046ad000 	/System/Library/PrivateFrameworks/Lexicon.framework/Versions/A/Lexicon
0x00000000046ad000 	/usr/lib/libcmph.dylib
0x00000000046ad000 	/System/Library/Frameworks/OpenDirectory.framework/Versions/A/Frameworks/CFOpenDirectory.framework/Versions/A/CFOpenDirectory
0x00000000046ad000 	/System/Library/Frameworks/OpenDirectory.framework/Versions/A/OpenDirectory
0x00000000046ad000 	/System/Library/PrivateFrameworks/APFS.framework/Versions/A/APFS
0x00000000046ad000 	/System/Library/Frameworks/SecurityFoundation.framework/Versions/A/SecurityFoundation
0x00000000046ad000 	/usr/lib/libutil.dylib
0x00000000046ad000 	/System/Library/PrivateFrameworks/CoreServicesStore.framework/Versions/A/CoreServicesStore
0x00000000046ad000 	/System/Library/Frameworks/ServiceManagement.framework/Versions/A/ServiceManagement
0x00000000046ad000 	/System/Library/PrivateFrameworks/BackgroundTaskManagement.framework/Versions/A/BackgroundTaskManagement
0x00000000046ad000 	/usr/lib/libxslt.1.dylib
0x00000000046ad000 	/System/Library/PrivateFrameworks/AppleSystemInfo.framework/Versions/A/AppleSystemInfo
0x00000000046ad000 	/System/Library/Frameworks/ImageIO.framework/Versions/A/Resources/libJPEG.dylib
0x00000000046ad000 	/System/Library/Frameworks/ImageIO.framework/Versions/A/Resources/libTIFF.dylib
0x00000000046ad000 	/System/Library/Frameworks/ImageIO.framework/Versions/A/Resources/libPng.dylib
0x00000000046ad000 	/System/Library/Frameworks/ImageIO.framework/Versions/A/Resources/libGIF.dylib
0x00000000046ad000 	/System/Library/Frameworks/ImageIO.framework/Versions/A/Resources/libJP2.dylib
0x00000000046ad000 	/System/Library/Frameworks/ImageIO.framework/Versions/A/Resources/libRadiance.dylib
0x00000000046ad000 	/usr/lib/libexpat.1.dylib
0x00000000046ad000 	/System/Library/PrivateFrameworks/AppleJPEG.framework/Versions/A/AppleJPEG
0x00000000046ad000 	/System/Library/PrivateFrameworks/FontServices.framework/libFontParser.dylib
0x00000000046ad000 	/System/Library/PrivateFrameworks/WatchdogClient.framework/Versions/A/WatchdogClient
0x00000000046ad000 	/System/Library/PrivateFrameworks/IOAccelerator.framework/Versions/A/IOAccelerator
0x00000000046ad000 	/System/Library/Frameworks/MetalPerformanceShaders.framework/Versions/A/MetalPerformanceShaders
0x00000000046ad000 	/System/Library/PrivateFrameworks/GPUWrangler.framework/Versions/A/GPUWrangler
0x00000000046ad000 	/System/Library/PrivateFrameworks/IOPresentment.framework/Versions/A/IOPresentment
0x00000000046ad000 	/System/Library/PrivateFrameworks/DSExternalDisplay.framework/Versions/A/DSExternalDisplay
0x00000000046ad000 	/System/Library/Frameworks/OpenGL.framework/Versions/A/Libraries/libCoreFSCache.dylib
0x00000000046ad000 	/System/Library/Frameworks/MetalPerformanceShaders.framework/Frameworks/MPSCore.framework/Versions/A/MPSCore
0x00000000046ad000 	/System/Library/Frameworks/MetalPerformanceShaders.framework/Frameworks/MPSImage.framework/Versions/A/MPSImage
0x00000000046ad000 	/System/Library/Frameworks/MetalPerformanceShaders.framework/Frameworks/MPSNeuralNetwork.framework/Versions/A/MPSNeuralNetwork
0x00000000046ad000 	/System/Library/Frameworks/MetalPerformanceShaders.framework/Frameworks/MPSMatrix.framework/Versions/A/MPSMatrix
0x00000000046ad000 	/System/Library/Frameworks/MetalPerformanceShaders.framework/Frameworks/MPSRayIntersector.framework/Versions/A/MPSRayIntersector
0x00000000046ad000 	/System/Library/Frameworks/MetalPerformanceShaders.framework/Frameworks/MPSNDArray.framework/Versions/A/MPSNDArray
0x00000000046ad000 	/System/Library/PrivateFrameworks/MetalTools.framework/Versions/A/MetalTools
0x00000000046ad000 	/System/Library/PrivateFrameworks/AggregateDictionary.framework/Versions/A/AggregateDictionary
0x00000000046ad000 	/System/Library/PrivateFrameworks/CoreAnalytics.framework/Versions/A/CoreAnalytics
0x00000000046ad000 	/System/Library/PrivateFrameworks/AppleSauce.framework/Versions/A/AppleSauce
0x00000000046ad000 	/usr/lib/libIOReport.dylib
0x00000000046ad000 	/System/Library/Frameworks/CoreVideo.framework/Versions/A/CoreVideo
0x00000000046ad000 	/System/Library/PrivateFrameworks/GraphVisualizer.framework/Versions/A/GraphVisualizer
0x00000000046ad000 	/System/Library/PrivateFrameworks/FaceCore.framework/Versions/A/FaceCore
0x00000000046ad000 	/System/Library/Frameworks/OpenCL.framework/Versions/A/OpenCL
0x00000000046ad000 	/usr/lib/libFosl_dynamic.dylib
0x00000000046ad000 	/System/Library/PrivateFrameworks/OTSVG.framework/Versions/A/OTSVG
0x00000000046ad000 	/System/Library/Frameworks/ApplicationServices.framework/Versions/A/Frameworks/ATS.framework/Versions/A/Resources/libFontRegistry.dylib
0x00000000046ad000 	/System/Library/PrivateFrameworks/FontServices.framework/libhvf.dylib
0x00000000046ad000 	/System/Library/Frameworks/OpenGL.framework/Versions/A/Libraries/libGFXShared.dylib
0x00000000046ad000 	/System/Library/Frameworks/OpenGL.framework/Versions/A/Libraries/libGLU.dylib
0x00000000046ad000 	/System/Library/Frameworks/OpenGL.framework/Versions/A/Libraries/libGL.dylib
0x00000000046ad000 	/System/Library/Frameworks/OpenGL.framework/Versions/A/Libraries/libGLImage.dylib
0x00000000046ad000 	/System/Library/Frameworks/OpenGL.framework/Versions/A/Libraries/libCVMSPluginSupport.dylib
0x00000000046ad000 	/System/Library/Frameworks/OpenGL.framework/Versions/A/Libraries/libCoreVMClient.dylib
0x00000000046ad000 	/usr/lib/libncurses.5.4.dylib
0x00000000046ad000 	/System/Library/Frameworks/ApplicationServices.framework/Versions/A/Frameworks/ATS.framework/Versions/A/ATS
0x00000000046ad000 	/System/Library/Frameworks/ApplicationServices.framework/Versions/A/Frameworks/ColorSyncLegacy.framework/Versions/A/ColorSyncLegacy
0x00000000046ad000 	/System/Library/Frameworks/ApplicationServices.framework/Versions/A/Frameworks/HIServices.framework/Versions/A/HIServices
0x00000000046ad000 	/System/Library/Frameworks/ApplicationServices.framework/Versions/A/Frameworks/LangAnalysis.framework/Versions/A/LangAnalysis
0x00000000046ad000 	/System/Library/Frameworks/ApplicationServices.framework/Versions/A/Frameworks/PrintCore.framework/Versions/A/PrintCore
0x00000000046ad000 	/System/Library/Frameworks/ApplicationServices.framework/Versions/A/Frameworks/QD.framework/Versions/A/QD
0x00000000046ad000 	/System/Library/Frameworks/ApplicationServices.framework/Versions/A/Frameworks/SpeechSynthesis.framework/Versions/A/SpeechSynthesis
0x00000000046ad000 	/System/Library/Frameworks/ApplicationServices.framework/Versions/A/Frameworks/ATSUI.framework/Versions/A/ATSUI
0x00000000046ad000 	/usr/lib/libcups.2.dylib
0x00000000046ad000 	/System/Library/Frameworks/Kerberos.framework/Versions/A/Kerberos
0x00000000046ad000 	/System/Library/Frameworks/GSS.framework/Versions/A/GSS
0x00000000046ad000 	/usr/lib/libresolv.9.dylib
0x00000000046ad000 	/System/Library/PrivateFrameworks/Heimdal.framework/Versions/A/Heimdal
0x00000000046ad000 	/System/Library/Frameworks/Kerberos.framework/Versions/A/Libraries/libHeimdalProxy.dylib
0x00000000046ad000 	/usr/lib/libheimdal-asn1.dylib
0x00000000046ad000 	/System/Library/PrivateFrameworks/CommonAuth.framework/Versions/A/CommonAuth
0x00000000046ad000 	/System/Library/PrivateFrameworks/AssertionServices.framework/Versions/A/AssertionServices
0x00000000046ad000 	/System/Library/PrivateFrameworks/AudioToolboxCore.framework/Versions/A/AudioToolboxCore
0x00000000046ad000 	/System/Library/PrivateFrameworks/caulk.framework/Versions/A/caulk
0x00000000046ad000 	/System/Library/PrivateFrameworks/BaseBoard.framework/Versions/A/BaseBoard
0x00000000046ad000 	/System/Library/PrivateFrameworks/RunningBoardServices.framework/Versions/A/RunningBoardServices
0x00000000046ad000 	/System/Library/PrivateFrameworks/PersistentConnection.framework/Versions/A/PersistentConnection
0x00000000046ad000 	/System/Library/PrivateFrameworks/ProtocolBuffer.framework/Versions/A/ProtocolBuffer
0x00000000046ad000 	/System/Library/PrivateFrameworks/CommonUtilities.framework/Versions/A/CommonUtilities
0x00000000046ad000 	/System/Library/PrivateFrameworks/Bom.framework/Versions/A/Bom
0x00000000046ad000 	/usr/lib/libAudioToolboxUtility.dylib
0x00000000046ad000 	/System/Library/PrivateFrameworks/Backup.framework/Versions/A/Backup
0x00000000046ad000 	/System/Library/PrivateFrameworks/CrashReporterSupport.framework/Versions/A/CrashReporterSupport
0x00000000046ad000 	/System/Library/PrivateFrameworks/Sharing.framework/Versions/A/Sharing
0x00000000046ad000 	/System/Library/PrivateFrameworks/Apple80211.framework/Versions/A/Apple80211
0x00000000046ad000 	/System/Library/PrivateFrameworks/AuthKit.framework/Versions/A/AuthKit
0x00000000046ad000 	/System/Library/PrivateFrameworks/CoreUtils.framework/Versions/A/CoreUtils
0x00000000046ad000 	/System/Library/Frameworks/CoreWLAN.framework/Versions/A/CoreWLAN
0x00000000046ad000 	/System/Library/Frameworks/IOBluetooth.framework/Versions/A/IOBluetooth
0x00000000046ad000 	/System/Library/PrivateFrameworks/MobileKeyBag.framework/Versions/A/MobileKeyBag
0x00000000046ad000 	/System/Library/PrivateFrameworks/CorePhoneNumbers.framework/Versions/A/CorePhoneNumbers
0x00000000046ad000 	/System/Library/PrivateFrameworks/AppleIDAuthSupport.framework/Versions/A/AppleIDAuthSupport
0x00000000046ad000 	/System/Library/Frameworks/Network.framework/Versions/A/Network
0x00000000046ad000 	/System/Library/PrivateFrameworks/KeychainCircle.framework/Versions/A/KeychainCircle
0x00000000046ad000 	/System/Library/Frameworks/CoreBluetooth.framework/Versions/A/CoreBluetooth
0x00000000046ad000 	/System/Library/PrivateFrameworks/SpeechRecognitionCore.framework/Versions/A/SpeechRecognitionCore
0x0000000109407000 	/Library/Java/JavaVirtualMachines/jdk1.8.0_77.jdk/Contents/Home/jre/lib/server/libjvm.dylib
0x00000000046ad000 	/usr/lib/libstdc++.6.dylib
0x000000010a396000 	/Library/Java/JavaVirtualMachines/jdk1.8.0_77.jdk/Contents/Home/jre/lib/libverify.dylib
0x000000010a3a4000 	/Library/Java/JavaVirtualMachines/jdk1.8.0_77.jdk/Contents/Home/jre/lib/libjava.dylib
0x000000010a423000 	/Library/Java/JavaVirtualMachines/jdk1.8.0_77.jdk/Contents/Home/jre/lib/libzip.dylib
0x00000000046ad000 	/System/Library/Frameworks/JavaVM.framework/Versions/A/Frameworks/JavaRuntimeSupport.framework/Versions/A/JavaRuntimeSupport
0x00000000046ad000 	/System/Library/Frameworks/JavaVM.framework/Versions/A/Frameworks/JavaNativeFoundation.framework/Versions/A/JavaNativeFoundation
0x00000000046ad000 	/System/Library/Frameworks/JavaVM.framework/Versions/A/JavaVM
0x00000000046ad000 	/System/Library/Frameworks/Carbon.framework/Versions/A/Carbon
0x00000000046ad000 	/System/Library/PrivateFrameworks/CoreSymbolication.framework/Versions/A/CoreSymbolication
0x00000000046ad000 	/System/Library/PrivateFrameworks/JavaLaunching.framework/Versions/A/JavaLaunching
0x00000000046ad000 	/System/Library/Frameworks/Carbon.framework/Versions/A/Frameworks/CommonPanels.framework/Versions/A/CommonPanels
0x00000000046ad000 	/System/Library/Frameworks/Carbon.framework/Versions/A/Frameworks/Help.framework/Versions/A/Help
0x00000000046ad000 	/System/Library/Frameworks/Carbon.framework/Versions/A/Frameworks/ImageCapture.framework/Versions/A/ImageCapture
0x00000000046ad000 	/System/Library/Frameworks/Carbon.framework/Versions/A/Frameworks/OpenScripting.framework/Versions/A/OpenScripting
0x00000000046ad000 	/System/Library/Frameworks/Carbon.framework/Versions/A/Frameworks/Ink.framework/Versions/A/Ink
0x00000000046ad000 	/System/Library/Frameworks/Carbon.framework/Versions/A/Frameworks/Print.framework/Versions/A/Print
0x00000000046ad000 	/System/Library/Frameworks/Carbon.framework/Versions/A/Frameworks/SecurityHI.framework/Versions/A/SecurityHI
0x00000000046ad000 	/System/Library/PrivateFrameworks/DebugSymbols.framework/Versions/A/DebugSymbols
0x000000010a5c4000 	/Library/Java/JavaVirtualMachines/jdk1.8.0_77.jdk/Contents/Home/jre/lib/libnio.dylib
0x000000010a5d4000 	/Library/Java/JavaVirtualMachines/jdk1.8.0_77.jdk/Contents/Home/jre/lib/libnet.dylib
0x000000012642f000 	/private/var/folders/86/2pbhcsk97l9_1plwt2nw_5y00000gn/T/lwjglBenjamin/3.2.3-build-13/liblwjgl.dylib
0x000000012646c000 	/private/var/folders/86/2pbhcsk97l9_1plwt2nw_5y00000gn/T/lwjglBenjamin/3.2.3-build-13/libglfw.dylib
0x00000000046ad000 	/System/Library/PrivateFrameworks/CoreServicesInternal.framework/Versions/A/CoreServicesInternal
0x00000000046ad000 	/System/Library/Frameworks/FileProvider.framework/Versions/A/FileProvider
0x00000000046ad000 	/System/Library/Frameworks/Accounts.framework/Versions/A/Accounts
0x00000000046ad000 	/System/Library/PrivateFrameworks/GenerationalStorage.framework/Versions/A/GenerationalStorage
0x00000000046ad000 	/System/Library/PrivateFrameworks/SymptomDiagnosticReporter.framework/Versions/A/SymptomDiagnosticReporter
0x00000000046ad000 	/System/Library/PrivateFrameworks/AppContainer.framework/Versions/A/AppContainer
0x00000000046ad000 	/usr/lib/libsandbox.1.dylib
0x00000000046ad000 	/System/Library/PrivateFrameworks/UserManagement.framework/Versions/A/UserManagement
0x00000000046ad000 	/System/Library/PrivateFrameworks/ChunkingLibrary.framework/Versions/A/ChunkingLibrary
0x00000000046ad000 	/System/Library/PrivateFrameworks/AppSandbox.framework/Versions/A/AppSandbox
0x00000000046ad000 	/System/Library/PrivateFrameworks/SecCodeWrapper.framework/Versions/A/SecCodeWrapper
0x00000000046ad000 	/usr/lib/libMatch.1.dylib
0x00000000046ad000 	/System/Library/Frameworks/Accelerate.framework/Versions/A/Frameworks/vImage.framework/Versions/A/Libraries/libCGInterfaces.dylib
0x00000000046ad000 	/System/Library/PrivateFrameworks/FontServices.framework/libTrueTypeScaler.dylib

VM Arguments:
jvm_args: -Dfile.encoding=UTF-8 
java_command: GameController.Main
java_class_path (initial): /Users/Benjamin/Documents/GitHub/GameDev/Game/target/classes:/Users/Benjamin/Documents/GitHub/GameDev/lwjgl-3.2.3/lwjgl/lwjgl-javadoc.jar:/Users/Benjamin/Documents/GitHub/GameDev/lwjgl-3.2.3/lwjgl/lwjgl-natives-macos.jar:/Users/Benjamin/Documents/GitHub/GameDev/lwjgl-3.2.3/lwjgl/lwjgl-sources.jar:/Users/Benjamin/Documents/GitHub/GameDev/lwjgl-3.2.3/lwjgl/lwjgl.jar:/Users/Benjamin/Documents/GitHub/GameDev/lwjgl-3.2.3/lwjgl-glfw/lwjgl-glfw-javadoc.jar:/Users/Benjamin/Documents/GitHub/GameDev/lwjgl-3.2.3/lwjgl-glfw/lwjgl-glfw-natives-macos.jar:/Users/Benjamin/Documents/GitHub/GameDev/lwjgl-3.2.3/lwjgl-glfw/lwjgl-glfw-sources.jar:/Users/Benjamin/Documents/GitHub/GameDev/lwjgl-3.2.3/lwjgl-glfw/lwjgl-glfw.jar:/Users/Benjamin/Documents/GitHub/GameDev/lwjgl-3.2.3/lwjgl-opengl/lwjgl-opengl-javadoc.jar:/Users/Benjamin/Documents/GitHub/GameDev/lwjgl-3.2.3/lwjgl-opengl/lwjgl-opengl-natives-macos.jar:/Users/Benjamin/Documents/GitHub/GameDev/lwjgl-3.2.3/lwjgl-opengl/lwjgl-opengl-sources.jar:/Users/Benjamin/Documents/GitHub/GameDev/lwjgl-3.2.3/lwjgl-opengl/lwjgl-opengl.jar:/Users/Benjamin/.m2/repository/org/joml/joml/1.9.25/joml-1.9.25.jar
Launcher Type: SUN_STANDARD

Environment Variables:
PATH=/usr/bin:/bin:/usr/sbin:/sbin
SHELL=/bin/bash
DISPLAY=/private/tmp/com.apple.launchd.2ugnFcPchh/org.macosforge.xquartz:0

Signal Handlers:
SIGSEGV: [libjvm.dylib+0x5a6855], sa_mask[0]=11111111011111110111111111111111, sa_flags=SA_ONSTACK|SA_RESTART|SA_SIGINFO
SIGBUS: [libjvm.dylib+0x5a6855], sa_mask[0]=11111111011111110111111111111111, sa_flags=SA_RESTART|SA_SIGINFO
SIGFPE: [libjvm.dylib+0x4804ec], sa_mask[0]=11111111011111110111111111111111, sa_flags=SA_RESTART|SA_SIGINFO
SIGPIPE: [libjvm.dylib+0x4804ec], sa_mask[0]=11111111011111110111111111111111, sa_flags=SA_RESTART|SA_SIGINFO
SIGXFSZ: [libjvm.dylib+0x4804ec], sa_mask[0]=11111111011111110111111111111111, sa_flags=SA_RESTART|SA_SIGINFO
SIGILL: [libjvm.dylib+0x4804ec], sa_mask[0]=11111111011111110111111111111111, sa_flags=SA_RESTART|SA_SIGINFO
SIGUSR1: SIG_DFL, sa_mask[0]=00000000000000000000000000000000, sa_flags=none
SIGUSR2: [libjvm.dylib+0x48000a], sa_mask[0]=00100000000000000000000000000000, sa_flags=SA_RESTART|SA_SIGINFO
SIGHUP: [libjvm.dylib+0x47e5e1], sa_mask[0]=11111111011111110111111111111111, sa_flags=SA_RESTART|SA_SIGINFO
SIGINT: [libjvm.dylib+0x47e5e1], sa_mask[0]=11111111011111110111111111111111, sa_flags=SA_RESTART|SA_SIGINFO
SIGTERM: [libjvm.dylib+0x47e5e1], sa_mask[0]=11111111011111110111111111111111, sa_flags=SA_RESTART|SA_SIGINFO
SIGQUIT: [libjvm.dylib+0x47e5e1], sa_mask[0]=11111111011111110111111111111111, sa_flags=SA_RESTART|SA_SIGINFO


---------------  S Y S T E M  ---------------

OS:Bsduname:Darwin 19.5.0 Darwin Kernel Version 19.5.0: Tue May 26 20:41:44 PDT 2020; root:xnu-6153.121.2~2/RELEASE_X86_64 x86_64
rlimit: STACK 8192k, CORE 0k, NPROC 2784, NOFILE 10240, AS infinity
load average:1.86 1.94 2.08

CPU:total 8 (4 cores per cpu, 2 threads per core) family 6 model 70 stepping 1, cmov, cx8, fxsr, mmx, sse, sse2, sse3, ssse3, sse4.1, sse4.2, popcnt, avx, avx2, aes, clmul, erms, lzcnt, ht, tsc, tscinvbit, bmi1, bmi2

Memory: 4k page, physical 16777216k(1835436k free)

/proc/meminfo:


vm_info: Java HotSpot(TM) 64-Bit Server VM (25.77-b03) for bsd-amd64 JRE (1.8.0_77-b03), built on Mar 20 2016 22:14:03 by "java_re" with gcc 4.2.1 (Based on Apple Inc. build 5658) (LLVM build 2336.11.00)

time: Thu Aug  6 19:14:01 2020
elapsed time: 0 seconds (0d 0h 0m 0s)

