#
# A fatal error has been detected by the Java Runtime Environment:
#
#  EXCEPTION_ACCESS_VIOLATION (0xc0000005) at pc=0x0000000057c67a45, pid=7748, tid=0x0000000000002740
#
# JRE version: Java(TM) SE Runtime Environment (8.0_251-b08) (build 1.8.0_251-b08)
# Java VM: Java HotSpot(TM) 64-Bit Server VM (25.251-b08 mixed mode windows-amd64 compressed oops)
# Problematic frame:
# V  [jvm.dll+0x67a45]
#
# Failed to write core dump. Minidumps are not enabled by default on client versions of Windows
#
# If you would like to submit a bug report, please visit:
#   http://bugreport.java.com/bugreport/crash.jsp
#

---------------  T H R E A D  ---------------

Current thread (0x0000000002732800):  JavaThread "main" [_thread_in_vm, id=10048, stack(0x00000000025b0000,0x00000000026b0000)]

siginfo: ExceptionCode=0xc0000005, reading address 0xffffffffffffffff

Registers:
RAX=0x00000000027e30f0, RBX=0x000000000272dcd0, RCX=0xff836061ff836060, RDX=0x00000000028287b0
RSP=0x00000000026aed18, RBP=0x00000000027906e0, RSI=0x0000000000000017, RDI=0x000000002bdfc2c9
R8 =0x000000002bdfc2c9, R9 =0x00000000027906e0, R10=0x000000000000000a, R11=0x0000000000000006
R12=0x00000000580eac5a, R13=0x000000000273d730, R14=0x00000000028287b0, R15=0x0000000002732800
RIP=0x0000000057c67a45, EFLAGS=0x0000000000010286

Top of Stack: (sp=0x00000000026aed18)
0x00000000026aed18:   0000000057c7b9f3 0000000002732800
0x00000000026aed28:   0000000057cc3c57 0000000000000017
0x00000000026aed38:   0000000057cedccb 00000000028287b0
0x00000000026aed48:   0000000002732800 00000007c0002678
0x00000000026aed58:   0000000000000000 00000000027906e0
0x00000000026aed68:   0000000000000000 00000000027908f0
0x00000000026aed78:   0000000002732c60 0000000002732800
0x00000000026aed88:   000000000272eb90 0000000000000000
0x00000000026aed98:   0000000057c7bb0a 000000000000000a
0x00000000026aeda8:   000000000272ec90 0000000000000000
0x00000000026aedb8:   0000000002732800 0000000002790400
0x00000000026aedc8:   0000001500000000 000000000000000c
0x00000000026aedd8:   0000000002732c70 00000007c0002678
0x00000000026aede8:   0000000057cbfffe 000000000272ec90
0x00000000026aedf8:   000000000272ec90 0000000000000000
0x00000000026aee08:   0000000000004000 0000000002732800 

Instructions: (pc=0x0000000057c67a45)
0x0000000057c67a25:   20 5b c3 cc cc cc cc cc cc cc cc 48 8b 41 08 4c
0x0000000057c67a35:   63 d2 4a 8b 0c d0 48 85 c9 74 24 48 8b 54 24 28
0x0000000057c67a45:   44 39 01 75 10 48 8b 41 10 4c 39 48 10 75 06 48
0x0000000057c67a55:   39 51 20 74 0c 48 8b 49 08 48 83 e1 fe 75 e1 33 


Register to memory mapping:

RAX=0x00000000027e30f0 is an unknown value
RBX=0x000000000272dcd0 is an unknown value
RCX=0xff836061ff836060 is an unknown value
RDX=0x00000000028287b0 is an unknown value
RSP=0x00000000026aed18 is pointing into the stack for thread: 0x0000000002732800
RBP=0x00000000027906e0 is an unknown value
RSI=0x0000000000000017 is an unknown value
RDI=0x000000002bdfc2c9 is an unknown value
R8 =0x000000002bdfc2c9 is an unknown value
R9 =0x00000000027906e0 is an unknown value
R10=0x000000000000000a is an unknown value
R11=0x0000000000000006 is an unknown value
R12=0x00000000580eac5a is an unknown value
R13=0x000000000273d730 is an unknown value
R14=0x00000000028287b0 is an unknown value
R15=0x0000000002732800 is a thread


Stack: [0x00000000025b0000,0x00000000026b0000],  sp=0x00000000026aed18,  free space=1019k
Native frames: (J=compiled Java code, j=interpreted, Vv=VM code, C=native code)
V  [jvm.dll+0x67a45]

Java frames: (J=compiled Java code, j=interpreted, Vv=VM code)
j  GameController.Drawer.initTileChunks([[LTiles/Tile;)V+520
J 1009% C1 GameController.GameManager.initMap(Ljava/lang/String;Ljava/lang/String;)V (222 bytes) @ 0x0000000002c0ee8c [0x0000000002c0dc40+0x124c]
j  GameController.GameManager.init()V+61
j  GameController.GameManager.<init>()V+5
j  GameController.Main.main([Ljava/lang/String;)V+4
v  ~StubRoutines::call_stub

---------------  P R O C E S S  ---------------

Java Threads: ( => current thread )
  0x000000001fc25800 JavaThread "Java2D Disposer" daemon [_thread_blocked, id=23936, stack(0x000000002b6a0000,0x000000002b7a0000)]
  0x000000001dc6c000 JavaThread "Service Thread" daemon [_thread_blocked, id=13912, stack(0x000000001f620000,0x000000001f720000)]
  0x000000001dbe5000 JavaThread "C1 CompilerThread3" daemon [_thread_blocked, id=12400, stack(0x000000001f520000,0x000000001f620000)]
  0x000000001dbd5000 JavaThread "C2 CompilerThread2" daemon [_thread_blocked, id=33304, stack(0x000000001f420000,0x000000001f520000)]
  0x000000001dbd4000 JavaThread "C2 CompilerThread1" daemon [_thread_blocked, id=28332, stack(0x000000001f320000,0x000000001f420000)]
  0x000000001dbcf000 JavaThread "C2 CompilerThread0" daemon [_thread_blocked, id=12304, stack(0x000000001f220000,0x000000001f320000)]
  0x000000001dbce000 JavaThread "Attach Listener" daemon [_thread_blocked, id=29624, stack(0x000000001f120000,0x000000001f220000)]
  0x000000001dbcc000 JavaThread "Signal Dispatcher" daemon [_thread_blocked, id=33740, stack(0x000000001f020000,0x000000001f120000)]
  0x000000001dbc3000 JavaThread "Finalizer" daemon [_thread_blocked, id=23300, stack(0x000000001ee20000,0x000000001ef20000)]
  0x000000001c4dc800 JavaThread "Reference Handler" daemon [_thread_blocked, id=9288, stack(0x000000001ed20000,0x000000001ee20000)]
=>0x0000000002732800 JavaThread "main" [_thread_in_vm, id=10048, stack(0x00000000025b0000,0x00000000026b0000)]

Other Threads:
  0x000000001c4d7000 VMThread [stack: 0x000000001ec20000,0x000000001ed20000] [id=14052]
  0x000000001dc93000 WatcherThread [stack: 0x000000001f720000,0x000000001f820000] [id=25968]

VM state:not at safepoint (normal execution)

VM Mutex/Monitor currently owned by a thread:  ([mutex/lock_event])
[0x000000000272dcd0] SystemDictionary_lock - owner thread: 0x0000000002732800

heap address: 0x00000006c0c00000, size: 4084 MB, Compressed Oops mode: Zero based, Oop shift amount: 3
Narrow klass base: 0x0000000000000000, Narrow klass shift: 3
Compressed class space size: 1073741824 Address: 0x00000007c0000000

Heap:
 PSYoungGen      total 141824K, used 79054K [0x000000076af00000, 0x0000000774400000, 0x00000007c0000000)
  eden space 131072K, 52% used [0x000000076af00000,0x000000076f1b3af0,0x0000000772f00000)
  from space 10752K, 100% used [0x0000000773980000,0x0000000774400000,0x0000000774400000)
  to   space 10752K, 0% used [0x0000000772f00000,0x0000000772f00000,0x0000000773980000)
 ParOldGen       total 175104K, used 59453K [0x00000006c0c00000, 0x00000006cb700000, 0x000000076af00000)
  object space 175104K, 33% used [0x00000006c0c00000,0x00000006c460f4b8,0x00000006cb700000)
 Metaspace       used 13834K, capacity 14083K, committed 14336K, reserved 1062912K
  class space    used 1148K, capacity 1260K, committed 1280K, reserved 1048576K

Card table byte_map: [0x0000000011bf0000,0x00000000123f0000] byte_map_base: 0x000000000e5ea000

Marking Bits: (ParMarkBitMap*) 0x000000005842af90
 Begin Bits: [0x0000000013350000, 0x0000000017320000)
 End Bits:   [0x0000000017320000, 0x000000001b2f0000)

Polling page: 0x00000000007a0000

CodeCache: size=245760Kb used=4243Kb max_used=4243Kb free=241516Kb
 bounds [0x0000000002830000, 0x0000000002c60000, 0x0000000011830000]
 total_blobs=2106 nmethods=1107 adapters=913
 compilation: enabled

Compilation events (10 events):
Event: 1.582 Thread 0x000000001dbe5000 1083       3       org.joml.Vector2f::<init> (25 bytes)
Event: 1.582 Thread 0x000000001dbe5000 nmethod 1083 0x0000000002c54b90 code [0x0000000002c54d00, 0x0000000002c54ff0]
Event: 1.582 Thread 0x000000001dbe5000 1084       3       org.joml.Vector2f::x (5 bytes)
Event: 1.582 Thread 0x000000001dbe5000 nmethod 1084 0x0000000002c55190 code [0x0000000002c552e0, 0x0000000002c55430]
Event: 1.582 Thread 0x000000001dbe5000 1085       3       org.joml.Vector2f::y (5 bytes)
Event: 1.582 Thread 0x000000001dbe5000 nmethod 1085 0x0000000002c554d0 code [0x0000000002c55620, 0x0000000002c55770]
Event: 1.582 Thread 0x000000001dbe5000 1086       3       org.joml.Matrix4f::setTranslation (24 bytes)
Event: 1.582 Thread 0x000000001dbe5000 nmethod 1086 0x0000000002c55810 code [0x0000000002c55980, 0x0000000002c55c70]
Event: 1.582 Thread 0x000000001dbe5000 1087       3       Rendering.Shader::bind (8 bytes)
Event: 1.582 Thread 0x000000001dbe5000 nmethod 1087 0x0000000002c55dd0 code [0x0000000002c55f40, 0x0000000002c56128]

GC Heap History (4 events):
Event: 0.992 GC heap before
{Heap before GC invocations=1 (full 0):
 PSYoungGen      total 76288K, used 65536K [0x000000076af00000, 0x0000000770400000, 0x00000007c0000000)
  eden space 65536K, 100% used [0x000000076af00000,0x000000076ef00000,0x000000076ef00000)
  from space 10752K, 0% used [0x000000076f980000,0x000000076f980000,0x0000000770400000)
  to   space 10752K, 0% used [0x000000076ef00000,0x000000076ef00000,0x000000076f980000)
 ParOldGen       total 175104K, used 0K [0x00000006c0c00000, 0x00000006cb700000, 0x000000076af00000)
  object space 175104K, 0% used [0x00000006c0c00000,0x00000006c0c00000,0x00000006cb700000)
 Metaspace       used 12399K, capacity 12611K, committed 12800K, reserved 1060864K
  class space    used 1091K, capacity 1196K, committed 1280K, reserved 1048576K
Event: 1.004 GC heap after
Heap after GC invocations=1 (full 0):
 PSYoungGen      total 76288K, used 10720K [0x000000076af00000, 0x0000000774400000, 0x00000007c0000000)
  eden space 65536K, 0% used [0x000000076af00000,0x000000076af00000,0x000000076ef00000)
  from space 10752K, 99% used [0x000000076ef00000,0x000000076f978128,0x000000076f980000)
  to   space 10752K, 0% used [0x0000000773980000,0x0000000773980000,0x0000000774400000)
 ParOldGen       total 175104K, used 19218K [0x00000006c0c00000, 0x00000006cb700000, 0x000000076af00000)
  object space 175104K, 10% used [0x00000006c0c00000,0x00000006c1ec4aa0,0x00000006cb700000)
 Metaspace       used 12399K, capacity 12611K, committed 12800K, reserved 1060864K
  class space    used 1091K, capacity 1196K, committed 1280K, reserved 1048576K
}
Event: 1.260 GC heap before
{Heap before GC invocations=2 (full 0):
 PSYoungGen      total 76288K, used 76256K [0x000000076af00000, 0x0000000774400000, 0x00000007c0000000)
  eden space 65536K, 100% used [0x000000076af00000,0x000000076ef00000,0x000000076ef00000)
  from space 10752K, 99% used [0x000000076ef00000,0x000000076f978128,0x000000076f980000)
  to   space 10752K, 0% used [0x0000000773980000,0x0000000773980000,0x0000000774400000)
 ParOldGen       total 175104K, used 19218K [0x00000006c0c00000, 0x00000006cb700000, 0x000000076af00000)
  object space 175104K, 10% used [0x00000006c0c00000,0x00000006c1ec4aa0,0x00000006cb700000)
 Metaspace       used 12406K, capacity 12611K, committed 12800K, reserved 1060864K
  class space    used 1091K, capacity 1196K, committed 1280K, reserved 1048576K
Event: 1.279 GC heap after
Heap after GC invocations=2 (full 0):
 PSYoungGen      total 141824K, used 10752K [0x000000076af00000, 0x0000000774400000, 0x00000007c0000000)
  eden space 131072K, 0% used [0x000000076af00000,0x000000076af00000,0x0000000772f00000)
  from space 10752K, 100% used [0x0000000773980000,0x0000000774400000,0x0000000774400000)
  to   space 10752K, 0% used [0x0000000772f00000,0x0000000772f00000,0x0000000773980000)
 ParOldGen       total 175104K, used 59453K [0x00000006c0c00000, 0x00000006cb700000, 0x000000076af00000)
  object space 175104K, 33% used [0x00000006c0c00000,0x00000006c460f4b8,0x00000006cb700000)
 Metaspace       used 12406K, capacity 12611K, committed 12800K, reserved 1060864K
  class space    used 1091K, capacity 1196K, committed 1280K, reserved 1048576K
}

Deoptimization events (4 events):
Event: 0.122 Thread 0x0000000002732800 Uncommon trap: reason=unstable_if action=reinterpret pc=0x00000000029c504c method=java.lang.String.indexOf([CII[CIII)I @ 134
Event: 0.786 Thread 0x0000000002732800 Uncommon trap: reason=unstable_if action=reinterpret pc=0x0000000002b8c700 method=com.sun.org.apache.xerces.internal.impl.XMLEntityScanner.scanContent(Lcom/sun/org/apache/xerces/internal/xni/XMLString;)I @ 670
Event: 0.814 Thread 0x0000000002732800 Uncommon trap: reason=unstable_if action=reinterpret pc=0x0000000002bac840 method=java.io.BufferedReader.readLine(Z)Ljava/lang/String; @ 192
Event: 0.814 Thread 0x0000000002732800 Uncommon trap: reason=unstable_if action=reinterpret pc=0x0000000002b9e824 method=sun.nio.cs.ISO_8859_1$Encoder.encodeISOArray([CI[BII)I @ 7

Classes redefined (0 events):
No events

Internal exceptions (10 events):
Event: 0.136 Thread 0x0000000002732800 Exception <a 'java/security/PrivilegedActionException'> (0x000000076b4a6f58) thrown at [C:\jenkins\workspace\8-2-build-windows-amd64-cygwin\jdk8u251\737\hotspot\src\share\vm\prims\jvm.cpp, line 1502]
Event: 0.155 Thread 0x0000000002732800 Exception <a 'sun/nio/fs/WindowsException'> (0x000000076b4e4988) thrown at [C:\jenkins\workspace\8-2-build-windows-amd64-cygwin\jdk8u251\737\hotspot\src\share\vm\prims\jni.cpp, line 710]
Event: 0.155 Thread 0x0000000002732800 Exception <a 'sun/nio/fs/WindowsException'> (0x000000076b4e5288) thrown at [C:\jenkins\workspace\8-2-build-windows-amd64-cygwin\jdk8u251\737\hotspot\src\share\vm\prims\jni.cpp, line 710]
Event: 0.174 Thread 0x0000000002732800 Exception <a 'sun/nio/fs/WindowsException'> (0x000000076b5a82f8) thrown at [C:\jenkins\workspace\8-2-build-windows-amd64-cygwin\jdk8u251\737\hotspot\src\share\vm\prims\jni.cpp, line 710]
Event: 0.174 Thread 0x0000000002732800 Exception <a 'sun/nio/fs/WindowsException'> (0x000000076b5a8a30) thrown at [C:\jenkins\workspace\8-2-build-windows-amd64-cygwin\jdk8u251\737\hotspot\src\share\vm\prims\jni.cpp, line 710]
Event: 0.481 Thread 0x0000000002732800 Exception <a 'sun/nio/fs/WindowsException'> (0x000000076b6607c8) thrown at [C:\jenkins\workspace\8-2-build-windows-amd64-cygwin\jdk8u251\737\hotspot\src\share\vm\prims\jni.cpp, line 710]
Event: 0.481 Thread 0x0000000002732800 Exception <a 'sun/nio/fs/WindowsException'> (0x000000076b660f60) thrown at [C:\jenkins\workspace\8-2-build-windows-amd64-cygwin\jdk8u251\737\hotspot\src\share\vm\prims\jni.cpp, line 710]
Event: 0.484 Thread 0x0000000002732800 Exception <a 'sun/nio/fs/WindowsException'> (0x000000076b66bb18) thrown at [C:\jenkins\workspace\8-2-build-windows-amd64-cygwin\jdk8u251\737\hotspot\src\share\vm\prims\jni.cpp, line 710]
Event: 0.484 Thread 0x0000000002732800 Exception <a 'sun/nio/fs/WindowsException'> (0x000000076b66c168) thrown at [C:\jenkins\workspace\8-2-build-windows-amd64-cygwin\jdk8u251\737\hotspot\src\share\vm\prims\jni.cpp, line 710]
Event: 0.684 Thread 0x0000000002732800 Exception <a 'java/io/FileNotFoundException'> (0x000000076bf82848) thrown at [C:\jenkins\workspace\8-2-build-windows-amd64-cygwin\jdk8u251\737\hotspot\src\share\vm\prims\jni.cpp, line 710]

Events (10 events):
Event: 1.556 loading class org/joml/Vector3ic
Event: 1.556 loading class org/joml/Vector3ic done
Event: 1.557 loading class org/joml/Vector2i
Event: 1.557 loading class org/joml/Vector2i done
Event: 1.558 loading class org/joml/Vector2ic
Event: 1.558 loading class org/joml/Vector2ic done
Event: 1.558 loading class org/joml/Quaternionf
Event: 1.558 loading class org/joml/Quaternionf done
Event: 1.559 loading class org/joml/Quaternionfc
Event: 1.559 loading class org/joml/Quaternionfc done


Dynamic libraries:
0x00007ff730d80000 - 0x00007ff730db7000 	C:\Program Files\Java\jre1.8.0_251\bin\javaw.exe
0x00007ff87dba0000 - 0x00007ff87dd90000 	C:\Windows\SYSTEM32\ntdll.dll
0x00007ff87d200000 - 0x00007ff87d2b2000 	C:\Windows\System32\KERNEL32.DLL
0x00007ff87b540000 - 0x00007ff87b7e4000 	C:\Windows\System32\KERNELBASE.dll
0x00007ff87c9a0000 - 0x00007ff87ca43000 	C:\Windows\System32\ADVAPI32.dll
0x00007ff87cae0000 - 0x00007ff87cb7e000 	C:\Windows\System32\msvcrt.dll
0x00007ff87d880000 - 0x00007ff87d917000 	C:\Windows\System32\sechost.dll
0x00007ff87c0c0000 - 0x00007ff87c1e0000 	C:\Windows\System32\RPCRT4.dll
0x00007ff87d920000 - 0x00007ff87dab5000 	C:\Windows\System32\USER32.dll
0x00007ff87ad80000 - 0x00007ff87ada1000 	C:\Windows\System32\win32u.dll
0x00007ff87db30000 - 0x00007ff87db56000 	C:\Windows\System32\GDI32.dll
0x00007ff87b840000 - 0x00007ff87b9d6000 	C:\Windows\System32\gdi32full.dll
0x00007ff87bb80000 - 0x00007ff87bc1e000 	C:\Windows\System32\msvcp_win.dll
0x00007ff87ba80000 - 0x00007ff87bb7a000 	C:\Windows\System32\ucrtbase.dll
0x00007ff879ef0000 - 0x00007ff87a174000 	C:\Windows\WinSxS\amd64_microsoft.windows.common-controls_6595b64144ccf1df_6.0.18362.1016_none_9e7a36bbe461dae4\COMCTL32.dll
0x00007ff87d2c0000 - 0x00007ff87d5f5000 	C:\Windows\System32\combase.dll
0x00007ff87ba00000 - 0x00007ff87ba80000 	C:\Windows\System32\bcryptPrimitives.dll
0x00007ff87cab0000 - 0x00007ff87cade000 	C:\Windows\System32\IMM32.DLL
0x0000000057a40000 - 0x0000000057b12000 	C:\Program Files\Java\jre1.8.0_251\bin\msvcr100.dll
0x0000000057c00000 - 0x00000000584ab000 	C:\Program Files\Java\jre1.8.0_251\bin\server\jvm.dll
0x00007ff87cb80000 - 0x00007ff87cb88000 	C:\Windows\System32\PSAPI.DLL
0x00007ff872c30000 - 0x00007ff872c39000 	C:\Windows\SYSTEM32\WSOCK32.dll
0x00007ff878110000 - 0x00007ff878134000 	C:\Windows\SYSTEM32\WINMM.dll
0x00007ff873820000 - 0x00007ff87382a000 	C:\Windows\SYSTEM32\VERSION.dll
0x00007ff87cb90000 - 0x00007ff87cbff000 	C:\Windows\System32\WS2_32.dll
0x00007ff877f80000 - 0x00007ff877fad000 	C:\Windows\SYSTEM32\WINMMBASE.dll
0x00007ff87b7f0000 - 0x00007ff87b83a000 	C:\Windows\System32\cfgmgr32.dll
0x00007ff87a2d0000 - 0x00007ff87a2df000 	C:\Program Files\Java\jre1.8.0_251\bin\verify.dll
0x00007ff872190000 - 0x00007ff8721b9000 	C:\Program Files\Java\jre1.8.0_251\bin\java.dll
0x00007ff872d40000 - 0x00007ff872d56000 	C:\Program Files\Java\jre1.8.0_251\bin\zip.dll
0x00007ff87c1e0000 - 0x00007ff87c8c7000 	C:\Windows\System32\SHELL32.dll
0x00007ff87cf80000 - 0x00007ff87d029000 	C:\Windows\System32\shcore.dll
0x00007ff87adb0000 - 0x00007ff87b532000 	C:\Windows\System32\windows.storage.dll
0x00007ff87aaf0000 - 0x00007ff87ab13000 	C:\Windows\System32\profapi.dll
0x00007ff87aaa0000 - 0x00007ff87aaea000 	C:\Windows\System32\powrprof.dll
0x00007ff87aa50000 - 0x00007ff87aa60000 	C:\Windows\System32\UMPDC.dll
0x00007ff87ce70000 - 0x00007ff87cec2000 	C:\Windows\System32\shlwapi.dll
0x00007ff87aa80000 - 0x00007ff87aa91000 	C:\Windows\System32\kernel.appcore.dll
0x00007ff87b9e0000 - 0x00007ff87b9f7000 	C:\Windows\System32\cryptsp.dll
0x00007ff8725d0000 - 0x00007ff8725ea000 	C:\Program Files\Java\jre1.8.0_251\bin\net.dll
0x00007ff879bd0000 - 0x00007ff879c37000 	C:\Windows\system32\mswsock.dll
0x00007ff86df40000 - 0x00007ff86df52000 	C:\Program Files\Java\jre1.8.0_251\bin\nio.dll
0x00007ff86e120000 - 0x00007ff86e184000 	C:\Users\Hanzen Shou\AppData\Local\Temp\lwjglHanzen Shou\3.2.3-build-13\lwjgl.dll
0x00007ff86e0b0000 - 0x00007ff86e112000 	C:\Users\HANZEN~1\AppData\Local\Temp\lwjglHanzen Shou\3.2.3-build-13\glfw.dll
0x00007ff8781b0000 - 0x00007ff878249000 	C:\Windows\system32\uxtheme.dll
0x00007ff86e060000 - 0x00007ff86e0a3000 	C:\Windows\SYSTEM32\dinput8.dll
0x00007ff872cf0000 - 0x00007ff872d01000 	C:\Windows\SYSTEM32\xinput1_4.dll
0x00007ff87a7f0000 - 0x00007ff87a81a000 	C:\Windows\SYSTEM32\DEVOBJ.dll
0x00007ff878610000 - 0x00007ff87863d000 	C:\Windows\SYSTEM32\dwmapi.dll
0x00007ff8727d0000 - 0x00007ff8728eb000 	C:\Windows\SYSTEM32\inputhost.dll
0x00007ff875e80000 - 0x00007ff875fd3000 	C:\Windows\SYSTEM32\wintypes.dll
0x00007ff877a00000 - 0x00007ff877ad4000 	C:\Windows\SYSTEM32\CoreMessaging.dll
0x00007ff8751d0000 - 0x00007ff8754fa000 	C:\Windows\SYSTEM32\CoreUIComponents.dll
0x00007ff8764d0000 - 0x00007ff8765c0000 	C:\Windows\SYSTEM32\PROPSYS.dll
0x00007ff87c8d0000 - 0x00007ff87c995000 	C:\Windows\System32\OLEAUT32.dll
0x00007ff87a320000 - 0x00007ff87a351000 	C:\Windows\SYSTEM32\ntmarta.dll
0x00007ff87d600000 - 0x00007ff87d735000 	C:\Windows\System32\MSCTF.dll
0x00007ff878fe0000 - 0x00007ff878fee000 	C:\Windows\SYSTEM32\HID.DLL
0x00007ff87bc50000 - 0x00007ff87c0c0000 	C:\Windows\System32\SETUPAPI.DLL
0x00007ff87bc20000 - 0x00007ff87bc46000 	C:\Windows\System32\bcrypt.dll
0x00007ff87ad20000 - 0x00007ff87ad7c000 	C:\Windows\System32\WINTRUST.dll
0x00007ff87aa60000 - 0x00007ff87aa72000 	C:\Windows\System32\MSASN1.dll
0x00007ff87ab20000 - 0x00007ff87ac69000 	C:\Windows\System32\CRYPT32.dll
0x00007ff833900000 - 0x00007ff833a56000 	C:\Windows\SYSTEM32\opengl32.dll
0x00007ff85d9c0000 - 0x00007ff85d9ec000 	C:\Windows\SYSTEM32\GLU32.dll
0x00007ff879040000 - 0x00007ff879060000 	C:\Windows\SYSTEM32\dxcore.dll
0x00007ff860ed0000 - 0x00007ff860ef8000 	C:\Windows\System32\DriverStore\FileRepository\u0347173.inf_amd64_278cfea1d12001d0\B346462\atig6pxx.dll
0x00007ff8202a0000 - 0x00007ff823333000 	C:\Windows\System32\DriverStore\FileRepository\u0347173.inf_amd64_278cfea1d12001d0\B346462\atio6axx.dll
0x00007ff87cc90000 - 0x00007ff87cde7000 	C:\Windows\System32\ole32.dll
0x00007ff85cdc0000 - 0x00007ff85cde3000 	C:\Windows\SYSTEM32\dxva2.dll
0x00007ff860e90000 - 0x00007ff860eca000 	C:\Windows\System32\DriverStore\FileRepository\u0347173.inf_amd64_278cfea1d12001d0\B346462\atig6txx.dll
0x00007ff828120000 - 0x00007ff8282ca000 	C:\Windows\SYSTEM32\atiadlxx.dll
0x00007ff8731b0000 - 0x00007ff87324e000 	C:\Windows\System32\TextInputFramework.dll
0x00007ff86f140000 - 0x00007ff86f3e6000 	C:\Windows\System32\iertutil.dll
0x00007ff860e30000 - 0x00007ff860e89000 	C:\Users\Hanzen Shou\AppData\Local\Temp\lwjglHanzen Shou\3.2.3-build-13\lwjgl_opengl.dll
0x00007ff8282d0000 - 0x00007ff82846a000 	C:\Program Files\Java\jre1.8.0_251\bin\awt.dll
0x00007ff877fb0000 - 0x00007ff87803f000 	C:\Windows\SYSTEM32\apphelp.dll
0x00007ff87a360000 - 0x00007ff87a554000 	C:\Windows\SYSTEM32\dbghelp.dll

VM Arguments:
jvm_args: -Dvisualvm.id=923693743563700 -Dfile.encoding=Cp1252 
java_command: GameController.Main
java_class_path (initial): C:\Users\Hanzen Shou\Documents\GitBash\GameDev\Game\target\classes;C:\Users\Hanzen Shou\Documents\GitBash\GameDev\usedlibraries\jwjgl\lwjgl.jar;C:\Users\Hanzen Shou\Documents\GitBash\GameDev\usedlibraries\jwjgl\lwjgl-glfw.jar;C:\Users\Hanzen Shou\Documents\GitBash\GameDev\usedlibraries\jwjgl\lwjgl-glfw-javadoc.jar;C:\Users\Hanzen Shou\Documents\GitBash\GameDev\usedlibraries\jwjgl\lwjgl-glfw-natives-linux.jar;C:\Users\Hanzen Shou\Documents\GitBash\GameDev\usedlibraries\jwjgl\lwjgl-glfw-natives-linux-arm32.jar;C:\Users\Hanzen Shou\Documents\GitBash\GameDev\usedlibraries\jwjgl\lwjgl-glfw-natives-linux-arm64.jar;C:\Users\Hanzen Shou\Documents\GitBash\GameDev\usedlibraries\jwjgl\lwjgl-glfw-natives-macos.jar;C:\Users\Hanzen Shou\Documents\GitBash\GameDev\usedlibraries\jwjgl\lwjgl-glfw-natives-windows.jar;C:\Users\Hanzen Shou\Documents\GitBash\GameDev\usedlibraries\jwjgl\lwjgl-glfw-natives-windows-x86.jar;C:\Users\Hanzen Shou\Documents\GitBash\GameDev\usedlibraries\jwjgl\lwjgl-glfw-sources.jar;C:\Users\Hanzen Shou\Documents\GitBash\GameDev\usedlibraries\jwjgl\lwjgl-javadoc.jar;C:\Users\Hanzen Shou\Documents\GitBash\GameDev\usedlibraries\jwjgl\lwjgl-natives-linux.jar;C:\Users\Hanzen Shou\Documents\GitBash\GameDev\usedlibraries\jwjgl\lwjgl-natives-linux-arm32.jar;C:\Users\Hanzen Shou\Documents\GitBash\GameDev\usedlibraries\jwjgl\lwjgl-natives-linux-arm64.jar;C:\Users\Hanzen Shou\Documents\GitBash\GameDev\usedlibraries\jwjgl\lwjgl-natives-macos.jar;C:\Users\Hanzen Shou\Documents\GitBash\GameDev\usedlibraries\jwjgl\lwjgl-natives-windows.jar;C:\Users\Hanzen Shou\Documents\GitBash\GameDev\usedlibraries\jwjgl\lwjgl-natives-windows-x86.jar;C:\Users\Hanzen Shou\Documents\GitBash\GameDev\usedlibraries\jwjgl\lwjgl-opengl.jar;C:\Users\Hanzen Shou\Documents\GitBash\GameDev\usedlibraries\jwjgl\lwjgl-opengl-javadoc.jar;C:\Users\Hanzen Shou\Documents\GitBash\GameDev\usedlibraries\jwjgl\lwjgl-opengl-natives-linux.jar;C:\Users\Hanzen Shou\Documents\GitBash\GameD
Launcher Type: SUN_STANDARD

Environment Variables:
PATH=C:/Program Files/Java/jre1.8.0_251/bin/server;C:/Program Files/Java/jre1.8.0_251/bin;C:/Program Files/Java/jre1.8.0_251/lib/amd64;C:\Program Files (x86)\Common Files\Oracle\Java\javapath;C:\Windows\system32;C:\Windows;C:\Windows\System32\Wbem;C:\Windows\System32\WindowsPowerShell\v1.0\;C:\Windows\System32\OpenSSH\;C:\Program Files\nodejs\;C:\Program Files (x86)\Vim\vim82\;C:\Program Files\Sublime Text 3\;C:\Program Files\Git\cmd;C:\Program Files\PuTTY\;C:\Users\Hanzen Shou\AppData\Local\Programs\Python\Python35\Scripts\;C:\Users\Hanzen Shou\AppData\Local\Programs\Python\Python35\;C:\Users\Hanzen Shou\AppData\Local\Microsoft\WindowsApps;C:\Users\Hanzen Shou\AppData\Roaming\npm;C:\Users\Hanzen Shou\AppData\Local\GitHubDesktop\bin;C:\Users\Hanzen Shou\AppData\Local\atom\bin;C:\Users\Hanzen Shou\Desktop\Programming\AudioRepeater;C:\Users\Hanzen Shou\Desktop\Programming\Eclipse\Exports\password;;C:\Windows\System32;
USERNAME=Hanzen Shou
OS=Windows_NT
PROCESSOR_IDENTIFIER=AMD64 Family 23 Model 113 Stepping 0, AuthenticAMD



---------------  S Y S T E M  ---------------

OS: