#
# A fatal error has been detected by the Java Runtime Environment:
#
#  EXCEPTION_ACCESS_VIOLATION (0xc0000005) at pc=0x00007ff87dbdd32c, pid=11304, tid=0x0000000000000724
#
# JRE version: Java(TM) SE Runtime Environment (8.0_251-b08) (build 1.8.0_251-b08)
# Java VM: Java HotSpot(TM) 64-Bit Server VM (25.251-b08 mixed mode windows-amd64 compressed oops)
# Problematic frame:
# C  [ntdll.dll+0x3d32c]
#
# Failed to write core dump. Minidumps are not enabled by default on client versions of Windows
#
# If you would like to submit a bug report, please visit:
#   http://bugreport.java.com/bugreport/crash.jsp
#

---------------  T H R E A D  ---------------

Current thread (0x000000001db60800):  JavaThread "C2 CompilerThread0" daemon [_thread_in_native, id=1828, stack(0x000000001f1b0000,0x000000001f2b0000)]

siginfo: ExceptionCode=0xc0000005, reading address 0xffffffffffffffff

Registers:
RAX=0x7f4130307f413030, RBX=0x0000000002560000, RCX=0x000000007f413030, RDX=0x00007ff87dcc1170
RSP=0x000000001f2ad640, RBP=0x000000001f2ad8c9, RSI=0x00000000395fc030, RDI=0x0000000002560150
R8 =0x000000001fedeee0, R9 =0x00000000025646b8, R10=0x000000000000001b, R11=0x0000000000000246
R12=0x0000000000000000, R13=0x0000000000002002, R14=0x00000000395fc040, R15=0x00000000395dc010
RIP=0x00007ff87dbdd32c, EFLAGS=0x0000000000010283

Top of Stack: (sp=0x000000001f2ad640)
0x000000001f2ad640:   0000000002560000 00000000395fc030
0x000000001f2ad650:   00000000395dd000 00000000395dc020
0x000000001f2ad660:   00000000000003ff 000000000000207b
0x000000001f2ad670:   0000000133c2a601 0000000000000000
0x000000001f2ad680:   000000001f2ae900 0000000000000000
0x000000001f2ad690:   0000000000000001 0000000000000010
0x000000001f2ad6a0:   000000001f2ae918 00000000395dc010
0x000000001f2ad6b0:   000000001f2ae918 0000000000000079
0x000000001f2ad6c0:   00000000395dc010 0000000058100095
0x000000001f2ad6d0:   0000000000000000 000000003396adf0
0x000000001f2ad6e0:   0000000000000000 00000000000003ff
0x000000001f2ad6f0:   000000003371c9b0 0000000033c2a530
0x000000001f2ad700:   0000000033c2a6b0 0000000058059077
0x000000001f2ad710:   0000000000000021 0000000033cbab78
0x000000001f2ad720:   0000000000000000 0000000058139c18
0x000000001f2ad730:   00000000000003ff 00000000580f616e 

Instructions: (pc=0x00007ff87dbdd32c)
0x00007ff87dbdd30c:   00 41 8b d6 48 8b cb e8 54 8d 00 00 4c 8b c0 49
0x00007ff87dbdd31c:   3b f8 0f 85 29 02 00 00 4c 8d 76 10 49 8b 40 08
0x00007ff87dbdd32c:   48 8b 08 49 3b c8 0f 85 40 01 00 00 4d 89 06 49
0x00007ff87dbdd33c:   89 46 08 4c 89 30 4d 89 70 08 0f b7 46 08 48 01 


Register to memory mapping:

RAX=0x7f4130307f413030 is an unknown value
RBX=0x0000000002560000 is an unknown value
RCX=0x000000007f413030 is an unknown value
RDX=0x00007ff87dcc1170 is an unknown value
RSP=0x000000001f2ad640 is pointing into the stack for thread: 0x000000001db60800
RBP=0x000000001f2ad8c9 is pointing into the stack for thread: 0x000000001db60800
RSI=0x00000000395fc030 is an unknown value
RDI=0x0000000002560150 is an unknown value
R8 =0x000000001fedeee0 is an unknown value
R9 =0x00000000025646b8 is an unknown value
R10=0x000000000000001b is an unknown value
R11=0x0000000000000246 is an unknown value
R12=0x0000000000000000 is an unknown value
R13=0x0000000000002002 is an unknown value
R14=0x00000000395fc040 is an unknown value
R15=0x00000000395dc010 is an unknown value


Stack: [0x000000001f1b0000,0x000000001f2b0000],  sp=0x000000001f2ad640,  free space=1013k
Native frames: (J=compiled Java code, j=interpreted, Vv=VM code, C=native code)
C  [ntdll.dll+0x3d32c]
C  [ntdll.dll+0x3ba3b]
C  [msvcr100.dll+0x68d17]
V  [jvm.dll+0x21fa7e]
V  [jvm.dll+0xce610]
V  [jvm.dll+0xceb0c]
V  [jvm.dll+0xcee64]
V  [jvm.dll+0x500310]
V  [jvm.dll+0x476a2b]
V  [jvm.dll+0x517ca9]
V  [jvm.dll+0x47f0b2]
V  [jvm.dll+0x461992]
V  [jvm.dll+0xa6bf2]
V  [jvm.dll+0xa753f]
V  [jvm.dll+0x24685f]
V  [jvm.dll+0x2a001a]
C  [msvcr100.dll+0x21d9f]
C  [msvcr100.dll+0x21e3b]
C  [KERNEL32.DLL+0x17bd4]
C  [ntdll.dll+0x6ce51]


Current CompileTask:
C2:   1317 1122       4       Rendering.Transformation::genWorldMVP (89 bytes)


---------------  P R O C E S S  ---------------

Java Threads: ( => current thread )
  0x000000001fcbf000 JavaThread "Java2D Disposer" daemon [_thread_blocked, id=16064, stack(0x000000002d260000,0x000000002d360000)]
  0x000000001dbf7800 JavaThread "Service Thread" daemon [_thread_blocked, id=8420, stack(0x000000001f5b0000,0x000000001f6b0000)]
  0x000000001db6f800 JavaThread "C1 CompilerThread3" daemon [_thread_blocked, id=10188, stack(0x000000001f4b0000,0x000000001f5b0000)]
  0x000000001db6e800 JavaThread "C2 CompilerThread2" daemon [_thread_in_native, id=1140, stack(0x000000001f3b0000,0x000000001f4b0000)]
  0x000000001db66800 JavaThread "C2 CompilerThread1" daemon [_thread_in_native, id=8676, stack(0x000000001f2b0000,0x000000001f3b0000)]
=>0x000000001db60800 JavaThread "C2 CompilerThread0" daemon [_thread_in_native, id=1828, stack(0x000000001f1b0000,0x000000001f2b0000)]
  0x000000001db5d000 JavaThread "Attach Listener" daemon [_thread_blocked, id=23708, stack(0x000000001f0b0000,0x000000001f1b0000)]
  0x000000001db5a800 JavaThread "Signal Dispatcher" daemon [_thread_blocked, id=23468, stack(0x000000001efb0000,0x000000001f0b0000)]
  0x000000001db53000 JavaThread "Finalizer" daemon [_thread_blocked, id=7700, stack(0x000000001edb0000,0x000000001eeb0000)]
  0x000000000278a000 JavaThread "Reference Handler" daemon [_thread_blocked, id=17744, stack(0x000000001ecb0000,0x000000001edb0000)]
  0x0000000002692800 JavaThread "main" [_thread_in_native, id=1332, stack(0x0000000002570000,0x0000000002670000)]

Other Threads:
  0x000000001c486800 VMThread [stack: 0x000000001ebb0000,0x000000001ecb0000] [id=15480]
  0x000000001dc15000 WatcherThread [stack: 0x000000001f6b0000,0x000000001f7b0000] [id=19348]

VM state:not at safepoint (normal execution)

VM Mutex/Monitor currently owned by a thread: None

heap address: 0x00000006c0c00000, size: 4084 MB, Compressed Oops mode: Zero based, Oop shift amount: 3
Narrow klass base: 0x0000000000000000, Narrow klass shift: 3
Compressed class space size: 1073741824 Address: 0x00000007c0000000

Heap:
 PSYoungGen      total 76288K, used 60894K [0x000000076af00000, 0x0000000774400000, 0x00000007c0000000)
  eden space 65536K, 76% used [0x000000076af00000,0x000000076dff8548,0x000000076ef00000)
  from space 10752K, 99% used [0x000000076ef00000,0x000000076f97f308,0x000000076f980000)
  to   space 10752K, 0% used [0x0000000773980000,0x0000000773980000,0x0000000774400000)
 ParOldGen       total 175104K, used 20467K [0x00000006c0c00000, 0x00000006cb700000, 0x000000076af00000)
  object space 175104K, 11% used [0x00000006c0c00000,0x00000006c1ffce50,0x00000006cb700000)
 Metaspace       used 13882K, capacity 14147K, committed 14336K, reserved 1062912K
  class space    used 1149K, capacity 1260K, committed 1280K, reserved 1048576K

Card table byte_map: [0x0000000011b50000,0x0000000012350000] byte_map_base: 0x000000000e54a000

Marking Bits: (ParMarkBitMap*) 0x000000005842af90
 Begin Bits: [0x00000000132b0000, 0x0000000017280000)
 End Bits:   [0x0000000017280000, 0x000000001b250000)

Polling page: 0x00000000003f0000

CodeCache: size=245760Kb used=4326Kb max_used=4338Kb free=241433Kb
 bounds [0x0000000002790000, 0x0000000002bd0000, 0x0000000011790000]
 total_blobs=2119 nmethods=1119 adapters=913
 compilation: enabled

Compilation events (10 events):
Event: 1.282 Thread 0x000000001db6f800 nmethod 1115 0x0000000002bc9910 code [0x0000000002bc9b60, 0x0000000002bca6f8]
Event: 1.282 Thread 0x000000001db6f800 1114       3       Rendering.Renderer::setTransformMatrix (26 bytes)
Event: 1.282 Thread 0x000000001db6f800 nmethod 1114 0x0000000002bbe610 code [0x0000000002bbe7a0, 0x0000000002bbeb88]
Event: 1.286 Thread 0x000000001db66800 1118       4       org.joml.Matrix4f::identity (82 bytes)
Event: 1.286 Thread 0x000000001db66800 nmethod 1118 0x0000000002bbe310 code [0x0000000002bbe440, 0x0000000002bbe4f8]
Event: 1.296 Thread 0x000000001db60800 1119       4       Rendering.Renderer::renderStart (67 bytes)
Event: 1.298 Thread 0x000000001db60800 nmethod 1119 0x0000000002bc6090 code [0x0000000002bc6200, 0x0000000002bc6528]
Event: 1.305 Thread 0x000000001db6e800 1120       4       Rendering.Transformation::genMVP (88 bytes)
Event: 1.305 Thread 0x000000001db66800 1121       4       Tiles.Tile::render (19 bytes)
Event: 1.306 Thread 0x000000001db60800 1122       4       Rendering.Transformation::genWorldMVP (89 bytes)

GC Heap History (2 events):
Event: 0.949 GC heap before
{Heap before GC invocations=1 (full 0):
 PSYoungGen      total 76288K, used 65536K [0x000000076af00000, 0x0000000770400000, 0x00000007c0000000)
  eden space 65536K, 100% used [0x000000076af00000,0x000000076ef00000,0x000000076ef00000)
  from space 10752K, 0% used [0x000000076f980000,0x000000076f980000,0x0000000770400000)
  to   space 10752K, 0% used [0x000000076ef00000,0x000000076ef00000,0x000000076f980000)
 ParOldGen       total 175104K, used 0K [0x00000006c0c00000, 0x00000006cb700000, 0x000000076af00000)
  object space 175104K, 0% used [0x00000006c0c00000,0x00000006c0c00000,0x00000006cb700000)
 Metaspace       used 12388K, capacity 12611K, committed 12800K, reserved 1060864K
  class space    used 1089K, capacity 1196K, committed 1280K, reserved 1048576K
Event: 0.961 GC heap after
Heap after GC invocations=1 (full 0):
 PSYoungGen      total 76288K, used 10748K [0x000000076af00000, 0x0000000774400000, 0x00000007c0000000)
  eden space 65536K, 0% used [0x000000076af00000,0x000000076af00000,0x000000076ef00000)
  from space 10752K, 99% used [0x000000076ef00000,0x000000076f97f308,0x000000076f980000)
  to   space 10752K, 0% used [0x0000000773980000,0x0000000773980000,0x0000000774400000)
 ParOldGen       total 175104K, used 20467K [0x00000006c0c00000, 0x00000006cb700000, 0x000000076af00000)
  object space 175104K, 11% used [0x00000006c0c00000,0x00000006c1ffce50,0x00000006cb700000)
 Metaspace       used 12388K, capacity 12611K, committed 12800K, reserved 1060864K
  class space    used 1089K, capacity 1196K, committed 1280K, reserved 1048576K
}

Deoptimization events (6 events):
Event: 0.749 Thread 0x0000000002692800 Uncommon trap: reason=unstable_if action=reinterpret pc=0x0000000002b10b44 method=java.io.BufferedReader.readLine(Z)Ljava/lang/String; @ 192
Event: 1.256 Thread 0x0000000002692800 Uncommon trap: reason=unstable_if action=reinterpret pc=0x0000000002bbb85c method=Rendering.Renderer.renderStart()V @ 27
Event: 1.276 Thread 0x0000000002692800 Uncommon trap: reason=unstable_if action=reinterpret pc=0x0000000002bba520 method=org.joml.Matrix4f.identity()Lorg/joml/Matrix4f; @ 6
Event: 1.277 Thread 0x0000000002692800 Uncommon trap: reason=unstable_if action=reinterpret pc=0x0000000002bbcb28 method=org.joml.Matrix4f.identity()Lorg/joml/Matrix4f; @ 6
Event: 1.277 Thread 0x0000000002692800 Uncommon trap: reason=unstable_if action=reinterpret pc=0x0000000002bbaec8 method=org.joml.Matrix4f.identity()Lorg/joml/Matrix4f; @ 6
Event: 1.281 Thread 0x0000000002692800 Uncommon trap: reason=unstable_if action=reinterpret pc=0x0000000002bcc2cc method=org.joml.Matrix4f.identity()Lorg/joml/Matrix4f; @ 6

Classes redefined (0 events):
No events

Internal exceptions (10 events):
Event: 0.123 Thread 0x0000000002692800 Exception <a 'java/security/PrivilegedActionException'> (0x000000076b3d41f8) thrown at [C:\jenkins\workspace\8-2-build-windows-amd64-cygwin\jdk8u251\737\hotspot\src\share\vm\prims\jvm.cpp, line 1502]
Event: 0.149 Thread 0x0000000002692800 Exception <a 'sun/nio/fs/WindowsException'> (0x000000076b484f70) thrown at [C:\jenkins\workspace\8-2-build-windows-amd64-cygwin\jdk8u251\737\hotspot\src\share\vm\prims\jni.cpp, line 710]
Event: 0.149 Thread 0x0000000002692800 Exception <a 'sun/nio/fs/WindowsException'> (0x000000076b485870) thrown at [C:\jenkins\workspace\8-2-build-windows-amd64-cygwin\jdk8u251\737\hotspot\src\share\vm\prims\jni.cpp, line 710]
Event: 0.169 Thread 0x0000000002692800 Exception <a 'sun/nio/fs/WindowsException'> (0x000000076b5980f0) thrown at [C:\jenkins\workspace\8-2-build-windows-amd64-cygwin\jdk8u251\737\hotspot\src\share\vm\prims\jni.cpp, line 710]
Event: 0.169 Thread 0x0000000002692800 Exception <a 'sun/nio/fs/WindowsException'> (0x000000076b598828) thrown at [C:\jenkins\workspace\8-2-build-windows-amd64-cygwin\jdk8u251\737\hotspot\src\share\vm\prims\jni.cpp, line 710]
Event: 0.435 Thread 0x0000000002692800 Exception <a 'sun/nio/fs/WindowsException'> (0x000000076b65a468) thrown at [C:\jenkins\workspace\8-2-build-windows-amd64-cygwin\jdk8u251\737\hotspot\src\share\vm\prims\jni.cpp, line 710]
Event: 0.435 Thread 0x0000000002692800 Exception <a 'sun/nio/fs/WindowsException'> (0x000000076b65ac00) thrown at [C:\jenkins\workspace\8-2-build-windows-amd64-cygwin\jdk8u251\737\hotspot\src\share\vm\prims\jni.cpp, line 710]
Event: 0.438 Thread 0x0000000002692800 Exception <a 'sun/nio/fs/WindowsException'> (0x000000076b6657b8) thrown at [C:\jenkins\workspace\8-2-build-windows-amd64-cygwin\jdk8u251\737\hotspot\src\share\vm\prims\jni.cpp, line 710]
Event: 0.438 Thread 0x0000000002692800 Exception <a 'sun/nio/fs/WindowsException'> (0x000000076b665e08) thrown at [C:\jenkins\workspace\8-2-build-windows-amd64-cygwin\jdk8u251\737\hotspot\src\share\vm\prims\jni.cpp, line 710]
Event: 0.637 Thread 0x0000000002692800 Exception <a 'java/io/FileNotFoundException'> (0x000000076bf82698) thrown at [C:\jenkins\workspace\8-2-build-windows-amd64-cygwin\jdk8u251\737\hotspot\src\share\vm\prims\jni.cpp, line 710]

Events (10 events):
Event: 1.276 Thread 0x0000000002692800 DEOPT UNPACKING pc=0x00000000027d583b sp=0x000000000266f358 mode 2
Event: 1.277 Thread 0x0000000002692800 Uncommon trap: trap_request=0xffffff65 fr.pc=0x0000000002bbcb28
Event: 1.277 Thread 0x0000000002692800 DEOPT PACKING pc=0x0000000002bbcb28 sp=0x000000000266f380
Event: 1.277 Thread 0x0000000002692800 DEOPT UNPACKING pc=0x00000000027d583b sp=0x000000000266f288 mode 2
Event: 1.277 Thread 0x0000000002692800 Uncommon trap: trap_request=0xffffff65 fr.pc=0x0000000002bbaec8
Event: 1.277 Thread 0x0000000002692800 DEOPT PACKING pc=0x0000000002bbaec8 sp=0x000000000266f320
Event: 1.277 Thread 0x0000000002692800 DEOPT UNPACKING pc=0x00000000027d583b sp=0x000000000266f278 mode 2
Event: 1.281 Thread 0x0000000002692800 Uncommon trap: trap_request=0xffffff65 fr.pc=0x0000000002bcc2cc
Event: 1.281 Thread 0x0000000002692800 DEOPT PACKING pc=0x0000000002bcc2cc sp=0x000000000266f430
Event: 1.281 Thread 0x0000000002692800 DEOPT UNPACKING pc=0x00000000027d583b sp=0x000000000266f1d8 mode 2


Dynamic libraries:
0x00007ff757bf0000 - 0x00007ff757c27000 	C:\Program Files\Java\jre1.8.0_251\bin\javaw.exe
0x00007ff87dba0000 - 0x00007ff87dd90000 	C:\Windows\SYSTEM32\ntdll.dll
0x00007ff87d200000 - 0x00007ff87d2b2000 	C:\Windows\System32\KERNEL32.DLL
0x00007ff87b540000 - 0x00007ff87b7e4000 	C:\Windows\System32\KERNELBASE.dll
0x00007ff87c9a0000 - 0x00007ff87ca43000 	C:\Windows\System32\ADVAPI32.dll
0x00007ff87cae0000 - 0x00007ff87cb7e000 	C:\Windows\System32\msvcrt.dll
0x00007ff87d880000 - 0x00007ff87d917000 	C:\Windows\System32\sechost.dll
0x00007ff87c0c0000 - 0x00007ff87c1e0000 	C:\Windows\System32\RPCRT4.dll
0x00007ff87d920000 - 0x00007ff87dab5000 	C:\Windows\System32\USER32.dll
0x00007ff87ad80000 - 0x00007ff87ada1000 	C:\Windows\System32\win32u.dll
0x00007ff87db30000 - 0x00007ff87db56000 	C:\Windows\System32\GDI32.dll
0x00007ff87b840000 - 0x00007ff87b9d6000 	C:\Windows\System32\gdi32full.dll
0x00007ff87bb80000 - 0x00007ff87bc1e000 	C:\Windows\System32\msvcp_win.dll
0x00007ff87ba80000 - 0x00007ff87bb7a000 	C:\Windows\System32\ucrtbase.dll
0x00007ff879ef0000 - 0x00007ff87a174000 	C:\Windows\WinSxS\amd64_microsoft.windows.common-controls_6595b64144ccf1df_6.0.18362.1016_none_9e7a36bbe461dae4\COMCTL32.dll
0x00007ff87d2c0000 - 0x00007ff87d5f5000 	C:\Windows\System32\combase.dll
0x00007ff87ba00000 - 0x00007ff87ba80000 	C:\Windows\System32\bcryptPrimitives.dll
0x00007ff87cab0000 - 0x00007ff87cade000 	C:\Windows\System32\IMM32.DLL
0x0000000057a40000 - 0x0000000057b12000 	C:\Program Files\Java\jre1.8.0_251\bin\msvcr100.dll
0x0000000057c00000 - 0x00000000584ab000 	C:\Program Files\Java\jre1.8.0_251\bin\server\jvm.dll
0x00007ff87cb80000 - 0x00007ff87cb88000 	C:\Windows\System32\PSAPI.DLL
0x00007ff8709b0000 - 0x00007ff8709b9000 	C:\Windows\SYSTEM32\WSOCK32.dll
0x00007ff878110000 - 0x00007ff878134000 	C:\Windows\SYSTEM32\WINMM.dll
0x00007ff873820000 - 0x00007ff87382a000 	C:\Windows\SYSTEM32\VERSION.dll
0x00007ff87cb90000 - 0x00007ff87cbff000 	C:\Windows\System32\WS2_32.dll
0x00007ff877f80000 - 0x00007ff877fad000 	C:\Windows\SYSTEM32\winmmbase.dll
0x00007ff87b7f0000 - 0x00007ff87b83a000 	C:\Windows\System32\cfgmgr32.dll
0x00007ff872920000 - 0x00007ff87292f000 	C:\Program Files\Java\jre1.8.0_251\bin\verify.dll
0x00007ff86dee0000 - 0x00007ff86df09000 	C:\Program Files\Java\jre1.8.0_251\bin\java.dll
0x00007ff872230000 - 0x00007ff872246000 	C:\Program Files\Java\jre1.8.0_251\bin\zip.dll
0x00007ff87c1e0000 - 0x00007ff87c8c7000 	C:\Windows\System32\SHELL32.dll
0x00007ff87cf80000 - 0x00007ff87d029000 	C:\Windows\System32\shcore.dll
0x00007ff87adb0000 - 0x00007ff87b532000 	C:\Windows\System32\windows.storage.dll
0x00007ff87aaf0000 - 0x00007ff87ab13000 	C:\Windows\System32\profapi.dll
0x00007ff87aaa0000 - 0x00007ff87aaea000 	C:\Windows\System32\powrprof.dll
0x00007ff87aa50000 - 0x00007ff87aa60000 	C:\Windows\System32\UMPDC.dll
0x00007ff87ce70000 - 0x00007ff87cec2000 	C:\Windows\System32\shlwapi.dll
0x00007ff87aa80000 - 0x00007ff87aa91000 	C:\Windows\System32\kernel.appcore.dll
0x00007ff87b9e0000 - 0x00007ff87b9f7000 	C:\Windows\System32\cryptsp.dll
0x00007ff872060000 - 0x00007ff87207a000 	C:\Program Files\Java\jre1.8.0_251\bin\net.dll
0x00007ff879bd0000 - 0x00007ff879c37000 	C:\Windows\system32\mswsock.dll
0x00007ff871d00000 - 0x00007ff871d12000 	C:\Program Files\Java\jre1.8.0_251\bin\nio.dll
0x00007ff84c1b0000 - 0x00007ff84c214000 	C:\Users\Hanzen Shou\AppData\Local\Temp\lwjglHanzen Shou\3.2.3-build-13\lwjgl.dll
0x00007ff84c140000 - 0x00007ff84c1a2000 	C:\Users\HANZEN~1\AppData\Local\Temp\lwjglHanzen Shou\3.2.3-build-13\glfw.dll
0x00007ff8781b0000 - 0x00007ff878249000 	C:\Windows\system32\uxtheme.dll
0x00007ff872b10000 - 0x00007ff872b53000 	C:\Windows\SYSTEM32\dinput8.dll
0x00007ff861270000 - 0x00007ff861281000 	C:\Windows\SYSTEM32\xinput1_4.dll
0x00007ff87a7f0000 - 0x00007ff87a81a000 	C:\Windows\SYSTEM32\DEVOBJ.dll
0x00007ff878610000 - 0x00007ff87863d000 	C:\Windows\SYSTEM32\dwmapi.dll
0x00007ff8723a0000 - 0x00007ff8724bb000 	C:\Windows\SYSTEM32\inputhost.dll
0x00007ff877a00000 - 0x00007ff877ad4000 	C:\Windows\SYSTEM32\CoreMessaging.dll
0x00007ff875e80000 - 0x00007ff875fd3000 	C:\Windows\SYSTEM32\wintypes.dll
0x00007ff8751d0000 - 0x00007ff8754fa000 	C:\Windows\SYSTEM32\CoreUIComponents.dll
0x00007ff8764d0000 - 0x00007ff8765c0000 	C:\Windows\SYSTEM32\PROPSYS.dll
0x00007ff87c8d0000 - 0x00007ff87c995000 	C:\Windows\System32\OLEAUT32.dll
0x00007ff87a320000 - 0x00007ff87a351000 	C:\Windows\SYSTEM32\ntmarta.dll
0x00007ff87d600000 - 0x00007ff87d735000 	C:\Windows\System32\MSCTF.dll
0x00007ff878fe0000 - 0x00007ff878fee000 	C:\Windows\SYSTEM32\HID.DLL
0x00007ff87bc50000 - 0x00007ff87c0c0000 	C:\Windows\System32\SETUPAPI.DLL
0x00007ff87bc20000 - 0x00007ff87bc46000 	C:\Windows\System32\bcrypt.dll
0x00007ff87ad20000 - 0x00007ff87ad7c000 	C:\Windows\System32\WINTRUST.dll
0x00007ff87aa60000 - 0x00007ff87aa72000 	C:\Windows\System32\MSASN1.dll
0x00007ff87ab20000 - 0x00007ff87ac69000 	C:\Windows\System32\CRYPT32.dll
0x00007ff84b790000 - 0x00007ff84b8e6000 	C:\Windows\SYSTEM32\opengl32.dll
0x00007ff850f80000 - 0x00007ff850fac000 	C:\Windows\SYSTEM32\GLU32.dll
0x00007ff879040000 - 0x00007ff879060000 	C:\Windows\SYSTEM32\dxcore.dll
0x00007ff861240000 - 0x00007ff861268000 	C:\Windows\System32\DriverStore\FileRepository\u0347173.inf_amd64_278cfea1d12001d0\B346462\atig6pxx.dll
0x00007ff810100000 - 0x00007ff813193000 	C:\Windows\System32\DriverStore\FileRepository\u0347173.inf_amd64_278cfea1d12001d0\B346462\atio6axx.dll
0x00007ff87cc90000 - 0x00007ff87cde7000 	C:\Windows\System32\ole32.dll
0x00007ff878080000 - 0x00007ff8780a3000 	C:\Windows\SYSTEM32\dxva2.dll
0x00007ff854120000 - 0x00007ff85415a000 	C:\Windows\System32\DriverStore\FileRepository\u0347173.inf_amd64_278cfea1d12001d0\B346462\atig6txx.dll
0x00007ff84bf90000 - 0x00007ff84c13a000 	C:\Windows\SYSTEM32\atiadlxx.dll
0x00007ff8724c0000 - 0x00007ff87255e000 	C:\Windows\System32\TextInputFramework.dll
0x00007ff86f140000 - 0x00007ff86f3e6000 	C:\Windows\System32\iertutil.dll
0x00007ff84bf30000 - 0x00007ff84bf89000 	C:\Users\Hanzen Shou\AppData\Local\Temp\lwjglHanzen Shou\3.2.3-build-13\lwjgl_opengl.dll
0x00007ff81d030000 - 0x00007ff81d1ca000 	C:\Program Files\Java\jre1.8.0_251\bin\awt.dll
0x00007ff877fb0000 - 0x00007ff87803f000 	C:\Windows\SYSTEM32\apphelp.dll
0x00007ff87a360000 - 0x00007ff87a554000 	C:\Windows\SYSTEM32\dbghelp.dll

VM Arguments:
jvm_args: -Dvisualvm.id=582148497088100 -Dfile.encoding=Cp1252 
java_command: GameController.Main
java_class_path (initial): C:\Users\Hanzen Shou\Documents\GitBash\GameDev\Game\target\classes;C:\Users\Hanzen Shou\Documents\GitBash\GameDev\usedlibraries\jwjgl\lwjgl.jar;C:\Users\Hanzen Shou\Documents\GitBash\GameDev\usedlibraries\jwjgl\lwjgl-glfw.jar;C:\Users\Hanzen Shou\Documents\GitBash\GameDev\usedlibraries\jwjgl\lwjgl-glfw-javadoc.jar;C:\Users\Hanzen Shou\Documents\GitBash\GameDev\usedlibraries\jwjgl\lwjgl-glfw-natives-linux.jar;C:\Users\Hanzen Shou\Documents\GitBash\GameDev\usedlibraries\jwjgl\lwjgl-glfw-natives-linux-arm32.jar;C:\Users\Hanzen Shou\Documents\GitBash\GameDev\usedlibraries\jwjgl\lwjgl-glfw-natives-linux-arm64.jar;C:\Users\Hanzen Shou\Documents\GitBash\GameDev\usedlibraries\jwjgl\lwjgl-glfw-natives-macos.jar;C:\Users\Hanzen Shou\Documents\GitBash\GameDev\usedlibraries\jwjgl\lwjgl-glfw-natives-windows.jar;C:\Users\Hanzen Shou\Documents\GitBash\GameDev\usedlibraries\jwjgl\lwjgl-glfw-natives-windows-x86.jar;C:\Users\Hanzen Shou\Documents\GitBash\GameDev\usedlibraries\jwjgl\lwjgl-glfw-sources.jar;C:\Users\Hanzen Shou\Documents\GitBash\GameDev\usedlibraries\jwjgl\lwjgl-javadoc.jar;C:\Users\Hanzen Shou\Documents\GitBash\GameDev\usedlibraries\jwjgl\lwjgl-natives-linux.jar;C:\Users\Hanzen Shou\Documents\GitBash\GameDev\usedlibraries\jwjgl\lwjgl-natives-linux-arm32.jar;C:\Users\Hanzen Shou\Documents\GitBash\GameDev\usedlibraries\jwjgl\lwjgl-natives-linux-arm64.jar;C:\Users\Hanzen Shou\Documents\GitBash\GameDev\usedlibraries\jwjgl\lwjgl-natives-macos.jar;C:\Users\Hanzen Shou\Documents\GitBash\GameDev\usedlibraries\jwjgl\lwjgl-natives-windows.jar;C:\Users\Hanzen Shou\Documents\GitBash\GameDev\usedlibraries\jwjgl\lwjgl-natives-windows-x86.jar;C:\Users\Hanzen Shou\Documents\GitBash\GameDev\usedlibraries\jwjgl\lwjgl-opengl.jar;C:\Users\Hanzen Shou\Documents\GitBash\GameDev\usedlibraries\jwjgl\lwjgl-opengl-javadoc.jar;C:\Users\Hanzen Shou\Documents\GitBash\GameDev\usedlibraries\jwjgl\lwjgl-opengl-natives-linux.jar;C:\Users\Hanzen Shou\Documents\GitBash\GameD
Launcher Type: SUN_STANDARD

Environment Variables:
PATH=C:/Program Files/Java/jre1.8.0_251/bin/server;C:/Program Files/Java/jre1.8.0_251/bin;C:/Program Files/Java/jre1.8.0_251/lib/amd64;C:\Program Files (x86)\Common Files\Oracle\Java\javapath;C:\Windows\system32;C:\Windows;C:\Windows\System32\Wbem;C:\Windows\System32\WindowsPowerShell\v1.0\;C:\Windows\System32\OpenSSH\;C:\Program Files\nodejs\;C:\Program Files (x86)\Vim\vim82\;C:\Program Files\Sublime Text 3\;C:\Program Files\Git\cmd;C:\Program Files\PuTTY\;C:\Users\Hanzen Shou\AppData\Local\Programs\Python\Python35\Scripts\;C:\Users\Hanzen Shou\AppData\Local\Programs\Python\Python35\;C:\Users\Hanzen Shou\AppData\Local\Microsoft\WindowsApps;C:\Users\Hanzen Shou\AppData\Roaming\npm;C:\Users\Hanzen Shou\AppData\Local\GitHubDesktop\bin;C:\Users\Hanzen Shou\AppData\Local\atom\bin;C:\Users\Hanzen Shou\Desktop\Programming\AudioRepeater;C:\Users\Hanzen Shou\Desktop\Programming\Eclipse\Exports\password;;C:\Windows\System32;
USERNAME=Hanzen Shou
OS=Windows_NT
PROCESSOR_IDENTIFIER=AMD64 Family 23 Model 113 Stepping 0, AuthenticAMD



---------------  S Y S T E M  ---------------

OS: