#
# A fatal error has been detected by the Java Runtime Environment:
#
#  EXCEPTION_ACCESS_VIOLATION (0xc0000005) at pc=0x00007ff81164acda, pid=22276, tid=0x0000000000001960
#
# JRE version: Java(TM) SE Runtime Environment (8.0_251-b08) (build 1.8.0_251-b08)
# Java VM: Java HotSpot(TM) 64-Bit Server VM (25.251-b08 mixed mode windows-amd64 compressed oops)
# Problematic frame:
# C  [atio6axx.dll+0x154acda]
#
# Failed to write core dump. Minidumps are not enabled by default on client versions of Windows
#
# If you would like to submit a bug report, please visit:
#   http://bugreport.java.com/bugreport/crash.jsp
# The crash happened outside the Java Virtual Machine in native code.
# See problematic frame for where to report the bug.
#

---------------  T H R E A D  ---------------

Current thread (0x00000000032a2800):  JavaThread "main" [_thread_in_native, id=6496, stack(0x0000000003130000,0x0000000003230000)]

siginfo: ExceptionCode=0xc0000005, writing address 0x0000000056e8b000

Registers:
RAX=0x0000000083838383, RBX=0x000000002469f6f8, RCX=0x0000000060606060, RDX=0x0000000061616161
RSP=0x000000000322ead8, RBP=0x0000000000000500, RSI=0x0000000056e8a040, RDI=0x0000000056fbe040
R8 =0x0000000040ce67b0, R9 =0x0000000000000500, R10=0x0000000056e8b000, R11=0x00000000000003b0
R12=0x00000000000001e0, R13=0x00007ff81165b5c0, R14=0x00007ff81159b7e0, R15=0x00007ff81164ac80
RIP=0x00007ff81164acda, EFLAGS=0x0000000000010202

Top of Stack: (sp=0x000000000322ead8)
0x000000000322ead8:   00007ff8114c4fd3 000000002469f6f8
0x000000000322eae8:   0000000000000000 000002d000000000
0x000000000322eaf8:   0000000000000000 000000000000001b
0x000000000322eb08:   0000000000000000 0000000000001400
0x000000000322eb18:   0000000000003c00 000000000000001b
0x000000000322eb28:   0000000056b06040 0000000000000009
0x000000000322eb38:   00007ff8114c5645 00007ff810100000
0x000000000322eb48:   000000000322ed30 000000002469f750
0x000000000322eb58:   0000000000000000 00007ff81165b5c0
0x000000000322eb68:   00007ff800000500 00000000000002d0
0x000000000322eb78:   0000000056e92040 0000000000001400
0x000000000322eb88:   0000000000000000 0000000056b06040
0x000000000322eb98:   0000000000003c00 0000000000000000
0x000000000322eba8:   0000000000000009 0000000000000005
0x000000000322ebb8:   0000000000000002 000000000000001b
0x000000000322ebc8:   0000000000000000 0000000000000004 

Instructions: (pc=0x00007ff81164acda)
0x00007ff81164acba:   48 f8 f2 0f 59 c2 f2 0f 59 ca f2 0f 58 c3 f2 0f
0x00007ff81164acca:   58 cb f2 48 0f 2c d0 f2 41 0f 10 00 49 83 c0 20
0x00007ff81164acda:   41 89 12 f2 0f 59 c2 f2 48 0f 2c c9 f2 0f 58 c3
0x00007ff81164acea:   41 89 4a 04 f2 48 0f 2c c0 41 89 42 08 49 83 c2 


Register to memory mapping:

RAX=0x0000000083838383 is an unknown value
RBX=0x000000002469f6f8 is an unknown value
RCX=0x0000000060606060 is an unknown value
RDX=0x0000000061616161 is an unknown value
RSP=0x000000000322ead8 is pointing into the stack for thread: 0x00000000032a2800
RBP=0x0000000000000500 is an unknown value
RSI=0x0000000056e8a040 is an unknown value
RDI=0x0000000056fbe040 is an unknown value
R8 =0x0000000040ce67b0 is an unknown value
R9 =0x0000000000000500 is an unknown value
R10=0x0000000056e8b000 is an unknown value
R11=0x00000000000003b0 is an unknown value
R12=0x00000000000001e0 is an unknown value
R13=0x00007ff81165b5c0 is an unknown value
R14=0x00007ff81159b7e0 is an unknown value
R15=0x00007ff81164ac80 is an unknown value


Stack: [0x0000000003130000,0x0000000003230000],  sp=0x000000000322ead8,  free space=1018k
Native frames: (J=compiled Java code, j=interpreted, Vv=VM code, C=native code)
C  [atio6axx.dll+0x154acda]

Java frames: (J=compiled Java code, j=interpreted, Vv=VM code)
j  org.lwjgl.system.JNI.callPV(IIII[IJ)V+0
j  org.lwjgl.opengl.GL11C.glGetTexImage(IIII[I)V+28
j  org.lwjgl.opengl.GL11.glGetTexImage(IIII[I)V+6
j  GameController.Drawer.draw(LGameController/Map;Ljava/util/ArrayList;)V+409
j  GameController.GameManager.loop()V+30
j  GameController.GameManager.<init>()V+9
j  GameController.Main.main([Ljava/lang/String;)V+4
v  ~StubRoutines::call_stub

---------------  P R O C E S S  ---------------

Java Threads: ( => current thread )
  0x000000002081b000 JavaThread "Java2D Disposer" daemon [_thread_blocked, id=23428, stack(0x000000002dd80000,0x000000002de80000)]
  0x000000001e7c8800 JavaThread "Service Thread" daemon [_thread_blocked, id=22784, stack(0x0000000020190000,0x0000000020290000)]
  0x000000001e741800 JavaThread "C1 CompilerThread3" daemon [_thread_blocked, id=6332, stack(0x0000000020090000,0x0000000020190000)]
  0x000000001e73d000 JavaThread "C2 CompilerThread2" daemon [_thread_blocked, id=7924, stack(0x000000001ff90000,0x0000000020090000)]
  0x000000001e734000 JavaThread "C2 CompilerThread1" daemon [_thread_blocked, id=7268, stack(0x000000001fe90000,0x000000001ff90000)]
  0x000000001e72e800 JavaThread "C2 CompilerThread0" daemon [_thread_blocked, id=9480, stack(0x000000001fd90000,0x000000001fe90000)]
  0x000000001e72d000 JavaThread "Attach Listener" daemon [_thread_blocked, id=12772, stack(0x000000001fc90000,0x000000001fd90000)]
  0x000000001d05e000 JavaThread "Signal Dispatcher" daemon [_thread_blocked, id=9812, stack(0x000000001fb90000,0x000000001fc90000)]
  0x000000001e723000 JavaThread "Finalizer" daemon [_thread_blocked, id=7596, stack(0x000000001f990000,0x000000001fa90000)]
  0x000000000339c000 JavaThread "Reference Handler" daemon [_thread_blocked, id=14216, stack(0x000000001f890000,0x000000001f990000)]
=>0x00000000032a2800 JavaThread "main" [_thread_in_native, id=6496, stack(0x0000000003130000,0x0000000003230000)]

Other Threads:
  0x000000001e702800 VMThread [stack: 0x000000001f790000,0x000000001f890000] [id=12812]
  0x000000001e7ee000 WatcherThread [stack: 0x0000000020290000,0x0000000020390000] [id=2388]

VM state:not at safepoint (normal execution)

VM Mutex/Monitor currently owned by a thread: None

heap address: 0x00000006c0c00000, size: 4084 MB, Compressed Oops mode: Zero based, Oop shift amount: 3
Narrow klass base: 0x0000000000000000, Narrow klass shift: 3
Compressed class space size: 1073741824 Address: 0x00000007c0000000

Heap:
 PSYoungGen      total 76288K, used 64493K [0x000000076af00000, 0x0000000774400000, 0x00000007c0000000)
  eden space 65536K, 82% used [0x000000076af00000,0x000000076e37c2d0,0x000000076ef00000)
  from space 10752K, 99% used [0x000000076ef00000,0x000000076f97f308,0x000000076f980000)
  to   space 10752K, 0% used [0x0000000773980000,0x0000000773980000,0x0000000774400000)
 ParOldGen       total 175104K, used 20482K [0x00000006c0c00000, 0x00000006cb700000, 0x000000076af00000)
  object space 175104K, 11% used [0x00000006c0c00000,0x00000006c2000868,0x00000006cb700000)
 Metaspace       used 13887K, capacity 14147K, committed 14336K, reserved 1062912K
  class space    used 1149K, capacity 1260K, committed 1280K, reserved 1048576K

Card table byte_map: [0x0000000012760000,0x0000000012f60000] byte_map_base: 0x000000000f15a000

Marking Bits: (ParMarkBitMap*) 0x000000005842af90
 Begin Bits: [0x0000000013ec0000, 0x0000000017e90000)
 End Bits:   [0x0000000017e90000, 0x000000001be60000)

Polling page: 0x0000000001370000

CodeCache: size=245760Kb used=4362Kb max_used=4377Kb free=241397Kb
 bounds [0x00000000033a0000, 0x00000000037f0000, 0x00000000123a0000]
 total_blobs=2136 nmethods=1137 adapters=913
 compilation: enabled

Compilation events (10 events):
Event: 1.267 Thread 0x000000001e72e800 1135       4       Rendering.Transformation::genWorldMVP (89 bytes)
Event: 1.268 Thread 0x000000001e734000 nmethod 1134 0x00000000037dcf50 code [0x00000000037dd080, 0x00000000037dd138]
Event: 1.271 Thread 0x000000001e734000 1138       4       Rendering.Transformation::genMVP (88 bytes)
Event: 1.274 Thread 0x000000001e72e800 nmethod 1135 0x00000000037ddc90 code [0x00000000037dde00, 0x00000000037de378]
Event: 1.274 Thread 0x000000001e72e800 1137       4       Rendering.Renderer::renderStart (67 bytes)
Event: 1.276 Thread 0x000000001e72e800 nmethod 1137 0x00000000037dd310 code [0x00000000037dd480, 0x00000000037dd7a8]
Event: 1.276 Thread 0x000000001e72e800 1136       4       Tiles.Tile::render (19 bytes)
Event: 1.277 Thread 0x000000001e73d000 nmethod 1133 0x00000000037df190 code [0x00000000037df360, 0x00000000037dfce8]
Event: 1.284 Thread 0x000000001e734000 nmethod 1138 0x00000000037e1750 code [0x00000000037e1900, 0x00000000037e2360]
Event: 1.294 Thread 0x000000001e72e800 nmethod 1136 0x00000000037e7910 code [0x00000000037e7ba0, 0x00000000037e8cc8]

GC Heap History (2 events):
Event: 0.944 GC heap before
{Heap before GC invocations=1 (full 0):
 PSYoungGen      total 76288K, used 65536K [0x000000076af00000, 0x0000000770400000, 0x00000007c0000000)
  eden space 65536K, 100% used [0x000000076af00000,0x000000076ef00000,0x000000076ef00000)
  from space 10752K, 0% used [0x000000076f980000,0x000000076f980000,0x0000000770400000)
  to   space 10752K, 0% used [0x000000076ef00000,0x000000076ef00000,0x000000076f980000)
 ParOldGen       total 175104K, used 0K [0x00000006c0c00000, 0x00000006cb700000, 0x000000076af00000)
  object space 175104K, 0% used [0x00000006c0c00000,0x00000006c0c00000,0x00000006cb700000)
 Metaspace       used 12394K, capacity 12611K, committed 12800K, reserved 1060864K
  class space    used 1089K, capacity 1196K, committed 1280K, reserved 1048576K
Event: 0.957 GC heap after
Heap after GC invocations=1 (full 0):
 PSYoungGen      total 76288K, used 10748K [0x000000076af00000, 0x0000000774400000, 0x00000007c0000000)
  eden space 65536K, 0% used [0x000000076af00000,0x000000076af00000,0x000000076ef00000)
  from space 10752K, 99% used [0x000000076ef00000,0x000000076f97f308,0x000000076f980000)
  to   space 10752K, 0% used [0x0000000773980000,0x0000000773980000,0x0000000774400000)
 ParOldGen       total 175104K, used 20482K [0x00000006c0c00000, 0x00000006cb700000, 0x000000076af00000)
  object space 175104K, 11% used [0x00000006c0c00000,0x00000006c2000868,0x00000006cb700000)
 Metaspace       used 12394K, capacity 12611K, committed 12800K, reserved 1060864K
  class space    used 1089K, capacity 1196K, committed 1280K, reserved 1048576K
}

Deoptimization events (1 events):
Event: 0.741 Thread 0x00000000032a2800 Uncommon trap: reason=unstable_if action=reinterpret pc=0x00000000037231cc method=java.io.BufferedReader.readLine(Z)Ljava/lang/String; @ 192

Classes redefined (0 events):
No events

Internal exceptions (10 events):
Event: 0.123 Thread 0x00000000032a2800 Exception <a 'java/security/PrivilegedActionException'> (0x000000076b3d3fd8) thrown at [C:\jenkins\workspace\8-2-build-windows-amd64-cygwin\jdk8u251\737\hotspot\src\share\vm\prims\jvm.cpp, line 1502]
Event: 0.148 Thread 0x00000000032a2800 Exception <a 'sun/nio/fs/WindowsException'> (0x000000076b480dd8) thrown at [C:\jenkins\workspace\8-2-build-windows-amd64-cygwin\jdk8u251\737\hotspot\src\share\vm\prims\jni.cpp, line 710]
Event: 0.148 Thread 0x00000000032a2800 Exception <a 'sun/nio/fs/WindowsException'> (0x000000076b4816d8) thrown at [C:\jenkins\workspace\8-2-build-windows-amd64-cygwin\jdk8u251\737\hotspot\src\share\vm\prims\jni.cpp, line 710]
Event: 0.169 Thread 0x00000000032a2800 Exception <a 'sun/nio/fs/WindowsException'> (0x000000076b593ec0) thrown at [C:\jenkins\workspace\8-2-build-windows-amd64-cygwin\jdk8u251\737\hotspot\src\share\vm\prims\jni.cpp, line 710]
Event: 0.169 Thread 0x00000000032a2800 Exception <a 'sun/nio/fs/WindowsException'> (0x000000076b5945f8) thrown at [C:\jenkins\workspace\8-2-build-windows-amd64-cygwin\jdk8u251\737\hotspot\src\share\vm\prims\jni.cpp, line 710]
Event: 0.428 Thread 0x00000000032a2800 Exception <a 'sun/nio/fs/WindowsException'> (0x000000076b656238) thrown at [C:\jenkins\workspace\8-2-build-windows-amd64-cygwin\jdk8u251\737\hotspot\src\share\vm\prims\jni.cpp, line 710]
Event: 0.428 Thread 0x00000000032a2800 Exception <a 'sun/nio/fs/WindowsException'> (0x000000076b6569d0) thrown at [C:\jenkins\workspace\8-2-build-windows-amd64-cygwin\jdk8u251\737\hotspot\src\share\vm\prims\jni.cpp, line 710]
Event: 0.430 Thread 0x00000000032a2800 Exception <a 'sun/nio/fs/WindowsException'> (0x000000076b661588) thrown at [C:\jenkins\workspace\8-2-build-windows-amd64-cygwin\jdk8u251\737\hotspot\src\share\vm\prims\jni.cpp, line 710]
Event: 0.430 Thread 0x00000000032a2800 Exception <a 'sun/nio/fs/WindowsException'> (0x000000076b661bd8) thrown at [C:\jenkins\workspace\8-2-build-windows-amd64-cygwin\jdk8u251\737\hotspot\src\share\vm\prims\jni.cpp, line 710]
Event: 0.626 Thread 0x00000000032a2800 Exception <a 'java/io/FileNotFoundException'> (0x000000076bf7f078) thrown at [C:\jenkins\workspace\8-2-build-windows-amd64-cygwin\jdk8u251\737\hotspot\src\share\vm\prims\jni.cpp, line 710]

Events (10 events):
Event: 1.198 loading class org/joml/Vector2i
Event: 1.198 loading class org/joml/Vector2i done
Event: 1.199 loading class org/joml/Vector2ic
Event: 1.199 loading class org/joml/Vector2ic done
Event: 1.199 loading class org/joml/Quaternionf
Event: 1.199 loading class org/joml/Quaternionf done
Event: 1.200 loading class org/joml/Quaternionfc
Event: 1.200 loading class org/joml/Quaternionfc done
Event: 1.273 loading class org/lwjgl/opengl/GL$ICDStatic$WriteOnce
Event: 1.273 loading class org/lwjgl/opengl/GL$ICDStatic$WriteOnce done


Dynamic libraries:
0x00007ff757bf0000 - 0x00007ff757c27000 	C:\Program Files\Java\jre1.8.0_251\bin\javaw.exe
0x00007ff87dba0000 - 0x00007ff87dd90000 	C:\Windows\SYSTEM32\ntdll.dll
0x00007ff87d200000 - 0x00007ff87d2b2000 	C:\Windows\System32\KERNEL32.DLL
0x00007ff87b540000 - 0x00007ff87b7e4000 	C:\Windows\System32\KERNELBASE.dll
0x00007ff87c9a0000 - 0x00007ff87ca43000 	C:\Windows\System32\ADVAPI32.dll
0x00007ff87cae0000 - 0x00007ff87cb7e000 	C:\Windows\System32\msvcrt.dll
0x00007ff87d880000 - 0x00007ff87d917000 	C:\Windows\System32\sechost.dll
0x00007ff87c0c0000 - 0x00007ff87c1e0000 	C:\Windows\System32\RPCRT4.dll
0x00007ff87d920000 - 0x00007ff87dab5000 	C:\Windows\System32\USER32.dll
0x00007ff87ad80000 - 0x00007ff87ada1000 	C:\Windows\System32\win32u.dll
0x00007ff87db30000 - 0x00007ff87db56000 	C:\Windows\System32\GDI32.dll
0x00007ff87b840000 - 0x00007ff87b9d6000 	C:\Windows\System32\gdi32full.dll
0x00007ff87bb80000 - 0x00007ff87bc1e000 	C:\Windows\System32\msvcp_win.dll
0x00007ff87ba80000 - 0x00007ff87bb7a000 	C:\Windows\System32\ucrtbase.dll
0x00007ff879ef0000 - 0x00007ff87a174000 	C:\Windows\WinSxS\amd64_microsoft.windows.common-controls_6595b64144ccf1df_6.0.18362.1016_none_9e7a36bbe461dae4\COMCTL32.dll
0x00007ff87d2c0000 - 0x00007ff87d5f5000 	C:\Windows\System32\combase.dll
0x00007ff87ba00000 - 0x00007ff87ba80000 	C:\Windows\System32\bcryptPrimitives.dll
0x00007ff87cab0000 - 0x00007ff87cade000 	C:\Windows\System32\IMM32.DLL
0x0000000057a40000 - 0x0000000057b12000 	C:\Program Files\Java\jre1.8.0_251\bin\msvcr100.dll
0x0000000057c00000 - 0x00000000584ab000 	C:\Program Files\Java\jre1.8.0_251\bin\server\jvm.dll
0x00007ff87cb80000 - 0x00007ff87cb88000 	C:\Windows\System32\PSAPI.DLL
0x00007ff878110000 - 0x00007ff878134000 	C:\Windows\SYSTEM32\WINMM.dll
0x00007ff8709b0000 - 0x00007ff8709b9000 	C:\Windows\SYSTEM32\WSOCK32.dll
0x00007ff873820000 - 0x00007ff87382a000 	C:\Windows\SYSTEM32\VERSION.dll
0x00007ff87cb90000 - 0x00007ff87cbff000 	C:\Windows\System32\WS2_32.dll
0x00007ff877f80000 - 0x00007ff877fad000 	C:\Windows\SYSTEM32\winmmbase.dll
0x00007ff87b7f0000 - 0x00007ff87b83a000 	C:\Windows\System32\cfgmgr32.dll
0x00007ff872920000 - 0x00007ff87292f000 	C:\Program Files\Java\jre1.8.0_251\bin\verify.dll
0x00007ff86dee0000 - 0x00007ff86df09000 	C:\Program Files\Java\jre1.8.0_251\bin\java.dll
0x00007ff872230000 - 0x00007ff872246000 	C:\Program Files\Java\jre1.8.0_251\bin\zip.dll
0x00007ff87c1e0000 - 0x00007ff87c8c7000 	C:\Windows\System32\SHELL32.dll
0x00007ff87cf80000 - 0x00007ff87d029000 	C:\Windows\System32\shcore.dll
0x00007ff87adb0000 - 0x00007ff87b532000 	C:\Windows\System32\windows.storage.dll
0x00007ff87aaf0000 - 0x00007ff87ab13000 	C:\Windows\System32\profapi.dll
0x00007ff87aaa0000 - 0x00007ff87aaea000 	C:\Windows\System32\powrprof.dll
0x00007ff87aa50000 - 0x00007ff87aa60000 	C:\Windows\System32\UMPDC.dll
0x00007ff87ce70000 - 0x00007ff87cec2000 	C:\Windows\System32\shlwapi.dll
0x00007ff87aa80000 - 0x00007ff87aa91000 	C:\Windows\System32\kernel.appcore.dll
0x00007ff87b9e0000 - 0x00007ff87b9f7000 	C:\Windows\System32\cryptsp.dll
0x00007ff872060000 - 0x00007ff87207a000 	C:\Program Files\Java\jre1.8.0_251\bin\net.dll
0x00007ff879bd0000 - 0x00007ff879c37000 	C:\Windows\system32\mswsock.dll
0x00007ff871d00000 - 0x00007ff871d12000 	C:\Program Files\Java\jre1.8.0_251\bin\nio.dll
0x00007ff84c010000 - 0x00007ff84c074000 	C:\Users\Hanzen Shou\AppData\Local\Temp\lwjglHanzen Shou\3.2.3-build-13\lwjgl.dll
0x00007ff84bfa0000 - 0x00007ff84c002000 	C:\Users\HANZEN~1\AppData\Local\Temp\lwjglHanzen Shou\3.2.3-build-13\glfw.dll
0x00007ff8781b0000 - 0x00007ff878249000 	C:\Windows\system32\uxtheme.dll
0x00007ff861240000 - 0x00007ff861283000 	C:\Windows\SYSTEM32\dinput8.dll
0x00007ff872ba0000 - 0x00007ff872bb1000 	C:\Windows\SYSTEM32\xinput1_4.dll
0x00007ff87a7f0000 - 0x00007ff87a81a000 	C:\Windows\SYSTEM32\DEVOBJ.dll
0x00007ff878610000 - 0x00007ff87863d000 	C:\Windows\SYSTEM32\dwmapi.dll
0x00007ff8723a0000 - 0x00007ff8724bb000 	C:\Windows\SYSTEM32\inputhost.dll
0x00007ff875e80000 - 0x00007ff875fd3000 	C:\Windows\SYSTEM32\wintypes.dll
0x00007ff877a00000 - 0x00007ff877ad4000 	C:\Windows\SYSTEM32\CoreMessaging.dll
0x00007ff8764d0000 - 0x00007ff8765c0000 	C:\Windows\SYSTEM32\PROPSYS.dll
0x00007ff8751d0000 - 0x00007ff8754fa000 	C:\Windows\SYSTEM32\CoreUIComponents.dll
0x00007ff87c8d0000 - 0x00007ff87c995000 	C:\Windows\System32\OLEAUT32.dll
0x00007ff87a320000 - 0x00007ff87a351000 	C:\Windows\SYSTEM32\ntmarta.dll
0x00007ff87d600000 - 0x00007ff87d735000 	C:\Windows\System32\MSCTF.dll
0x00007ff878fe0000 - 0x00007ff878fee000 	C:\Windows\SYSTEM32\HID.DLL
0x00007ff87bc50000 - 0x00007ff87c0c0000 	C:\Windows\System32\SETUPAPI.DLL
0x00007ff87bc20000 - 0x00007ff87bc46000 	C:\Windows\System32\bcrypt.dll
0x00007ff87ad20000 - 0x00007ff87ad7c000 	C:\Windows\System32\WINTRUST.dll
0x00007ff87aa60000 - 0x00007ff87aa72000 	C:\Windows\System32\MSASN1.dll
0x00007ff87ab20000 - 0x00007ff87ac69000 	C:\Windows\System32\CRYPT32.dll
0x00007ff84b790000 - 0x00007ff84b8e6000 	C:\Windows\SYSTEM32\opengl32.dll
0x00007ff850f80000 - 0x00007ff850fac000 	C:\Windows\SYSTEM32\GLU32.dll
0x00007ff879040000 - 0x00007ff879060000 	C:\Windows\SYSTEM32\dxcore.dll
0x00007ff854130000 - 0x00007ff854158000 	C:\Windows\System32\DriverStore\FileRepository\u0347173.inf_amd64_278cfea1d12001d0\B346462\atig6pxx.dll
0x00007ff810100000 - 0x00007ff813193000 	C:\Windows\System32\DriverStore\FileRepository\u0347173.inf_amd64_278cfea1d12001d0\B346462\atio6axx.dll
0x00007ff87cc90000 - 0x00007ff87cde7000 	C:\Windows\System32\ole32.dll
0x00007ff878080000 - 0x00007ff8780a3000 	C:\Windows\SYSTEM32\dxva2.dll
0x00007ff84fef0000 - 0x00007ff84ff2a000 	C:\Windows\System32\DriverStore\FileRepository\u0347173.inf_amd64_278cfea1d12001d0\B346462\atig6txx.dll
0x00007ff84bdf0000 - 0x00007ff84bf9a000 	C:\Windows\SYSTEM32\atiadlxx.dll
0x00007ff8724c0000 - 0x00007ff87255e000 	C:\Windows\System32\TextInputFramework.dll
0x00007ff86f140000 - 0x00007ff86f3e6000 	C:\Windows\System32\iertutil.dll
0x00007ff84bd90000 - 0x00007ff84bde9000 	C:\Users\Hanzen Shou\AppData\Local\Temp\lwjglHanzen Shou\3.2.3-build-13\lwjgl_opengl.dll
0x00007ff81d030000 - 0x00007ff81d1ca000 	C:\Program Files\Java\jre1.8.0_251\bin\awt.dll
0x00007ff877fb0000 - 0x00007ff87803f000 	C:\Windows\SYSTEM32\apphelp.dll
0x00007ff87a360000 - 0x00007ff87a554000 	C:\Windows\SYSTEM32\dbghelp.dll

VM Arguments:
jvm_args: -Dvisualvm.id=580335415616900 -Dfile.encoding=Cp1252 
java_command: GameController.Main
java_class_path (initial): C:\Users\Hanzen Shou\Documents\GitBash\GameDev\Game\target\classes;C:\Users\Hanzen Shou\Documents\GitBash\GameDev\usedlibraries\jwjgl\lwjgl.jar;C:\Users\Hanzen Shou\Documents\GitBash\GameDev\usedlibraries\jwjgl\lwjgl-glfw.jar;C:\Users\Hanzen Shou\Documents\GitBash\GameDev\usedlibraries\jwjgl\lwjgl-glfw-javadoc.jar;C:\Users\Hanzen Shou\Documents\GitBash\GameDev\usedlibraries\jwjgl\lwjgl-glfw-natives-linux.jar;C:\Users\Hanzen Shou\Documents\GitBash\GameDev\usedlibraries\jwjgl\lwjgl-glfw-natives-linux-arm32.jar;C:\Users\Hanzen Shou\Documents\GitBash\GameDev\usedlibraries\jwjgl\lwjgl-glfw-natives-linux-arm64.jar;C:\Users\Hanzen Shou\Documents\GitBash\GameDev\usedlibraries\jwjgl\lwjgl-glfw-natives-macos.jar;C:\Users\Hanzen Shou\Documents\GitBash\GameDev\usedlibraries\jwjgl\lwjgl-glfw-natives-windows.jar;C:\Users\Hanzen Shou\Documents\GitBash\GameDev\usedlibraries\jwjgl\lwjgl-glfw-natives-windows-x86.jar;C:\Users\Hanzen Shou\Documents\GitBash\GameDev\usedlibraries\jwjgl\lwjgl-glfw-sources.jar;C:\Users\Hanzen Shou\Documents\GitBash\GameDev\usedlibraries\jwjgl\lwjgl-javadoc.jar;C:\Users\Hanzen Shou\Documents\GitBash\GameDev\usedlibraries\jwjgl\lwjgl-natives-linux.jar;C:\Users\Hanzen Shou\Documents\GitBash\GameDev\usedlibraries\jwjgl\lwjgl-natives-linux-arm32.jar;C:\Users\Hanzen Shou\Documents\GitBash\GameDev\usedlibraries\jwjgl\lwjgl-natives-linux-arm64.jar;C:\Users\Hanzen Shou\Documents\GitBash\GameDev\usedlibraries\jwjgl\lwjgl-natives-macos.jar;C:\Users\Hanzen Shou\Documents\GitBash\GameDev\usedlibraries\jwjgl\lwjgl-natives-windows.jar;C:\Users\Hanzen Shou\Documents\GitBash\GameDev\usedlibraries\jwjgl\lwjgl-natives-windows-x86.jar;C:\Users\Hanzen Shou\Documents\GitBash\GameDev\usedlibraries\jwjgl\lwjgl-opengl.jar;C:\Users\Hanzen Shou\Documents\GitBash\GameDev\usedlibraries\jwjgl\lwjgl-opengl-javadoc.jar;C:\Users\Hanzen Shou\Documents\GitBash\GameDev\usedlibraries\jwjgl\lwjgl-opengl-natives-linux.jar;C:\Users\Hanzen Shou\Documents\GitBash\GameD
Launcher Type: SUN_STANDARD

Environment Variables:
PATH=C:/Program Files/Java/jre1.8.0_251/bin/server;C:/Program Files/Java/jre1.8.0_251/bin;C:/Program Files/Java/jre1.8.0_251/lib/amd64;C:\Program Files (x86)\Common Files\Oracle\Java\javapath;C:\Windows\system32;C:\Windows;C:\Windows\System32\Wbem;C:\Windows\System32\WindowsPowerShell\v1.0\;C:\Windows\System32\OpenSSH\;C:\Program Files\nodejs\;C:\Program Files (x86)\Vim\vim82\;C:\Program Files\Sublime Text 3\;C:\Program Files\Git\cmd;C:\Program Files\PuTTY\;C:\Users\Hanzen Shou\AppData\Local\Programs\Python\Python35\Scripts\;C:\Users\Hanzen Shou\AppData\Local\Programs\Python\Python35\;C:\Users\Hanzen Shou\AppData\Local\Microsoft\WindowsApps;C:\Users\Hanzen Shou\AppData\Roaming\npm;C:\Users\Hanzen Shou\AppData\Local\GitHubDesktop\bin;C:\Users\Hanzen Shou\AppData\Local\atom\bin;C:\Users\Hanzen Shou\Desktop\Programming\AudioRepeater;C:\Users\Hanzen Shou\Desktop\Programming\Eclipse\Exports\password;;C:\Windows\System32;
USERNAME=Hanzen Shou
OS=Windows_NT
PROCESSOR_IDENTIFIER=AMD64 Family 23 Model 113 Stepping 0, AuthenticAMD



---------------  S Y S T E M  ---------------

OS: Windows 10.0 , 64 bit Build 18362 (10.0.18362.959)

CPU:total 12 (initial active 12) (12 cores per cpu, 1 threads per core) family 23 model 113 stepping 0, cmov, cx8, fxsr, mmx, sse, sse2, sse3, ssse3, sse4.1, sse4.2, popcnt, avx, avx2, aes, clmul, mmxext, 3dnowpref, lzcnt, sse4a, tsc, tscinvbit, tscinv, bmi1

Memory: 4k page, physical 16727040k(8227232k free), swap 33504256k(18377048k free)

vm_info: Java HotSpot(TM) 64-Bit Server VM (25.251-b08) for windows-amd64 JRE (1.8.0_251-b08), built on Mar 12 2020 06:31:49 by "" with MS VC++ 10.0 (VS2010)

time: Tue Aug 25 16:39:39 2020
timezone: Pacific Daylight Time
elapsed time: 1 seconds (0d 0h 0m 1s)

