#
# A fatal error has been detected by the Java Runtime Environment:
#
#  EXCEPTION_ACCESS_VIOLATION (0xc0000005) at pc=0x00007ffdd5ad196d, pid=49980, tid=0x000000000000b010
#
# JRE version: Java(TM) SE Runtime Environment (8.0_251-b08) (build 1.8.0_251-b08)
# Java VM: Java HotSpot(TM) 64-Bit Server VM (25.251-b08 mixed mode windows-amd64 compressed oops)
# Problematic frame:
# C  [atio6axx.dll+0x1bb196d]
#
# Failed to write core dump. Minidumps are not enabled by default on client versions of Windows
#
# If you would like to submit a bug report, please visit:
#   http://bugreport.java.com/bugreport/crash.jsp
# The crash happened outside the Java Virtual Machine in native code.
# See problematic frame for where to report the bug.
#

---------------  T H R E A D  ---------------

Current thread (0x0000000002822800):  JavaThread "main" [_thread_in_native, id=45072, stack(0x0000000002720000,0x0000000002820000)]

siginfo: ExceptionCode=0xc0000005, reading address 0x00000000240f6000

Registers:
RAX=0x0000000024335630, RBX=0x0000000023d70460, RCX=0x000000002d63b450, RDX=0xfffffffff6ababf0
RSP=0x000000000281eab8, RBP=0x00000000008e8898, RSI=0x00000000008e8898, RDI=0x000000000030da00
R8 =0x000000000030d9f0, R9 =0x00000000000047eb, R10=0x0000000024027c30, R11=0x000000002d56d040
R12=0x000000000281ec30, R13=0x0000000024027c30, R14=0x0000000000000d00, R15=0x0000000000000d00
RIP=0x00007ffdd5ad196d, EFLAGS=0x0000000000010206

Top of Stack: (sp=0x000000000281eab8)
0x000000000281eab8:   00007ffdd5312ae0 0000000000000000
0x000000000281eac8:   0000000000801440 0000000000000000
0x000000000281ead8:   0000000000800000 0000000023b6c970
0x000000000281eae8:   00007ffdd66acec8 0000000000000854
0x000000000281eaf8:   0000000000800cc0 0000000023acfff0
0x000000000281eb08:   0000000000000340 0000000000000000
0x000000000281eb18:   00000000000003c2 0000000023acfff0
0x000000000281eb28:   0000000023c55690 000000000281ecc0
0x000000000281eb38:   00007ffdd5312ca2 0000000000000001
0x000000000281eb48:   0000000023c55690 000000000281edd0
0x000000000281eb58:   0000000700000000 0000000000000001
0x000000000281eb68:   0000000000000000 0000000000000036
0x000000000281eb78:   0000000074c3f100 0000000024027c30
0x000000000281eb88:   0000000000000001 00000007c00af800
0x000000000281eb98:   0000000000000000 0000000700000d00
0x000000000281eba8:   00000007c005da00 0000000000000000 

Instructions: (pc=0x00007ffdd5ad196d)
0x00007ffdd5ad194d:   00 00 00 0f 2b 41 80 0f 2b 49 90 0f 10 44 11 a0
0x00007ffdd5ad195d:   0f 10 4c 11 b0 49 ff c9 0f 2b 41 a0 0f 2b 49 b0
0x00007ffdd5ad196d:   0f 10 44 11 c0 0f 10 4c 11 d0 0f 18 84 11 40 02
0x00007ffdd5ad197d:   00 00 0f 2b 41 c0 0f 2b 49 d0 0f 10 44 11 e0 0f 


Register to memory mapping:

RAX=0x0000000024335630 is an unknown value
RBX=0x0000000023d70460 is an unknown value
RCX=0x000000002d63b450 is an unknown value
RDX=0xfffffffff6ababf0 is an unknown value
RSP=0x000000000281eab8 is pointing into the stack for thread: 0x0000000002822800
RBP=0x00000000008e8898 is an unknown value
RSI=0x00000000008e8898 is an unknown value
RDI=0x000000000030da00 is an unknown value
R8 =0x000000000030d9f0 is an unknown value
R9 =0x00000000000047eb is an unknown value
R10=0x0000000024027c30 is an unknown value
R11=0x000000002d56d040 is an unknown value
R12=0x000000000281ec30 is pointing into the stack for thread: 0x0000000002822800
R13=0x0000000024027c30 is an unknown value
R14=0x0000000000000d00 is an unknown value
R15=0x0000000000000d00 is an unknown value


Stack: [0x0000000002720000,0x0000000002820000],  sp=0x000000000281eab8,  free space=1018k
Native frames: (J=compiled Java code, j=interpreted, Vv=VM code, C=native code)
C  [atio6axx.dll+0x1bb196d]
C  [atio6axx.dll+0x13f2ae0]
C  [atio6axx.dll+0x13f2ca2]
C  [atio6axx.dll+0x13740a1]
C  [atio6axx.dll+0x134e77f]
C  [atio6axx.dll+0x8705c8]
C  [atio6axx.dll+0xd4e406]
C  [opengl32.dll+0x302f4]
C  [lwjgl_opengl.dll+0xcab5]
C  0x0000000002938627

Java frames: (J=compiled Java code, j=interpreted, Vv=VM code)
j  org.lwjgl.opengl.GL11C.nglTexImage2D(IIIIIIIIJ)V+0
j  org.lwjgl.opengl.GL11C.glTexImage2D(IIIIIIIILjava/nio/ByteBuffer;)V+17
j  org.lwjgl.opengl.GL11.glTexImage2D(IIIIIIIILjava/nio/ByteBuffer;)V+14
j  Graphics.Elements.Font.<init>(Ljava/lang/String;)V+262
j  Graphics.Elements.Text.init()V+6
j  Graphics.Drawer.initGraphics()V+44
j  GameController.GameManager.init()V+19
j  GameController.GameManager.<init>()V+5
j  GameController.Main.main([Ljava/lang/String;)V+3
v  ~StubRoutines::call_stub

---------------  P R O C E S S  ---------------

Java Threads: ( => current thread )
  0x000000001dd4d800 JavaThread "Service Thread" daemon [_thread_blocked, id=54600, stack(0x000000001f710000,0x000000001f810000)]
  0x000000001dcc3000 JavaThread "C1 CompilerThread3" daemon [_thread_blocked, id=6372, stack(0x000000001f610000,0x000000001f710000)]
  0x000000001dcc1000 JavaThread "C2 CompilerThread2" daemon [_thread_blocked, id=6316, stack(0x000000001f510000,0x000000001f610000)]
  0x000000001dcb9000 JavaThread "C2 CompilerThread1" daemon [_thread_blocked, id=41952, stack(0x000000001f410000,0x000000001f510000)]
  0x000000001dcb4000 JavaThread "C2 CompilerThread0" daemon [_thread_blocked, id=19056, stack(0x000000001f310000,0x000000001f410000)]
  0x000000001dcae000 JavaThread "Attach Listener" daemon [_thread_blocked, id=41700, stack(0x000000001f210000,0x000000001f310000)]
  0x000000001dcac000 JavaThread "Signal Dispatcher" daemon [_thread_blocked, id=45672, stack(0x000000001f110000,0x000000001f210000)]
  0x000000001dca3000 JavaThread "Finalizer" daemon [_thread_blocked, id=42056, stack(0x000000001ef10000,0x000000001f010000)]
  0x000000000291b000 JavaThread "Reference Handler" daemon [_thread_blocked, id=42220, stack(0x000000001ee10000,0x000000001ef10000)]
=>0x0000000002822800 JavaThread "main" [_thread_in_native, id=45072, stack(0x0000000002720000,0x0000000002820000)]

Other Threads:
  0x000000001c5c6000 VMThread [stack: 0x000000001ed10000,0x000000001ee10000] [id=50652]
  0x000000001dd6b000 WatcherThread [stack: 0x000000001f810000,0x000000001f910000] [id=51292]

VM state:not at safepoint (normal execution)

VM Mutex/Monitor currently owned by a thread: None

heap address: 0x00000006c0c00000, size: 4084 MB, Compressed Oops mode: Zero based, Oop shift amount: 3
Narrow klass base: 0x0000000000000000, Narrow klass shift: 3
Compressed class space size: 1073741824 Address: 0x00000007c0000000

Heap:
 PSYoungGen      total 76288K, used 19584K [0x000000076af00000, 0x0000000770400000, 0x00000007c0000000)
  eden space 65536K, 29% used [0x000000076af00000,0x000000076c220260,0x000000076ef00000)
  from space 10752K, 0% used [0x000000076f980000,0x000000076f980000,0x0000000770400000)
  to   space 10752K, 0% used [0x000000076ef00000,0x000000076ef00000,0x000000076f980000)
 ParOldGen       total 175104K, used 0K [0x00000006c0c00000, 0x00000006cb700000, 0x000000076af00000)
  object space 175104K, 0% used [0x00000006c0c00000,0x00000006c0c00000,0x00000006cb700000)
 Metaspace       used 9078K, capacity 9267K, committed 9600K, reserved 1058816K
  class space    used 741K, capacity 844K, committed 896K, reserved 1048576K

Card table byte_map: [0x0000000011ce0000,0x00000000124e0000] byte_map_base: 0x000000000e6da000

Marking Bits: (ParMarkBitMap*) 0x00000000753eaf90
 Begin Bits: [0x0000000013440000, 0x0000000017410000)
 End Bits:   [0x0000000017410000, 0x000000001b3e0000)

Polling page: 0x00000000005f0000

CodeCache: size=245760Kb used=2881Kb max_used=2881Kb free=242878Kb
 bounds [0x0000000002920000, 0x0000000002c00000, 0x0000000011920000]
 total_blobs=1552 nmethods=644 adapters=822
 compilation: enabled

Compilation events (10 events):
Event: 0.814 Thread 0x000000001dcc3000  640   !   3       java.lang.Thread::blockedOn (23 bytes)
Event: 0.814 Thread 0x000000001dcc3000 nmethod 640 0x0000000002be8450 code [0x0000000002be85c0, 0x0000000002be88d0]
Event: 0.814 Thread 0x000000001dcc3000  641       3       java.nio.DirectByteBuffer::address (5 bytes)
Event: 0.814 Thread 0x000000001dcc3000 nmethod 641 0x0000000002bd75d0 code [0x0000000002bd7720, 0x0000000002bd7870]
Event: 0.817 Thread 0x000000001dcc3000  642       3       sun.net.www.protocol.jar.Handler::parseURL (223 bytes)
Event: 0.818 Thread 0x000000001dcc3000 nmethod 642 0x0000000002be8990 code [0x0000000002be8c80, 0x0000000002bea3a8]
Event: 0.818 Thread 0x000000001dcc3000  643       3       sun.net.www.protocol.jar.Handler::indexOfBangSlash (52 bytes)
Event: 0.818 Thread 0x000000001dcc3000 nmethod 643 0x0000000002bed390 code [0x0000000002bed540, 0x0000000002bedc38]
Event: 0.818 Thread 0x000000001dcc3000  644       3       sun.misc.URLClassPath$JarLoader$2::<init> (26 bytes)
Event: 0.818 Thread 0x000000001dcc3000 nmethod 644 0x0000000002bef390 code [0x0000000002bef500, 0x0000000002bef770]

GC Heap History (0 events):
No events

Deoptimization events (1 events):
Event: 0.140 Thread 0x0000000002822800 Uncommon trap: reason=unstable_if action=reinterpret pc=0x0000000002ace3dc method=java.lang.String.indexOf([CII[CIII)I @ 134

Classes redefined (0 events):
No events

Internal exceptions (10 events):
Event: 0.160 Thread 0x0000000002822800 Exception <a 'sun/nio/fs/WindowsException'> (0x000000076b536d10) thrown at [C:\jenkins\workspace\8-2-build-windows-amd64-cygwin\jdk8u251\737\hotspot\src\share\vm\prims\jni.cpp, line 710]
Event: 0.160 Thread 0x0000000002822800 Exception <a 'sun/nio/fs/WindowsException'> (0x000000076b537610) thrown at [C:\jenkins\workspace\8-2-build-windows-amd64-cygwin\jdk8u251\737\hotspot\src\share\vm\prims\jni.cpp, line 710]
Event: 0.179 Thread 0x0000000002822800 Exception <a 'sun/nio/fs/WindowsException'> (0x000000076b5f6668) thrown at [C:\jenkins\workspace\8-2-build-windows-amd64-cygwin\jdk8u251\737\hotspot\src\share\vm\prims\jni.cpp, line 710]
Event: 0.179 Thread 0x0000000002822800 Exception <a 'sun/nio/fs/WindowsException'> (0x000000076b5f6da0) thrown at [C:\jenkins\workspace\8-2-build-windows-amd64-cygwin\jdk8u251\737\hotspot\src\share\vm\prims\jni.cpp, line 710]
Event: 0.601 Thread 0x0000000002822800 Exception <a 'sun/nio/fs/WindowsException'> (0x000000076b6aed70) thrown at [C:\jenkins\workspace\8-2-build-windows-amd64-cygwin\jdk8u251\737\hotspot\src\share\vm\prims\jni.cpp, line 710]
Event: 0.601 Thread 0x0000000002822800 Exception <a 'sun/nio/fs/WindowsException'> (0x000000076b6af508) thrown at [C:\jenkins\workspace\8-2-build-windows-amd64-cygwin\jdk8u251\737\hotspot\src\share\vm\prims\jni.cpp, line 710]
Event: 0.602 Thread 0x0000000002822800 Exception <a 'sun/nio/fs/WindowsException'> (0x000000076b6ba8d0) thrown at [C:\jenkins\workspace\8-2-build-windows-amd64-cygwin\jdk8u251\737\hotspot\src\share\vm\prims\jni.cpp, line 710]
Event: 0.603 Thread 0x0000000002822800 Exception <a 'sun/nio/fs/WindowsException'> (0x000000076b6baf20) thrown at [C:\jenkins\workspace\8-2-build-windows-amd64-cygwin\jdk8u251\737\hotspot\src\share\vm\prims\jni.cpp, line 710]
Event: 0.815 Thread 0x0000000002822800 Exception <a 'sun/nio/fs/WindowsException'> (0x000000076c0dd628) thrown at [C:\jenkins\workspace\8-2-build-windows-amd64-cygwin\jdk8u251\737\hotspot\src\share\vm\prims\jni.cpp, line 710]
Event: 0.815 Thread 0x0000000002822800 Exception <a 'sun/nio/fs/WindowsException'> (0x000000076c0ddd88) thrown at [C:\jenkins\workspace\8-2-build-windows-amd64-cygwin\jdk8u251\737\hotspot\src\share\vm\prims\jni.cpp, line 710]

Events (10 events):
Event: 0.809 loading class org/lwjgl/stb/LibSTB
Event: 0.809 loading class org/lwjgl/stb/LibSTB done
Event: 0.816 loading class org/lwjgl/stb/STBTruetype
Event: 0.816 loading class org/lwjgl/stb/STBTruetype done
Event: 0.817 loading class org/lwjgl/stb/STBTTVertex$Buffer
Event: 0.817 loading class org/lwjgl/stb/STBTTVertex$Buffer done
Event: 0.817 loading class org/lwjgl/stb/STBTTPackedchar$Buffer
Event: 0.817 loading class org/lwjgl/stb/STBTTPackedchar$Buffer done
Event: 0.818 loading class org/lwjgl/stb/STBTTBakedChar$Buffer
Event: 0.818 loading class org/lwjgl/stb/STBTTBakedChar$Buffer done


Dynamic libraries:
0x00007ff7aeea0000 - 0x00007ff7aeed7000 	C:\Program Files\Java\jre1.8.0_251\bin\javaw.exe
0x00007ffe3f7e0000 - 0x00007ffe3f9d0000 	C:\Windows\SYSTEM32\ntdll.dll
0x00007ffe3e170000 - 0x00007ffe3e222000 	C:\Windows\System32\KERNEL32.DLL
0x00007ffe3d5e0000 - 0x00007ffe3d885000 	C:\Windows\System32\KERNELBASE.dll
0x00007ffe3e050000 - 0x00007ffe3e0f3000 	C:\Windows\System32\ADVAPI32.dll
0x00007ffe3ebd0000 - 0x00007ffe3ec6e000 	C:\Windows\System32\msvcrt.dll
0x00007ffe3f680000 - 0x00007ffe3f717000 	C:\Windows\System32\sechost.dll
0x00007ffe3f500000 - 0x00007ffe3f620000 	C:\Windows\System32\RPCRT4.dll
0x00007ffe3de80000 - 0x00007ffe3e014000 	C:\Windows\System32\USER32.dll
0x00007ffe3d500000 - 0x00007ffe3d521000 	C:\Windows\System32\win32u.dll
0x00007ffe3de50000 - 0x00007ffe3de76000 	C:\Windows\System32\GDI32.dll
0x00007ffe3cfa0000 - 0x00007ffe3d136000 	C:\Windows\System32\gdi32full.dll
0x00007ffe3cf00000 - 0x00007ffe3cf9e000 	C:\Windows\System32\msvcp_win.dll
0x00007ffe3d350000 - 0x00007ffe3d44a000 	C:\Windows\System32\ucrtbase.dll
0x00007ffe3bb10000 - 0x00007ffe3bd94000 	C:\Windows\WinSxS\amd64_microsoft.windows.common-controls_6595b64144ccf1df_6.0.18362.1256_none_9e7e379be45e40e2\COMCTL32.dll
0x00007ffe3f0f0000 - 0x00007ffe3f426000 	C:\Windows\System32\combase.dll
0x00007ffe3d290000 - 0x00007ffe3d311000 	C:\Windows\System32\bcryptPrimitives.dll
0x00007ffe3e020000 - 0x00007ffe3e04e000 	C:\Windows\System32\IMM32.DLL
0x0000000074a00000 - 0x0000000074ad2000 	C:\Program Files\Java\jre1.8.0_251\bin\msvcr100.dll
0x0000000074bc0000 - 0x000000007546b000 	C:\Program Files\Java\jre1.8.0_251\bin\server\jvm.dll
0x00007ffe3eef0000 - 0x00007ffe3eef8000 	C:\Windows\System32\PSAPI.DLL
0x00007ffe3a3c0000 - 0x00007ffe3a3c9000 	C:\Windows\SYSTEM32\WSOCK32.dll
0x00007ffe39920000 - 0x00007ffe39944000 	C:\Windows\SYSTEM32\WINMM.dll
0x00007ffe3a300000 - 0x00007ffe3a30a000 	C:\Windows\SYSTEM32\VERSION.dll
0x00007ffe3e100000 - 0x00007ffe3e16f000 	C:\Windows\System32\WS2_32.dll
0x00007ffe398f0000 - 0x00007ffe3991d000 	C:\Windows\SYSTEM32\WINMMBASE.dll
0x00007ffe3d4b0000 - 0x00007ffe3d4fa000 	C:\Windows\System32\cfgmgr32.dll
0x00007ffe3a3f0000 - 0x00007ffe3a3ff000 	C:\Program Files\Java\jre1.8.0_251\bin\verify.dll
0x00007ffe22c00000 - 0x00007ffe22c29000 	C:\Program Files\Java\jre1.8.0_251\bin\java.dll
0x00007ffe35410000 - 0x00007ffe35426000 	C:\Program Files\Java\jre1.8.0_251\bin\zip.dll
0x00007ffe3e4e0000 - 0x00007ffe3ebc7000 	C:\Windows\System32\SHELL32.dll
0x00007ffe3ee20000 - 0x00007ffe3eec9000 	C:\Windows\System32\shcore.dll
0x00007ffe3c770000 - 0x00007ffe3cef1000 	C:\Windows\System32\windows.storage.dll
0x00007ffe3c690000 - 0x00007ffe3c6b3000 	C:\Windows\System32\profapi.dll
0x00007ffe3c700000 - 0x00007ffe3c74a000 	C:\Windows\System32\powrprof.dll
0x00007ffe3c680000 - 0x00007ffe3c690000 	C:\Windows\System32\UMPDC.dll
0x00007ffe3d890000 - 0x00007ffe3d8e2000 	C:\Windows\System32\shlwapi.dll
0x00007ffe3c6c0000 - 0x00007ffe3c6d1000 	C:\Windows\System32\kernel.appcore.dll
0x00007ffe3c750000 - 0x00007ffe3c767000 	C:\Windows\System32\cryptsp.dll
0x00007ffe34120000 - 0x00007ffe3413a000 	C:\Program Files\Java\jre1.8.0_251\bin\net.dll
0x00007ffe3b980000 - 0x00007ffe3b9e7000 	C:\Windows\system32\mswsock.dll
0x00007ffe33870000 - 0x00007ffe33882000 	C:\Program Files\Java\jre1.8.0_251\bin\nio.dll
0x00007ffe0d4b0000 - 0x00007ffe0d514000 	C:\Users\Hanzen Shou\AppData\Local\Temp\lwjglHanzen Shou\3.2.3-build-13\lwjgl.dll
0x00007ffe0cba0000 - 0x00007ffe0cc02000 	C:\Users\HANZEN~1\AppData\Local\Temp\lwjglHanzen Shou\3.2.3-build-13\glfw.dll
0x00007ffe39ca0000 - 0x00007ffe39d39000 	C:\Windows\system32\uxtheme.dll
0x00007ffe117c0000 - 0x00007ffe11803000 	C:\Windows\SYSTEM32\dinput8.dll
0x00007ffe12c20000 - 0x00007ffe12c31000 	C:\Windows\SYSTEM32\xinput1_4.dll
0x00007ffe3c410000 - 0x00007ffe3c43a000 	C:\Windows\SYSTEM32\DEVOBJ.dll
0x00007ffe3a100000 - 0x00007ffe3a12d000 	C:\Windows\SYSTEM32\dwmapi.dll
0x00007ffe32ea0000 - 0x00007ffe32fbb000 	C:\Windows\SYSTEM32\inputhost.dll
0x00007ffe39450000 - 0x00007ffe39524000 	C:\Windows\SYSTEM32\CoreMessaging.dll
0x00007ffe38120000 - 0x00007ffe38210000 	C:\Windows\SYSTEM32\PROPSYS.dll
0x00007ffe376d0000 - 0x00007ffe37823000 	C:\Windows\SYSTEM32\wintypes.dll
0x00007ffe370f0000 - 0x00007ffe3741a000 	C:\Windows\SYSTEM32\CoreUIComponents.dll
0x00007ffe3ef00000 - 0x00007ffe3efc5000 	C:\Windows\System32\OLEAUT32.dll
0x00007ffe3c3d0000 - 0x00007ffe3c401000 	C:\Windows\SYSTEM32\ntmarta.dll
0x00007ffe3e230000 - 0x00007ffe3e365000 	C:\Windows\System32\MSCTF.dll
0x00007ffe3abf0000 - 0x00007ffe3abfe000 	C:\Windows\SYSTEM32\HID.DLL
0x00007ffe3d980000 - 0x00007ffe3ddf0000 	C:\Windows\System32\SETUPAPI.DLL
0x00007ffe3d320000 - 0x00007ffe3d346000 	C:\Windows\System32\bcrypt.dll
0x00007ffe3d450000 - 0x00007ffe3d4ac000 	C:\Windows\System32\WINTRUST.dll
0x00007ffe3c6e0000 - 0x00007ffe3c6f2000 	C:\Windows\System32\MSASN1.dll
0x00007ffe3d140000 - 0x00007ffe3d289000 	C:\Windows\System32\CRYPT32.dll
0x00007ffe0c3f0000 - 0x00007ffe0c546000 	C:\Windows\SYSTEM32\opengl32.dll
0x00007ffe25570000 - 0x00007ffe2559c000 	C:\Windows\SYSTEM32\GLU32.dll
0x00007ffe3ac50000 - 0x00007ffe3ac70000 	C:\Windows\SYSTEM32\dxcore.dll
0x00007ffe123d0000 - 0x00007ffe123f8000 	C:\Windows\System32\DriverStore\FileRepository\u0347173.inf_amd64_278cfea1d12001d0\B346462\atig6pxx.dll
0x00007ffdd3f20000 - 0x00007ffdd6fb3000 	C:\Windows\System32\DriverStore\FileRepository\u0347173.inf_amd64_278cfea1d12001d0\B346462\atio6axx.dll
0x00007ffe3e370000 - 0x00007ffe3e4c7000 	C:\Windows\System32\ole32.dll
0x00007ffe12150000 - 0x00007ffe12173000 	C:\Windows\SYSTEM32\dxva2.dll
0x00007ffe0d880000 - 0x00007ffe0d8ba000 	C:\Windows\System32\DriverStore\FileRepository\u0347173.inf_amd64_278cfea1d12001d0\B346462\atig6txx.dll
0x00007ffde3530000 - 0x00007ffde36da000 	C:\Windows\SYSTEM32\atiadlxx.dll
0x00007ffe34e10000 - 0x00007ffe34eae000 	C:\Windows\System32\TextInputFramework.dll
0x00007ffe30ef0000 - 0x00007ffe31197000 	C:\Windows\System32\iertutil.dll
0x00007ffe32190000 - 0x00007ffe321f5000 	C:\Windows\system32\Oleacc.dll
0x00007ffe0aaa0000 - 0x00007ffe0aaf9000 	C:\Users\Hanzen Shou\AppData\Local\Temp\lwjglHanzen Shou\3.2.3-build-13\lwjgl_opengl.dll
0x00007ffe001d0000 - 0x00007ffe00247000 	C:\Users\Hanzen Shou\AppData\Local\Temp\lwjglHanzen Shou\3.2.3-build-13\lwjgl_stb.dll
0x00007ffe3bec0000 - 0x00007ffe3c0b4000 	C:\Windows\SYSTEM32\dbghelp.dll

VM Arguments:
jvm_args: -Dvisualvm.id=1553115257022000 -Dfile.encoding=Cp1252 
java_command: GameController.Main
java_class_path (initial): C:\Users\Hanzen Shou\Documents\GitBash\GameDev\Game\target\classes;C:\Users\Hanzen Shou\Documents\GitBash\GameDev\usedlibraries\jwjgl\lwjgl.jar;C:\Users\Hanzen Shou\Documents\GitBash\GameDev\usedlibraries\jwjgl\lwjgl-glfw.jar;C:\Users\Hanzen Shou\Documents\GitBash\GameDev\usedlibraries\jwjgl\lwjgl-glfw-javadoc.jar;C:\Users\Hanzen Shou\Documents\GitBash\GameDev\usedlibraries\jwjgl\lwjgl-glfw-natives-linux.jar;C:\Users\Hanzen Shou\Documents\GitBash\GameDev\usedlibraries\jwjgl\lwjgl-glfw-natives-linux-arm32.jar;C:\Users\Hanzen Shou\Documents\GitBash\GameDev\usedlibraries\jwjgl\lwjgl-glfw-natives-linux-arm64.jar;C:\Users\Hanzen Shou\Documents\GitBash\GameDev\usedlibraries\jwjgl\lwjgl-glfw-natives-macos.jar;C:\Users\Hanzen Shou\Documents\GitBash\GameDev\usedlibraries\jwjgl\lwjgl-glfw-natives-windows.jar;C:\Users\Hanzen Shou\Documents\GitBash\GameDev\usedlibraries\jwjgl\lwjgl-glfw-natives-windows-x86.jar;C:\Users\Hanzen Shou\Documents\GitBash\GameDev\usedlibraries\jwjgl\lwjgl-glfw-sources.jar;C:\Users\Hanzen Shou\Documents\GitBash\GameDev\usedlibraries\jwjgl\lwjgl-javadoc.jar;C:\Users\Hanzen Shou\Documents\GitBash\GameDev\usedlibraries\jwjgl\lwjgl-natives-linux.jar;C:\Users\Hanzen Shou\Documents\GitBash\GameDev\usedlibraries\jwjgl\lwjgl-natives-linux-arm32.jar;C:\Users\Hanzen Shou\Documents\GitBash\GameDev\usedlibraries\jwjgl\lwjgl-natives-linux-arm64.jar;C:\Users\Hanzen Shou\Documents\GitBash\GameDev\usedlibraries\jwjgl\lwjgl-natives-macos.jar;C:\Users\Hanzen Shou\Documents\GitBash\GameDev\usedlibraries\jwjgl\lwjgl-natives-windows.jar;C:\Users\Hanzen Shou\Documents\GitBash\GameDev\usedlibraries\jwjgl\lwjgl-natives-windows-x86.jar;C:\Users\Hanzen Shou\Documents\GitBash\GameDev\usedlibraries\jwjgl\lwjgl-opengl.jar;C:\Users\Hanzen Shou\Documents\GitBash\GameDev\usedlibraries\jwjgl\lwjgl-opengl-javadoc.jar;C:\Users\Hanzen Shou\Documents\GitBash\GameDev\usedlibraries\jwjgl\lwjgl-opengl-natives-linux.jar;C:\Users\Hanzen Shou\Documents\GitBash\GameD
Launcher Type: SUN_STANDARD

Environment Variables:
PATH=C:/Program Files/Java/jre1.8.0_251/bin/server;C:/Program Files/Java/jre1.8.0_251/bin;C:/Program Files/Java/jre1.8.0_251/lib/amd64;C:\Program Files (x86)\Common Files\Oracle\Java\javapath;C:\Windows\system32;C:\Windows;C:\Windows\System32\Wbem;C:\Windows\System32\WindowsPowerShell\v1.0\;C:\Windows\System32\OpenSSH\;C:\Program Files\nodejs\;C:\Program Files (x86)\Vim\vim82\;C:\Program Files\Sublime Text 3\;C:\Program Files\Git\cmd;C:\Program Files\PuTTY\;C:\Users\Hanzen Shou\AppData\Local\Programs\Python\Python35\Scripts\;C:\Users\Hanzen Shou\AppData\Local\Programs\Python\Python35\;C:\Users\Hanzen Shou\AppData\Local\Microsoft\WindowsApps;C:\Users\Hanzen Shou\AppData\Roaming\npm;C:\Users\Hanzen Shou\AppData\Local\GitHubDesktop\bin;C:\Users\Hanzen Shou\AppData\Local\atom\bin;C:\Users\Hanzen Shou\Desktop\Programming\AudioRepeater;C:\Users\Hanzen Shou\Desktop\Programming\Eclipse\Exports\password;;C:\Windows\System32;
USERNAME=Hanzen Shou
OS=Windows_NT
PROCESSOR_IDENTIFIER=AMD64 Family 23 Model 113 Stepping 0, AuthenticAMD



---------------  S Y S T E M  ---------------

OS: Windows 10.0 , 64 bit Build 18362 (10.0.18362.1110)

CPU:total 12 (initial active 12) (12 cores per cpu, 1 threads per core) family 23 model 113 stepping 0, cmov, cx8, fxsr, mmx, sse, sse2, sse3, ssse3, sse4.1, sse4.2, popcnt, avx, avx2, aes, clmul, mmxext, 3dnowpref, lzcnt, sse4a, tsc, tscinvbit, tscinv, bmi1

Memory: 4k page, physical 16727040k(7835920k free), swap 19217408k(3058204k free)

vm_info: Java HotSpot(TM) 64-Bit Server VM (25.251-b08) for windows-amd64 JRE (1.8.0_251-b08), built on Mar 12 2020 06:31:49 by "" with MS VC++ 10.0 (VS2010)

time: Tue Jan 05 00:30:20 2021
timezone: Pacific Standard Time
elapsed time: 0 seconds (0d 0h 0m 0s)

