#
# A fatal error has been detected by the Java Runtime Environment:
#
#  EXCEPTION_ACCESS_VIOLATION (0xc0000005) at pc=0x00007ffdd7f9198c, pid=45956, tid=0x000000000000c3e4
#
# JRE version: Java(TM) SE Runtime Environment (8.0_251-b08) (build 1.8.0_251-b08)
# Java VM: Java HotSpot(TM) 64-Bit Server VM (25.251-b08 mixed mode windows-amd64 compressed oops)
# Problematic frame:
# C  [atio6axx.dll+0x1bb198c]
#
# Failed to write core dump. Minidumps are not enabled by default on client versions of Windows
#
# If you would like to submit a bug report, please visit:
#   http://bugreport.java.com/bugreport/crash.jsp
# The crash happened outside the Java Virtual Machine in native code.
# See problematic frame for where to report the bug.
#

---------------  T H R E A D  ---------------

Current thread (0x0000000002732800):  JavaThread "main" [_thread_in_native, id=50148, stack(0x0000000002630000,0x0000000002730000)]

siginfo: ExceptionCode=0xc0000005, reading address 0x000000002b8d5000

Registers:
RAX=0x000000002bb1da80, RBX=0x0000000023fcd5c0, RCX=0x000000002c8b1fd0, RDX=0xffffffffff023040
RSP=0x000000000272e518, RBP=0x00000000009614c8, RSI=0x00000000009614c8, RDI=0x000000000030da00
R8 =0x000000000030d9f0, R9 =0x0000000000004914, R10=0x000000002b810080, R11=0x000000002c7ed040
R12=0x000000000272e690, R13=0x000000002b810080, R14=0x0000000000000d00, R15=0x0000000000000d00
RIP=0x00007ffdd7f9198c, EFLAGS=0x0000000000010206

Top of Stack: (sp=0x000000000272e518)
0x000000000272e518:   00007ffdd77d2ae0 0000000000000002
0x000000000272e528:   0000000000b212c0 0000000000000000
0x000000000272e538:   0000000000b20000 0000000023a95210
0x000000000272e548:   00007ffdd8b6cec8 0000000000000854
0x000000000272e558:   0000000000b20cc0 0000000023d09fd0
0x000000000272e568:   0000000000000340 0000000000000000
0x000000000272e578:   00000000000003c2 0000000023d09fd0
0x000000000272e588:   0000000023a99d40 000000000272e720
0x000000000272e598:   00007ffdd77d2ca2 0000000000000001
0x000000000272e5a8:   0000000023a99d40 000000000272e830
0x000000000272e5b8:   0000000700000000 0000000000000001
0x000000000272e5c8:   00007ffd00000000 0000000000000036
0x000000000272e5d8:   0000000000000000 000000002b810080
0x000000000272e5e8:   0000000000000001 0000000023a99d00
0x000000000272e5f8:   0000000000000000 0000000000000d00
0x000000000272e608:   0000000000000000 0000000000000000 

Instructions: (pc=0x00007ffdd7f9198c)
0x00007ffdd7f9196c:   b0 0f 10 44 11 c0 0f 10 4c 11 d0 0f 18 84 11 40
0x00007ffdd7f9197c:   02 00 00 0f 2b 41 c0 0f 2b 49 d0 0f 10 44 11 e0
0x00007ffdd7f9198c:   0f 10 4c 11 f0 75 9d 0f ae f8 e9 28 ff ff ff 0f
0x00007ffdd7f9199c:   1f 44 00 00 49 03 c8 0f 10 44 11 f0 48 83 e9 10 


Register to memory mapping:

RAX=0x000000002bb1da80 is an unknown value
RBX=0x0000000023fcd5c0 is an unknown value
RCX=0x000000002c8b1fd0 is an unknown value
RDX=0xffffffffff023040 is an unknown value
RSP=0x000000000272e518 is pointing into the stack for thread: 0x0000000002732800
RBP=0x00000000009614c8 is an unknown value
RSI=0x00000000009614c8 is an unknown value
RDI=0x000000000030da00 is an unknown value
R8 =0x000000000030d9f0 is an unknown value
R9 =0x0000000000004914 is an unknown value
R10=0x000000002b810080 is an unknown value
R11=0x000000002c7ed040 is an unknown value
R12=0x000000000272e690 is pointing into the stack for thread: 0x0000000002732800
R13=0x000000002b810080 is an unknown value
R14=0x0000000000000d00 is an unknown value
R15=0x0000000000000d00 is an unknown value


Stack: [0x0000000002630000,0x0000000002730000],  sp=0x000000000272e518,  free space=1017k
Native frames: (J=compiled Java code, j=interpreted, Vv=VM code, C=native code)
C  [atio6axx.dll+0x1bb198c]
C  [atio6axx.dll+0x13f2ae0]
C  [atio6axx.dll+0x13f2ca2]
C  [atio6axx.dll+0x13740a1]
C  [atio6axx.dll+0x134e77f]
C  [atio6axx.dll+0x8705c8]
C  [atio6axx.dll+0xd4e406]
C  [opengl32.dll+0x302f4]
C  [lwjgl_opengl.dll+0xcab5]
C  0x0000000002848627

Java frames: (J=compiled Java code, j=interpreted, Vv=VM code)
j  org.lwjgl.opengl.GL11C.nglTexImage2D(IIIIIIIIJ)V+0
j  org.lwjgl.opengl.GL11C.glTexImage2D(IIIIIIIILjava/nio/ByteBuffer;)V+17
j  org.lwjgl.opengl.GL11.glTexImage2D(IIIIIIIILjava/nio/ByteBuffer;)V+14
j  Graphics.Elements.Texture.genThisTex(Ljava/nio/ByteBuffer;)V+92
j  Graphics.Elements.Texture.<init>(Ljava/nio/ByteBuffer;II)V+16
j  Graphics.Elements.Font.<init>(Ljava/lang/String;)V+253
j  Graphics.Elements.Text.init()V+6
j  Graphics.Drawer.initGraphics()V+44
j  GameController.GameManager.init()V+19
j  GameController.GameManager.<init>()V+5
j  GameController.Main.main([Ljava/lang/String;)V+3
v  ~StubRoutines::call_stub

---------------  P R O C E S S  ---------------

Java Threads: ( => current thread )
  0x000000001dccd000 JavaThread "Service Thread" daemon [_thread_blocked, id=59116, stack(0x000000001f680000,0x000000001f780000)]
  0x000000001dc42000 JavaThread "C1 CompilerThread3" daemon [_thread_blocked, id=8244, stack(0x000000001f580000,0x000000001f680000)]
  0x000000001dc41800 JavaThread "C2 CompilerThread2" daemon [_thread_blocked, id=52400, stack(0x000000001f480000,0x000000001f580000)]
  0x000000001dc3b800 JavaThread "C2 CompilerThread1" daemon [_thread_blocked, id=56216, stack(0x000000001f380000,0x000000001f480000)]
  0x000000001dc34000 JavaThread "C2 CompilerThread0" daemon [_thread_blocked, id=58172, stack(0x000000001f280000,0x000000001f380000)]
  0x000000001dc2e800 JavaThread "Attach Listener" daemon [_thread_blocked, id=55432, stack(0x000000001f180000,0x000000001f280000)]
  0x000000001dc2c000 JavaThread "Signal Dispatcher" daemon [_thread_blocked, id=57336, stack(0x000000001f080000,0x000000001f180000)]
  0x000000001dc23000 JavaThread "Finalizer" daemon [_thread_blocked, id=54072, stack(0x000000001ee80000,0x000000001ef80000)]
  0x000000000282b000 JavaThread "Reference Handler" daemon [_thread_blocked, id=17152, stack(0x000000001ed80000,0x000000001ee80000)]
=>0x0000000002732800 JavaThread "main" [_thread_in_native, id=50148, stack(0x0000000002630000,0x0000000002730000)]

Other Threads:
  0x000000001c526800 VMThread [stack: 0x000000001ec80000,0x000000001ed80000] [id=48272]
  0x000000001dceb800 WatcherThread [stack: 0x000000001f780000,0x000000001f880000] [id=47292]

VM state:not at safepoint (normal execution)

VM Mutex/Monitor currently owned by a thread: None

heap address: 0x00000006c0c00000, size: 4084 MB, Compressed Oops mode: Zero based, Oop shift amount: 3
Narrow klass base: 0x0000000000000000, Narrow klass shift: 3
Compressed class space size: 1073741824 Address: 0x00000007c0000000

Heap:
 PSYoungGen      total 76288K, used 19592K [0x000000076af00000, 0x0000000770400000, 0x00000007c0000000)
  eden space 65536K, 29% used [0x000000076af00000,0x000000076c222260,0x000000076ef00000)
  from space 10752K, 0% used [0x000000076f980000,0x000000076f980000,0x0000000770400000)
  to   space 10752K, 0% used [0x000000076ef00000,0x000000076ef00000,0x000000076f980000)
 ParOldGen       total 175104K, used 0K [0x00000006c0c00000, 0x00000006cb700000, 0x000000076af00000)
  object space 175104K, 0% used [0x00000006c0c00000,0x00000006c0c00000,0x00000006cb700000)
 Metaspace       used 9078K, capacity 9267K, committed 9600K, reserved 1058816K
  class space    used 741K, capacity 844K, committed 896K, reserved 1048576K

Card table byte_map: [0x0000000011bf0000,0x00000000123f0000] byte_map_base: 0x000000000e5ea000

Marking Bits: (ParMarkBitMap*) 0x00000000753eaf90
 Begin Bits: [0x0000000013350000, 0x0000000017320000)
 End Bits:   [0x0000000017320000, 0x000000001b2f0000)

Polling page: 0x0000000000d10000

CodeCache: size=245760Kb used=2881Kb max_used=2881Kb free=242878Kb
 bounds [0x0000000002830000, 0x0000000002b10000, 0x0000000011830000]
 total_blobs=1550 nmethods=642 adapters=822
 compilation: enabled

Compilation events (10 events):
Event: 0.816 Thread 0x000000001dc42000  638       3       java.lang.System$2::blockedOn (6 bytes)
Event: 0.816 Thread 0x000000001dc42000 nmethod 638 0x0000000002af7f10 code [0x0000000002af8080, 0x0000000002af8470]
Event: 0.816 Thread 0x000000001dc42000  639   !   3       java.lang.Thread::blockedOn (23 bytes)
Event: 0.816 Thread 0x000000001dc42000 nmethod 639 0x0000000002af85d0 code [0x0000000002af8740, 0x0000000002af8a50]
Event: 0.819 Thread 0x000000001dc42000  640       3       sun.net.www.protocol.jar.Handler::parseURL (223 bytes)
Event: 0.820 Thread 0x000000001dc42000 nmethod 640 0x0000000002afaad0 code [0x0000000002afadc0, 0x0000000002afc4e8]
Event: 0.820 Thread 0x000000001dc42000  641       3       sun.net.www.protocol.jar.Handler::indexOfBangSlash (52 bytes)
Event: 0.820 Thread 0x000000001dc42000 nmethod 641 0x0000000002b003d0 code [0x0000000002b00580, 0x0000000002b00c78]
Event: 0.820 Thread 0x000000001dc42000  642       3       sun.net.www.ParseUtil::<init> (5 bytes)
Event: 0.820 Thread 0x000000001dc42000 nmethod 642 0x0000000002b00ed0 code [0x0000000002b01020, 0x0000000002b011d0]

GC Heap History (0 events):
No events

Deoptimization events (1 events):
Event: 0.131 Thread 0x0000000002732800 Uncommon trap: reason=unstable_if action=reinterpret pc=0x00000000029d639c method=java.lang.String.indexOf([CII[CIII)I @ 134

Classes redefined (0 events):
No events

Internal exceptions (10 events):
Event: 0.164 Thread 0x0000000002732800 Exception <a 'sun/nio/fs/WindowsException'> (0x000000076b536d10) thrown at [C:\jenkins\workspace\8-2-build-windows-amd64-cygwin\jdk8u251\737\hotspot\src\share\vm\prims\jni.cpp, line 710]
Event: 0.164 Thread 0x0000000002732800 Exception <a 'sun/nio/fs/WindowsException'> (0x000000076b537610) thrown at [C:\jenkins\workspace\8-2-build-windows-amd64-cygwin\jdk8u251\737\hotspot\src\share\vm\prims\jni.cpp, line 710]
Event: 0.183 Thread 0x0000000002732800 Exception <a 'sun/nio/fs/WindowsException'> (0x000000076b5f6668) thrown at [C:\jenkins\workspace\8-2-build-windows-amd64-cygwin\jdk8u251\737\hotspot\src\share\vm\prims\jni.cpp, line 710]
Event: 0.183 Thread 0x0000000002732800 Exception <a 'sun/nio/fs/WindowsException'> (0x000000076b5f6da0) thrown at [C:\jenkins\workspace\8-2-build-windows-amd64-cygwin\jdk8u251\737\hotspot\src\share\vm\prims\jni.cpp, line 710]
Event: 0.599 Thread 0x0000000002732800 Exception <a 'sun/nio/fs/WindowsException'> (0x000000076b6aed70) thrown at [C:\jenkins\workspace\8-2-build-windows-amd64-cygwin\jdk8u251\737\hotspot\src\share\vm\prims\jni.cpp, line 710]
Event: 0.599 Thread 0x0000000002732800 Exception <a 'sun/nio/fs/WindowsException'> (0x000000076b6af508) thrown at [C:\jenkins\workspace\8-2-build-windows-amd64-cygwin\jdk8u251\737\hotspot\src\share\vm\prims\jni.cpp, line 710]
Event: 0.601 Thread 0x0000000002732800 Exception <a 'sun/nio/fs/WindowsException'> (0x000000076b6ba8d0) thrown at [C:\jenkins\workspace\8-2-build-windows-amd64-cygwin\jdk8u251\737\hotspot\src\share\vm\prims\jni.cpp, line 710]
Event: 0.601 Thread 0x0000000002732800 Exception <a 'sun/nio/fs/WindowsException'> (0x000000076b6baf20) thrown at [C:\jenkins\workspace\8-2-build-windows-amd64-cygwin\jdk8u251\737\hotspot\src\share\vm\prims\jni.cpp, line 710]
Event: 0.816 Thread 0x0000000002732800 Exception <a 'sun/nio/fs/WindowsException'> (0x000000076c0dd470) thrown at [C:\jenkins\workspace\8-2-build-windows-amd64-cygwin\jdk8u251\737\hotspot\src\share\vm\prims\jni.cpp, line 710]
Event: 0.816 Thread 0x0000000002732800 Exception <a 'sun/nio/fs/WindowsException'> (0x000000076c0ddbd0) thrown at [C:\jenkins\workspace\8-2-build-windows-amd64-cygwin\jdk8u251\737\hotspot\src\share\vm\prims\jni.cpp, line 710]

Events (10 events):
Event: 0.810 loading class org/lwjgl/stb/LibSTB
Event: 0.810 loading class org/lwjgl/stb/LibSTB done
Event: 0.818 loading class org/lwjgl/stb/STBTruetype
Event: 0.818 loading class org/lwjgl/stb/STBTruetype done
Event: 0.819 loading class org/lwjgl/stb/STBTTVertex$Buffer
Event: 0.819 loading class org/lwjgl/stb/STBTTVertex$Buffer done
Event: 0.819 loading class org/lwjgl/stb/STBTTBakedChar$Buffer
Event: 0.819 loading class org/lwjgl/stb/STBTTBakedChar$Buffer done
Event: 0.820 loading class org/lwjgl/stb/STBTTPackedchar$Buffer
Event: 0.820 loading class org/lwjgl/stb/STBTTPackedchar$Buffer done


Dynamic libraries:
0x00007ff7aeea0000 - 0x00007ff7aeed7000 	C:\Program Files\Java\jre1.8.0_251\bin\javaw.exe
0x00007ffe3f7e0000 - 0x00007ffe3f9d0000 	C:\Windows\SYSTEM32\ntdll.dll
0x00007ffe3e170000 - 0x00007ffe3e222000 	C:\Windows\System32\KERNEL32.DLL
0x00007ffe3d5e0000 - 0x00007ffe3d885000 	C:\Windows\System32\KERNELBASE.dll
0x00007ffe3e050000 - 0x00007ffe3e0f3000 	C:\Windows\System32\ADVAPI32.dll
0x00007ffe3ebd0000 - 0x00007ffe3ec6e000 	C:\Windows\System32\msvcrt.dll
0x00007ffe3f680000 - 0x00007ffe3f717000 	C:\Windows\System32\sechost.dll
0x00007ffe3f500000 - 0x00007ffe3f620000 	C:\Windows\System32\RPCRT4.dll
0x00007ffe3de80000 - 0x00007ffe3e014000 	C:\Windows\System32\USER32.dll
0x00007ffe3d500000 - 0x00007ffe3d521000 	C:\Windows\System32\win32u.dll
0x00007ffe3de50000 - 0x00007ffe3de76000 	C:\Windows\System32\GDI32.dll
0x00007ffe3cfa0000 - 0x00007ffe3d136000 	C:\Windows\System32\gdi32full.dll
0x00007ffe3cf00000 - 0x00007ffe3cf9e000 	C:\Windows\System32\msvcp_win.dll
0x00007ffe3d350000 - 0x00007ffe3d44a000 	C:\Windows\System32\ucrtbase.dll
0x00007ffe3bb10000 - 0x00007ffe3bd94000 	C:\Windows\WinSxS\amd64_microsoft.windows.common-controls_6595b64144ccf1df_6.0.18362.1256_none_9e7e379be45e40e2\COMCTL32.dll
0x00007ffe3f0f0000 - 0x00007ffe3f426000 	C:\Windows\System32\combase.dll
0x00007ffe3d290000 - 0x00007ffe3d311000 	C:\Windows\System32\bcryptPrimitives.dll
0x00007ffe3e020000 - 0x00007ffe3e04e000 	C:\Windows\System32\IMM32.DLL
0x0000000074a00000 - 0x0000000074ad2000 	C:\Program Files\Java\jre1.8.0_251\bin\msvcr100.dll
0x0000000074bc0000 - 0x000000007546b000 	C:\Program Files\Java\jre1.8.0_251\bin\server\jvm.dll
0x00007ffe3eef0000 - 0x00007ffe3eef8000 	C:\Windows\System32\PSAPI.DLL
0x00007ffe3a3c0000 - 0x00007ffe3a3c9000 	C:\Windows\SYSTEM32\WSOCK32.dll
0x00007ffe3a300000 - 0x00007ffe3a30a000 	C:\Windows\SYSTEM32\VERSION.dll
0x00007ffe39920000 - 0x00007ffe39944000 	C:\Windows\SYSTEM32\WINMM.dll
0x00007ffe3e100000 - 0x00007ffe3e16f000 	C:\Windows\System32\WS2_32.dll
0x00007ffe398f0000 - 0x00007ffe3991d000 	C:\Windows\SYSTEM32\WINMMBASE.dll
0x00007ffe3d4b0000 - 0x00007ffe3d4fa000 	C:\Windows\System32\cfgmgr32.dll
0x00007ffe3a3f0000 - 0x00007ffe3a3ff000 	C:\Program Files\Java\jre1.8.0_251\bin\verify.dll
0x00007ffe22c00000 - 0x00007ffe22c29000 	C:\Program Files\Java\jre1.8.0_251\bin\java.dll
0x00007ffe35410000 - 0x00007ffe35426000 	C:\Program Files\Java\jre1.8.0_251\bin\zip.dll
0x00007ffe3e4e0000 - 0x00007ffe3ebc7000 	C:\Windows\System32\SHELL32.dll
0x00007ffe3ee20000 - 0x00007ffe3eec9000 	C:\Windows\System32\shcore.dll
0x00007ffe3c770000 - 0x00007ffe3cef1000 	C:\Windows\System32\windows.storage.dll
0x00007ffe3c690000 - 0x00007ffe3c6b3000 	C:\Windows\System32\profapi.dll
0x00007ffe3c700000 - 0x00007ffe3c74a000 	C:\Windows\System32\powrprof.dll
0x00007ffe3c680000 - 0x00007ffe3c690000 	C:\Windows\System32\UMPDC.dll
0x00007ffe3d890000 - 0x00007ffe3d8e2000 	C:\Windows\System32\shlwapi.dll
0x00007ffe3c6c0000 - 0x00007ffe3c6d1000 	C:\Windows\System32\kernel.appcore.dll
0x00007ffe3c750000 - 0x00007ffe3c767000 	C:\Windows\System32\cryptsp.dll
0x00007ffe34120000 - 0x00007ffe3413a000 	C:\Program Files\Java\jre1.8.0_251\bin\net.dll
0x00007ffe3b980000 - 0x00007ffe3b9e7000 	C:\Windows\system32\mswsock.dll
0x00007ffe33870000 - 0x00007ffe33882000 	C:\Program Files\Java\jre1.8.0_251\bin\nio.dll
0x00007ffe12bd0000 - 0x00007ffe12c34000 	C:\Users\Hanzen Shou\AppData\Local\Temp\lwjglHanzen Shou\3.2.3-build-13\lwjgl.dll
0x00007ffe0d4b0000 - 0x00007ffe0d512000 	C:\Users\HANZEN~1\AppData\Local\Temp\lwjglHanzen Shou\3.2.3-build-13\glfw.dll
0x00007ffe39ca0000 - 0x00007ffe39d39000 	C:\Windows\system32\uxtheme.dll
0x00007ffe12b80000 - 0x00007ffe12bc3000 	C:\Windows\SYSTEM32\dinput8.dll
0x00007ffe22de0000 - 0x00007ffe22df1000 	C:\Windows\SYSTEM32\xinput1_4.dll
0x00007ffe3c410000 - 0x00007ffe3c43a000 	C:\Windows\SYSTEM32\DEVOBJ.dll
0x00007ffe3a100000 - 0x00007ffe3a12d000 	C:\Windows\SYSTEM32\dwmapi.dll
0x00007ffe32ea0000 - 0x00007ffe32fbb000 	C:\Windows\SYSTEM32\inputhost.dll
0x00007ffe376d0000 - 0x00007ffe37823000 	C:\Windows\SYSTEM32\wintypes.dll
0x00007ffe39450000 - 0x00007ffe39524000 	C:\Windows\SYSTEM32\CoreMessaging.dll
0x00007ffe370f0000 - 0x00007ffe3741a000 	C:\Windows\SYSTEM32\CoreUIComponents.dll
0x00007ffe38120000 - 0x00007ffe38210000 	C:\Windows\SYSTEM32\PROPSYS.dll
0x00007ffe3ef00000 - 0x00007ffe3efc5000 	C:\Windows\System32\OLEAUT32.dll
0x00007ffe3c3d0000 - 0x00007ffe3c401000 	C:\Windows\SYSTEM32\ntmarta.dll
0x00007ffe3e230000 - 0x00007ffe3e365000 	C:\Windows\System32\MSCTF.dll
0x00007ffe3abf0000 - 0x00007ffe3abfe000 	C:\Windows\SYSTEM32\HID.DLL
0x00007ffe3d980000 - 0x00007ffe3ddf0000 	C:\Windows\System32\SETUPAPI.DLL
0x00007ffe3d320000 - 0x00007ffe3d346000 	C:\Windows\System32\bcrypt.dll
0x00007ffe3d450000 - 0x00007ffe3d4ac000 	C:\Windows\System32\WINTRUST.dll
0x00007ffe3c6e0000 - 0x00007ffe3c6f2000 	C:\Windows\System32\MSASN1.dll
0x00007ffe3d140000 - 0x00007ffe3d289000 	C:\Windows\System32\CRYPT32.dll
0x00007ffe0c3f0000 - 0x00007ffe0c546000 	C:\Windows\SYSTEM32\opengl32.dll
0x00007ffe25570000 - 0x00007ffe2559c000 	C:\Windows\SYSTEM32\GLU32.dll
0x00007ffe3ac50000 - 0x00007ffe3ac70000 	C:\Windows\SYSTEM32\dxcore.dll
0x00007ffe123d0000 - 0x00007ffe123f8000 	C:\Windows\System32\DriverStore\FileRepository\u0347173.inf_amd64_278cfea1d12001d0\B346462\atig6pxx.dll
0x00007ffdd63e0000 - 0x00007ffdd9473000 	C:\Windows\System32\DriverStore\FileRepository\u0347173.inf_amd64_278cfea1d12001d0\B346462\atio6axx.dll
0x00007ffe3e370000 - 0x00007ffe3e4c7000 	C:\Windows\System32\ole32.dll
0x00007ffe12150000 - 0x00007ffe12173000 	C:\Windows\SYSTEM32\dxva2.dll
0x00007ffe11fc0000 - 0x00007ffe11ffa000 	C:\Windows\System32\DriverStore\FileRepository\u0347173.inf_amd64_278cfea1d12001d0\B346462\atig6txx.dll
0x00007ffdf6da0000 - 0x00007ffdf6f4a000 	C:\Windows\SYSTEM32\atiadlxx.dll
0x00007ffe34e10000 - 0x00007ffe34eae000 	C:\Windows\System32\TextInputFramework.dll
0x00007ffe30ef0000 - 0x00007ffe31197000 	C:\Windows\System32\iertutil.dll
0x00007ffe32190000 - 0x00007ffe321f5000 	C:\Windows\system32\Oleacc.dll
0x00007ffe0c660000 - 0x00007ffe0c6b9000 	C:\Users\Hanzen Shou\AppData\Local\Temp\lwjglHanzen Shou\3.2.3-build-13\lwjgl_opengl.dll
0x00007ffe0c5e0000 - 0x00007ffe0c657000 	C:\Users\Hanzen Shou\AppData\Local\Temp\lwjglHanzen Shou\3.2.3-build-13\lwjgl_stb.dll
0x00007ffe3bec0000 - 0x00007ffe3c0b4000 	C:\Windows\SYSTEM32\dbghelp.dll

VM Arguments:
jvm_args: -Dvisualvm.id=1552924227233600 -Dfile.encoding=Cp1252 
java_command: GameController.Main
java_class_path (initial): C:\Users\Hanzen Shou\Documents\GitBash\GameDev\Game\target\classes;C:\Users\Hanzen Shou\Documents\GitBash\GameDev\usedlibraries\jwjgl\lwjgl.jar;C:\Users\Hanzen Shou\Documents\GitBash\GameDev\usedlibraries\jwjgl\lwjgl-glfw.jar;C:\Users\Hanzen Shou\Documents\GitBash\GameDev\usedlibraries\jwjgl\lwjgl-glfw-javadoc.jar;C:\Users\Hanzen Shou\Documents\GitBash\GameDev\usedlibraries\jwjgl\lwjgl-glfw-natives-linux.jar;C:\Users\Hanzen Shou\Documents\GitBash\GameDev\usedlibraries\jwjgl\lwjgl-glfw-natives-linux-arm32.jar;C:\Users\Hanzen Shou\Documents\GitBash\GameDev\usedlibraries\jwjgl\lwjgl-glfw-natives-linux-arm64.jar;C:\Users\Hanzen Shou\Documents\GitBash\GameDev\usedlibraries\jwjgl\lwjgl-glfw-natives-macos.jar;C:\Users\Hanzen Shou\Documents\GitBash\GameDev\usedlibraries\jwjgl\lwjgl-glfw-natives-windows.jar;C:\Users\Hanzen Shou\Documents\GitBash\GameDev\usedlibraries\jwjgl\lwjgl-glfw-natives-windows-x86.jar;C:\Users\Hanzen Shou\Documents\GitBash\GameDev\usedlibraries\jwjgl\lwjgl-glfw-sources.jar;C:\Users\Hanzen Shou\Documents\GitBash\GameDev\usedlibraries\jwjgl\lwjgl-javadoc.jar;C:\Users\Hanzen Shou\Documents\GitBash\GameDev\usedlibraries\jwjgl\lwjgl-natives-linux.jar;C:\Users\Hanzen Shou\Documents\GitBash\GameDev\usedlibraries\jwjgl\lwjgl-natives-linux-arm32.jar;C:\Users\Hanzen Shou\Documents\GitBash\GameDev\usedlibraries\jwjgl\lwjgl-natives-linux-arm64.jar;C:\Users\Hanzen Shou\Documents\GitBash\GameDev\usedlibraries\jwjgl\lwjgl-natives-macos.jar;C:\Users\Hanzen Shou\Documents\GitBash\GameDev\usedlibraries\jwjgl\lwjgl-natives-windows.jar;C:\Users\Hanzen Shou\Documents\GitBash\GameDev\usedlibraries\jwjgl\lwjgl-natives-windows-x86.jar;C:\Users\Hanzen Shou\Documents\GitBash\GameDev\usedlibraries\jwjgl\lwjgl-opengl.jar;C:\Users\Hanzen Shou\Documents\GitBash\GameDev\usedlibraries\jwjgl\lwjgl-opengl-javadoc.jar;C:\Users\Hanzen Shou\Documents\GitBash\GameDev\usedlibraries\jwjgl\lwjgl-opengl-natives-linux.jar;C:\Users\Hanzen Shou\Documents\GitBash\GameD
Launcher Type: SUN_STANDARD

Environment Variables:
PATH=C:/Program Files/Java/jre1.8.0_251/bin/server;C:/Program Files/Java/jre1.8.0_251/bin;C:/Program Files/Java/jre1.8.0_251/lib/amd64;C:\Program Files (x86)\Common Files\Oracle\Java\javapath;C:\Windows\system32;C:\Windows;C:\Windows\System32\Wbem;C:\Windows\System32\WindowsPowerShell\v1.0\;C:\Windows\System32\OpenSSH\;C:\Program Files\nodejs\;C:\Program Files (x86)\Vim\vim82\;C:\Program Files\Sublime Text 3\;C:\Program Files\Git\cmd;C:\Program Files\PuTTY\;C:\Users\Hanzen Shou\AppData\Local\Programs\Python\Python35\Scripts\;C:\Users\Hanzen Shou\AppData\Local\Programs\Python\Python35\;C:\Users\Hanzen Shou\AppData\Local\Microsoft\WindowsApps;C:\Users\Hanzen Shou\AppData\Roaming\npm;C:\Users\Hanzen Shou\AppData\Local\GitHubDesktop\bin;C:\Users\Hanzen Shou\AppData\Local\atom\bin;C:\Users\Hanzen Shou\Desktop\Programming\AudioRepeater;C:\Users\Hanzen Shou\Desktop\Programming\Eclipse\Exports\password;;C:\Windows\System32;
USERNAME=Hanzen Shou
OS=Windows_NT
PROCESSOR_IDENTIFIER=AMD64 Family 23 Model 113 Stepping 0, AuthenticAMD



---------------  S Y S T E M  ---------------

OS: Windows 10.0 , 64 bit Build 18362 (10.0.18362.1110)

CPU:total 12 (initial active 12) (12 cores per cpu, 1 threads per core) family 23 model 113 stepping 0, cmov, cx8, fxsr, mmx, sse, sse2, sse3, ssse3, sse4.1, sse4.2, popcnt, avx, avx2, aes, clmul, mmxext, 3dnowpref, lzcnt, sse4a, tsc, tscinvbit, tscinv, bmi1

Memory: 4k page, physical 16727040k(8261204k free), swap 19217408k(3674836k free)

vm_info: Java HotSpot(TM) 64-Bit Server VM (25.251-b08) for windows-amd64 JRE (1.8.0_251-b08), built on Mar 12 2020 06:31:49 by "" with MS VC++ 10.0 (VS2010)

time: Tue Jan 05 00:27:09 2021
timezone: Pacific Standard Time
elapsed time: 0 seconds (0d 0h 0m 0s)

